{"/Users/admin/Cursor/progresshub-correct/backend/src/config/database.ts": {"path":"/Users/admin/Cursor/progresshub-correct/backend/src/config/database.ts","statementMap":{"0":{"start":{"line":1,"column":0},"end":{"line":1,"column":46}},"1":{"start":{"line":3,"column":15},"end":{"line":5,"column":2}},"2":{"start":{"line":8,"column":0},"end":{"line":10,"column":3}},"3":{"start":{"line":9,"column":2},"end":{"line":9,"column":29}},"4":{"start":{"line":12,"column":0},"end":{"line":12,"column":22}}},"fnMap":{"0":{"name":"(anonymous_0)","decl":{"start":{"line":8,"column":25},"end":{"line":8,"column":30}},"loc":{"start":{"line":8,"column":36},"end":{"line":10,"column":1}}}},"branchMap":{"0":{"loc":{"start":{"line":4,"column":7},"end":{"line":4,"column":86}},"type":"cond-expr","locations":[{"start":{"line":4,"column":48},"end":{"line":4,"column":74}},{"start":{"line":4,"column":77},"end":{"line":4,"column":86}}]}},"s":{"0":0,"1":0,"2":0,"3":0,"4":0},"f":{"0":0},"b":{"0":[0,0]}}
,"/Users/admin/Cursor/progresshub-correct/backend/src/config/env.ts": {"path":"/Users/admin/Cursor/progresshub-correct/backend/src/config/env.ts","statementMap":{"0":{"start":{"line":1,"column":0},"end":{"line":1,"column":28}},"1":{"start":{"line":3,"column":0},"end":{"line":3,"column":16}},"2":{"start":{"line":24,"column":21},"end":{"line":41,"column":1}},"3":{"start":{"line":25,"column":17},"end":{"line":25,"column":39}},"4":{"start":{"line":26,"column":2},"end":{"line":28,"column":3}},"5":{"start":{"line":27,"column":4},"end":{"line":27,"column":18}},"6":{"start":{"line":30,"column":2},"end":{"line":34,"column":3}},"7":{"start":{"line":31,"column":4},"end":{"line":33,"column":6}},"8":{"start":{"line":37,"column":2},"end":{"line":39,"column":4}},"9":{"start":{"line":40,"column":2},"end":{"line":40,"column":31}},"10":{"start":{"line":43,"column":28},"end":{"line":59,"column":1}},"11":{"start":{"line":44,"column":17},"end":{"line":44,"column":47}},"12":{"start":{"line":45,"column":2},"end":{"line":47,"column":3}},"13":{"start":{"line":46,"column":4},"end":{"line":46,"column":18}},"14":{"start":{"line":49,"column":2},"end":{"line":53,"column":3}},"15":{"start":{"line":50,"column":4},"end":{"line":52,"column":6}},"16":{"start":{"line":55,"column":2},"end":{"line":57,"column":4}},"17":{"start":{"line":58,"column":2},"end":{"line":58,"column":39}},"18":{"start":{"line":61,"column":13},"end":{"line":76,"column":2}},"19":{"start":{"line":79,"column":24},"end":{"line":79,"column":54}},"20":{"start":{"line":81,"column":26},"end":{"line":86,"column":2}},"21":{"start":{"line":88,"column":20},"end":{"line":88,"column":66}},"22":{"start":{"line":88,"column":50},"end":{"line":88,"column":65}},"23":{"start":{"line":90,"column":0},"end":{"line":94,"column":1}},"24":{"start":{"line":91,"column":2},"end":{"line":93,"column":4}},"25":{"start":{"line":96,"column":0},"end":{"line":101,"column":1}},"26":{"start":{"line":98,"column":2},"end":{"line":100,"column":4}},"27":{"start":{"line":103,"column":25},"end":{"line":103,"column":73}},"28":{"start":{"line":103,"column":57},"end":{"line":103,"column":72}},"29":{"start":{"line":104,"column":0},"end":{"line":108,"column":1}},"30":{"start":{"line":105,"column":2},"end":{"line":107,"column":4}},"31":{"start":{"line":110,"column":0},"end":{"line":110,"column":19}}},"fnMap":{"0":{"name":"(anonymous_1)","decl":{"start":{"line":24,"column":21},"end":{"line":24,"column":32}},"loc":{"start":{"line":24,"column":34},"end":{"line":41,"column":1}}},"1":{"name":"(anonymous_2)","decl":{"start":{"line":43,"column":28},"end":{"line":43,"column":39}},"loc":{"start":{"line":43,"column":41},"end":{"line":59,"column":1}}},"2":{"name":"(anonymous_3)","decl":{"start":{"line":88,"column":43},"end":{"line":88,"column":44}},"loc":{"start":{"line":88,"column":50},"end":{"line":88,"column":65}}},"3":{"name":"(anonymous_4)","decl":{"start":{"line":103,"column":50},"end":{"line":103,"column":51}},"loc":{"start":{"line":103,"column":57},"end":{"line":103,"column":72}}}},"branchMap":{"0":{"loc":{"start":{"line":26,"column":2},"end":{"line":28,"column":3}},"type":"if","locations":[{"start":{"line":26,"column":2},"end":{"line":28,"column":3}},{"start":{},"end":{}}]},"1":{"loc":{"start":{"line":30,"column":2},"end":{"line":34,"column":3}},"type":"if","locations":[{"start":{"line":30,"column":2},"end":{"line":34,"column":3}},{"start":{},"end":{}}]},"2":{"loc":{"start":{"line":45,"column":2},"end":{"line":47,"column":3}},"type":"if","locations":[{"start":{"line":45,"column":2},"end":{"line":47,"column":3}},{"start":{},"end":{}}]},"3":{"loc":{"start":{"line":49,"column":2},"end":{"line":53,"column":3}},"type":"if","locations":[{"start":{"line":49,"column":2},"end":{"line":53,"column":3}},{"start":{},"end":{}}]},"4":{"loc":{"start":{"line":62,"column":12},"end":{"line":62,"column":49}},"type":"binary-expr","locations":[{"start":{"line":62,"column":12},"end":{"line":62,"column":32}},{"start":{"line":62,"column":36},"end":{"line":62,"column":49}}]},"5":{"loc":{"start":{"line":63,"column":17},"end":{"line":63,"column":43}},"type":"binary-expr","locations":[{"start":{"line":63,"column":17},"end":{"line":63,"column":33}},{"start":{"line":63,"column":37},"end":{"line":63,"column":43}}]},"6":{"loc":{"start":{"line":64,"column":16},"end":{"line":64,"column":46}},"type":"binary-expr","locations":[{"start":{"line":64,"column":16},"end":{"line":64,"column":40}},{"start":{"line":64,"column":44},"end":{"line":64,"column":46}}]},"7":{"loc":{"start":{"line":65,"column":14},"end":{"line":65,"column":70}},"type":"binary-expr","locations":[{"start":{"line":65,"column":14},"end":{"line":65,"column":36}},{"start":{"line":65,"column":40},"end":{"line":65,"column":64}},{"start":{"line":65,"column":68},"end":{"line":65,"column":70}}]},"8":{"loc":{"start":{"line":67,"column":18},"end":{"line":67,"column":52}},"type":"binary-expr","locations":[{"start":{"line":67,"column":18},"end":{"line":67,"column":44}},{"start":{"line":67,"column":48},"end":{"line":67,"column":52}}]},"9":{"loc":{"start":{"line":69,"column":26},"end":{"line":69,"column":68}},"type":"binary-expr","locations":[{"start":{"line":69,"column":26},"end":{"line":69,"column":60}},{"start":{"line":69,"column":64},"end":{"line":69,"column":68}}]},"10":{"loc":{"start":{"line":70,"column":19},"end":{"line":70,"column":52}},"type":"binary-expr","locations":[{"start":{"line":70,"column":19},"end":{"line":70,"column":46}},{"start":{"line":70,"column":50},"end":{"line":70,"column":52}}]},"11":{"loc":{"start":{"line":71,"column":23},"end":{"line":71,"column":60}},"type":"binary-expr","locations":[{"start":{"line":71,"column":23},"end":{"line":71,"column":54}},{"start":{"line":71,"column":58},"end":{"line":71,"column":60}}]},"12":{"loc":{"start":{"line":72,"column":24},"end":{"line":72,"column":62}},"type":"binary-expr","locations":[{"start":{"line":72,"column":24},"end":{"line":72,"column":56}},{"start":{"line":72,"column":60},"end":{"line":72,"column":62}}]},"13":{"loc":{"start":{"line":73,"column":19},"end":{"line":73,"column":52}},"type":"binary-expr","locations":[{"start":{"line":73,"column":19},"end":{"line":73,"column":46}},{"start":{"line":73,"column":50},"end":{"line":73,"column":52}}]},"14":{"loc":{"start":{"line":74,"column":19},"end":{"line":74,"column":64}},"type":"binary-expr","locations":[{"start":{"line":74,"column":19},"end":{"line":74,"column":58}},{"start":{"line":74,"column":62},"end":{"line":74,"column":64}}]},"15":{"loc":{"start":{"line":75,"column":16},"end":{"line":75,"column":67}},"type":"binary-expr","locations":[{"start":{"line":75,"column":16},"end":{"line":75,"column":40}},{"start":{"line":75,"column":44},"end":{"line":75,"column":67}}]},"16":{"loc":{"start":{"line":90,"column":0},"end":{"line":94,"column":1}},"type":"if","locations":[{"start":{"line":90,"column":0},"end":{"line":94,"column":1}},{"start":{},"end":{}}]},"17":{"loc":{"start":{"line":90,"column":4},"end":{"line":90,"column":67}},"type":"binary-expr","locations":[{"start":{"line":90,"column":4},"end":{"line":90,"column":26}},{"start":{"line":90,"column":30},"end":{"line":90,"column":67}}]},"18":{"loc":{"start":{"line":96,"column":0},"end":{"line":101,"column":1}},"type":"if","locations":[{"start":{"line":96,"column":0},"end":{"line":101,"column":1}},{"start":{},"end":{}}]},"19":{"loc":{"start":{"line":104,"column":0},"end":{"line":108,"column":1}},"type":"if","locations":[{"start":{"line":104,"column":0},"end":{"line":108,"column":1}},{"start":{},"end":{}}]}},"s":{"0":19,"1":19,"2":19,"3":19,"4":19,"5":19,"6":0,"7":0,"8":0,"9":0,"10":19,"11":19,"12":19,"13":2,"14":17,"15":1,"16":16,"17":16,"18":19,"19":18,"20":18,"21":18,"22":36,"23":18,"24":0,"25":18,"26":0,"27":18,"28":72,"29":18,"30":0,"31":18},"f":{"0":19,"1":19,"2":36,"3":72},"b":{"0":[19,0],"1":[0,0],"2":[2,17],"3":[1,16],"4":[19,0],"5":[19,0],"6":[19,0],"7":[19,0,0],"8":[19,0],"9":[18,18],"10":[18,0],"11":[18,0],"12":[18,0],"13":[18,0],"14":[18,0],"15":[18,0],"16":[0,18],"17":[18,0],"18":[0,18],"19":[0,18]}}
,"/Users/admin/Cursor/progresshub-correct/backend/src/config/logger.ts": {"path":"/Users/admin/Cursor/progresshub-correct/backend/src/config/logger.ts","statementMap":{"0":{"start":{"line":1,"column":0},"end":{"line":1,"column":30}},"1":{"start":{"line":2,"column":0},"end":{"line":2,"column":28}},"2":{"start":{"line":4,"column":63},"end":{"line":4,"column":77}},"3":{"start":{"line":7,"column":18},"end":{"line":16,"column":2}},"4":{"start":{"line":8,"column":12},"end":{"line":8,"column":52}},"5":{"start":{"line":9,"column":2},"end":{"line":11,"column":3}},"6":{"start":{"line":10,"column":4},"end":{"line":10,"column":39}},"7":{"start":{"line":12,"column":2},"end":{"line":14,"column":3}},"8":{"start":{"line":13,"column":4},"end":{"line":13,"column":26}},"9":{"start":{"line":15,"column":2},"end":{"line":15,"column":13}},"10":{"start":{"line":19,"column":13},"end":{"line":34,"column":3}},"11":{"start":{"line":37,"column":0},"end":{"line":55,"column":1}},"12":{"start":{"line":38,"column":2},"end":{"line":46,"column":4}},"13":{"start":{"line":47,"column":2},"end":{"line":54,"column":4}},"14":{"start":{"line":58,"column":13},"end":{"line":62,"column":2}},"15":{"start":{"line":60,"column":4},"end":{"line":60,"column":32}},"16":{"start":{"line":64,"column":0},"end":{"line":64,"column":22}}},"fnMap":{"0":{"name":"(anonymous_1)","decl":{"start":{"line":7,"column":25},"end":{"line":7,"column":26}},"loc":{"start":{"line":7,"column":75},"end":{"line":16,"column":1}}},"1":{"name":"(anonymous_2)","decl":{"start":{"line":59,"column":9},"end":{"line":59,"column":10}},"loc":{"start":{"line":59,"column":29},"end":{"line":61,"column":3}}}},"branchMap":{"0":{"loc":{"start":{"line":9,"column":2},"end":{"line":11,"column":3}},"type":"if","locations":[{"start":{"line":9,"column":2},"end":{"line":11,"column":3}},{"start":{},"end":{}}]},"1":{"loc":{"start":{"line":12,"column":2},"end":{"line":14,"column":3}},"type":"if","locations":[{"start":{"line":12,"column":2},"end":{"line":14,"column":3}},{"start":{},"end":{}}]},"2":{"loc":{"start":{"line":20,"column":9},"end":{"line":20,"column":84}},"type":"binary-expr","locations":[{"start":{"line":20,"column":9},"end":{"line":20,"column":30}},{"start":{"line":20,"column":35},"end":{"line":20,"column":83}}]},"3":{"loc":{"start":{"line":20,"column":35},"end":{"line":20,"column":83}},"type":"cond-expr","locations":[{"start":{"line":20,"column":67},"end":{"line":20,"column":73}},{"start":{"line":20,"column":76},"end":{"line":20,"column":83}}]},"4":{"loc":{"start":{"line":29,"column":8},"end":{"line":31,"column":77}},"type":"cond-expr","locations":[{"start":{"line":30,"column":12},"end":{"line":30,"column":40}},{"start":{"line":31,"column":12},"end":{"line":31,"column":77}}]},"5":{"loc":{"start":{"line":37,"column":0},"end":{"line":55,"column":1}},"type":"if","locations":[{"start":{"line":37,"column":0},"end":{"line":55,"column":1}},{"start":{},"end":{}}]}},"s":{"0":9,"1":9,"2":9,"3":9,"4":0,"5":0,"6":0,"7":0,"8":0,"9":0,"10":9,"11":9,"12":2,"13":2,"14":9,"15":1,"16":9},"f":{"0":0,"1":1},"b":{"0":[0,0],"1":[0,0],"2":[9,8],"3":[2,6],"4":[2,7],"5":[2,7]}}
,"/Users/admin/Cursor/progresshub-correct/backend/src/config/swagger.ts": {"path":"/Users/admin/Cursor/progresshub-correct/backend/src/config/swagger.ts","statementMap":{"0":{"start":{"line":1,"column":0},"end":{"line":1,"column":41}},"1":{"start":{"line":2,"column":0},"end":{"line":2,"column":28}},"2":{"start":{"line":4,"column":38},"end":{"line":107,"column":2}},"3":{"start":{"line":109,"column":13},"end":{"line":109,"column":49}}},"fnMap":{},"branchMap":{"0":{"loc":{"start":{"line":104,"column":4},"end":{"line":106,"column":29}},"type":"cond-expr","locations":[{"start":{"line":105,"column":8},"end":{"line":105,"column":30}},{"start":{"line":106,"column":8},"end":{"line":106,"column":29}}]}},"s":{"0":0,"1":0,"2":0,"3":0},"f":{},"b":{"0":[0,0]}}
,"/Users/admin/Cursor/progresshub-correct/backend/src/mappers/employeeMapper.ts": {"path":"/Users/admin/Cursor/progresshub-correct/backend/src/mappers/employeeMapper.ts","statementMap":{"0":{"start":{"line":18,"column":0},"end":{"line":18,"column":16}},"1":{"start":{"line":35,"column":0},"end":{"line":35,"column":16}},"2":{"start":{"line":19,"column":2},"end":{"line":32,"column":4}},"3":{"start":{"line":38,"column":2},"end":{"line":38,"column":29}},"4":{"start":{"line":38,"column":12},"end":{"line":38,"column":29}},"5":{"start":{"line":39,"column":2},"end":{"line":43,"column":4}}},"fnMap":{"0":{"name":"toUserDTO","decl":{"start":{"line":18,"column":16},"end":{"line":18,"column":25}},"loc":{"start":{"line":18,"column":39},"end":{"line":33,"column":1}}},"1":{"name":"toUserRef","decl":{"start":{"line":35,"column":16},"end":{"line":35,"column":25}},"loc":{"start":{"line":36,"column":70},"end":{"line":44,"column":1}}}},"branchMap":{"0":{"loc":{"start":{"line":23,"column":12},"end":{"line":23,"column":38}},"type":"binary-expr","locations":[{"start":{"line":23,"column":12},"end":{"line":23,"column":25}},{"start":{"line":23,"column":29},"end":{"line":23,"column":38}}]},"1":{"loc":{"start":{"line":24,"column":13},"end":{"line":24,"column":41}},"type":"binary-expr","locations":[{"start":{"line":24,"column":13},"end":{"line":24,"column":28}},{"start":{"line":24,"column":32},"end":{"line":24,"column":41}}]},"2":{"loc":{"start":{"line":26,"column":18},"end":{"line":26,"column":47}},"type":"binary-expr","locations":[{"start":{"line":26,"column":18},"end":{"line":26,"column":34}},{"start":{"line":26,"column":38},"end":{"line":26,"column":47}}]},"3":{"loc":{"start":{"line":29,"column":16},"end":{"line":29,"column":43}},"type":"binary-expr","locations":[{"start":{"line":29,"column":16},"end":{"line":29,"column":30}},{"start":{"line":29,"column":34},"end":{"line":29,"column":43}}]},"4":{"loc":{"start":{"line":38,"column":2},"end":{"line":38,"column":29}},"type":"if","locations":[{"start":{"line":38,"column":2},"end":{"line":38,"column":29}},{"start":{},"end":{}}]}},"s":{"0":1,"1":1,"2":2,"3":0,"4":0,"5":0},"f":{"0":2,"1":0},"b":{"0":[2,2],"1":[2,0],"2":[2,2],"3":[2,2],"4":[0,0]}}
,"/Users/admin/Cursor/progresshub-correct/backend/src/mappers/index.ts": {"path":"/Users/admin/Cursor/progresshub-correct/backend/src/mappers/index.ts","statementMap":{"0":{"start":{"line":1,"column":0},"end":{"line":1,"column":9}},"1":{"start":{"line":1,"column":9},"end":{"line":1,"column":20}},"2":{"start":{"line":1,"column":20},"end":{"line":1,"column":56}},"3":{"start":{"line":4,"column":0},"end":{"line":4,"column":9}},"4":{"start":{"line":4,"column":9},"end":{"line":4,"column":23}},"5":{"start":{"line":4,"column":23},"end":{"line":4,"column":61}},"6":{"start":{"line":7,"column":0},"end":{"line":7,"column":9}},"7":{"start":{"line":7,"column":9},"end":{"line":7,"column":41}},"8":{"start":{"line":10,"column":0},"end":{"line":10,"column":9}},"9":{"start":{"line":10,"column":9},"end":{"line":10,"column":55}},"10":{"start":{"line":13,"column":0},"end":{"line":13,"column":9}},"11":{"start":{"line":13,"column":9},"end":{"line":13,"column":51}}},"fnMap":{"0":{"name":"(anonymous_0)","decl":{"start":{"line":1,"column":9},"end":{"line":1,"column":18}},"loc":{"start":{"line":1,"column":9},"end":{"line":1,"column":20}}},"1":{"name":"(anonymous_1)","decl":{"start":{"line":1,"column":20},"end":{"line":1,"column":29}},"loc":{"start":{"line":1,"column":20},"end":{"line":1,"column":56}}},"2":{"name":"(anonymous_2)","decl":{"start":{"line":4,"column":9},"end":{"line":4,"column":21}},"loc":{"start":{"line":4,"column":9},"end":{"line":4,"column":23}}},"3":{"name":"(anonymous_3)","decl":{"start":{"line":4,"column":23},"end":{"line":4,"column":35}},"loc":{"start":{"line":4,"column":23},"end":{"line":4,"column":61}}},"4":{"name":"(anonymous_4)","decl":{"start":{"line":7,"column":9},"end":{"line":7,"column":18}},"loc":{"start":{"line":7,"column":9},"end":{"line":7,"column":41}}},"5":{"name":"(anonymous_5)","decl":{"start":{"line":10,"column":9},"end":{"line":10,"column":25}},"loc":{"start":{"line":10,"column":9},"end":{"line":10,"column":55}}},"6":{"name":"(anonymous_6)","decl":{"start":{"line":13,"column":9},"end":{"line":13,"column":23}},"loc":{"start":{"line":13,"column":9},"end":{"line":13,"column":51}}}},"branchMap":{},"s":{"0":1,"1":3,"2":1,"3":1,"4":1,"5":1,"6":1,"7":1,"8":1,"9":1,"10":1,"11":1},"f":{"0":2,"1":0,"2":0,"3":0,"4":0,"5":0,"6":0},"b":{}}
,"/Users/admin/Cursor/progresshub-correct/backend/src/mappers/milestoneMapper.ts": {"path":"/Users/admin/Cursor/progresshub-correct/backend/src/mappers/milestoneMapper.ts","statementMap":{"0":{"start":{"line":19,"column":0},"end":{"line":19,"column":16}},"1":{"start":{"line":20,"column":2},"end":{"line":30,"column":4}}},"fnMap":{"0":{"name":"toMilestoneDTO","decl":{"start":{"line":19,"column":16},"end":{"line":19,"column":30}},"loc":{"start":{"line":19,"column":57},"end":{"line":31,"column":1}}}},"branchMap":{"0":{"loc":{"start":{"line":24,"column":17},"end":{"line":24,"column":44}},"type":"binary-expr","locations":[{"start":{"line":24,"column":17},"end":{"line":24,"column":31}},{"start":{"line":24,"column":35},"end":{"line":24,"column":44}}]},"1":{"loc":{"start":{"line":26,"column":11},"end":{"line":26,"column":32}},"type":"binary-expr","locations":[{"start":{"line":26,"column":11},"end":{"line":26,"column":19}},{"start":{"line":26,"column":23},"end":{"line":26,"column":32}}]},"2":{"loc":{"start":{"line":27,"column":17},"end":{"line":27,"column":44}},"type":"binary-expr","locations":[{"start":{"line":27,"column":17},"end":{"line":27,"column":31}},{"start":{"line":27,"column":35},"end":{"line":27,"column":44}}]}},"s":{"0":1,"1":0},"f":{"0":0},"b":{"0":[0,0],"1":[0,0],"2":[0,0]}}
,"/Users/admin/Cursor/progresshub-correct/backend/src/mappers/progressLogMapper.ts": {"path":"/Users/admin/Cursor/progresshub-correct/backend/src/mappers/progressLogMapper.ts","statementMap":{"0":{"start":{"line":21,"column":0},"end":{"line":21,"column":16}},"1":{"start":{"line":2,"column":0},"end":{"line":2,"column":45}},"2":{"start":{"line":24,"column":2},"end":{"line":35,"column":4}}},"fnMap":{"0":{"name":"toProgressLogDTO","decl":{"start":{"line":21,"column":16},"end":{"line":21,"column":32}},"loc":{"start":{"line":22,"column":31},"end":{"line":36,"column":1}}}},"branchMap":{"0":{"loc":{"start":{"line":31,"column":19},"end":{"line":31,"column":49}},"type":"binary-expr","locations":[{"start":{"line":31,"column":19},"end":{"line":31,"column":36}},{"start":{"line":31,"column":40},"end":{"line":31,"column":49}}]},"1":{"loc":{"start":{"line":32,"column":11},"end":{"line":32,"column":33}},"type":"binary-expr","locations":[{"start":{"line":32,"column":11},"end":{"line":32,"column":20}},{"start":{"line":32,"column":24},"end":{"line":32,"column":33}}]},"2":{"loc":{"start":{"line":33,"column":19},"end":{"line":33,"column":49}},"type":"binary-expr","locations":[{"start":{"line":33,"column":19},"end":{"line":33,"column":36}},{"start":{"line":33,"column":40},"end":{"line":33,"column":49}}]}},"s":{"0":1,"1":1,"2":0},"f":{"0":0},"b":{"0":[0,0],"1":[0,0],"2":[0,0]}}
,"/Users/admin/Cursor/progresshub-correct/backend/src/mappers/projectMapper.ts": {"path":"/Users/admin/Cursor/progresshub-correct/backend/src/mappers/projectMapper.ts","statementMap":{"0":{"start":{"line":15,"column":0},"end":{"line":15,"column":16}},"1":{"start":{"line":29,"column":0},"end":{"line":29,"column":16}},"2":{"start":{"line":16,"column":2},"end":{"line":26,"column":4}},"3":{"start":{"line":32,"column":2},"end":{"line":32,"column":30}},"4":{"start":{"line":32,"column":13},"end":{"line":32,"column":30}},"5":{"start":{"line":33,"column":2},"end":{"line":37,"column":4}}},"fnMap":{"0":{"name":"toProjectDTO","decl":{"start":{"line":15,"column":16},"end":{"line":15,"column":28}},"loc":{"start":{"line":15,"column":42},"end":{"line":27,"column":1}}},"1":{"name":"toProjectRef","decl":{"start":{"line":29,"column":16},"end":{"line":29,"column":28}},"loc":{"start":{"line":30,"column":72},"end":{"line":38,"column":1}}}},"branchMap":{"0":{"loc":{"start":{"line":19,"column":17},"end":{"line":19,"column":46}},"type":"binary-expr","locations":[{"start":{"line":19,"column":17},"end":{"line":19,"column":33}},{"start":{"line":19,"column":37},"end":{"line":19,"column":46}}]},"1":{"loc":{"start":{"line":23,"column":17},"end":{"line":23,"column":46}},"type":"binary-expr","locations":[{"start":{"line":23,"column":17},"end":{"line":23,"column":33}},{"start":{"line":23,"column":37},"end":{"line":23,"column":46}}]},"2":{"loc":{"start":{"line":32,"column":2},"end":{"line":32,"column":30}},"type":"if","locations":[{"start":{"line":32,"column":2},"end":{"line":32,"column":30}},{"start":{},"end":{}}]}},"s":{"0":1,"1":1,"2":0,"3":0,"4":0,"5":0},"f":{"0":0,"1":0},"b":{"0":[0,0],"1":[0,0],"2":[0,0]}}
,"/Users/admin/Cursor/progresshub-correct/backend/src/mappers/taskMapper.ts": {"path":"/Users/admin/Cursor/progresshub-correct/backend/src/mappers/taskMapper.ts","statementMap":{"0":{"start":{"line":42,"column":0},"end":{"line":42,"column":16}},"1":{"start":{"line":2,"column":0},"end":{"line":2,"column":45}},"2":{"start":{"line":3,"column":0},"end":{"line":3,"column":47}},"3":{"start":{"line":43,"column":2},"end":{"line":72,"column":4}}},"fnMap":{"0":{"name":"toTaskDTO","decl":{"start":{"line":42,"column":16},"end":{"line":42,"column":25}},"loc":{"start":{"line":42,"column":49},"end":{"line":73,"column":1}}}},"branchMap":{"0":{"loc":{"start":{"line":46,"column":17},"end":{"line":46,"column":46}},"type":"binary-expr","locations":[{"start":{"line":46,"column":17},"end":{"line":46,"column":33}},{"start":{"line":46,"column":37},"end":{"line":46,"column":46}}]},"1":{"loc":{"start":{"line":48,"column":14},"end":{"line":48,"column":40}},"type":"binary-expr","locations":[{"start":{"line":48,"column":14},"end":{"line":48,"column":27}},{"start":{"line":48,"column":31},"end":{"line":48,"column":40}}]},"2":{"loc":{"start":{"line":52,"column":15},"end":{"line":52,"column":42}},"type":"binary-expr","locations":[{"start":{"line":52,"column":15},"end":{"line":52,"column":29}},{"start":{"line":52,"column":33},"end":{"line":52,"column":42}}]},"3":{"loc":{"start":{"line":54,"column":16},"end":{"line":54,"column":46}},"type":"binary-expr","locations":[{"start":{"line":54,"column":16},"end":{"line":54,"column":33}},{"start":{"line":54,"column":37},"end":{"line":54,"column":46}}]},"4":{"loc":{"start":{"line":63,"column":19},"end":{"line":63,"column":50}},"type":"binary-expr","locations":[{"start":{"line":63,"column":19},"end":{"line":63,"column":37}},{"start":{"line":63,"column":41},"end":{"line":63,"column":50}}]},"5":{"loc":{"start":{"line":64,"column":17},"end":{"line":64,"column":46}},"type":"binary-expr","locations":[{"start":{"line":64,"column":17},"end":{"line":64,"column":33}},{"start":{"line":64,"column":37},"end":{"line":64,"column":46}}]},"6":{"loc":{"start":{"line":65,"column":15},"end":{"line":65,"column":42}},"type":"binary-expr","locations":[{"start":{"line":65,"column":15},"end":{"line":65,"column":29}},{"start":{"line":65,"column":33},"end":{"line":65,"column":42}}]},"7":{"loc":{"start":{"line":68,"column":6},"end":{"line":68,"column":66}},"type":"cond-expr","locations":[{"start":{"line":68,"column":37},"end":{"line":68,"column":54}},{"start":{"line":68,"column":57},"end":{"line":68,"column":66}}]}},"s":{"0":1,"1":1,"2":1,"3":0},"f":{"0":0},"b":{"0":[0,0],"1":[0,0],"2":[0,0],"3":[0,0],"4":[0,0],"5":[0,0],"6":[0,0],"7":[0,0]}}
,"/Users/admin/Cursor/progresshub-correct/backend/src/middleware/auditLog.ts": {"path":"/Users/admin/Cursor/progresshub-correct/backend/src/middleware/auditLog.ts","statementMap":{"0":{"start":{"line":3,"column":0},"end":{"line":3,"column":38}},"1":{"start":{"line":12,"column":24},"end":{"line":28,"column":1}},"2":{"start":{"line":13,"column":2},"end":{"line":27,"column":4}},"3":{"start":{"line":14,"column":18},"end":{"line":22,"column":6}},"4":{"start":{"line":24,"column":4},"end":{"line":24,"column":32}},"5":{"start":{"line":26,"column":4},"end":{"line":26,"column":11}},"6":{"start":{"line":12,"column":13},"end":{"line":12,"column":24}}},"fnMap":{"0":{"name":"(anonymous_1)","decl":{"start":{"line":12,"column":24},"end":{"line":12,"column":25}},"loc":{"start":{"line":12,"column":43},"end":{"line":28,"column":1}}},"1":{"name":"(anonymous_2)","decl":{"start":{"line":13,"column":9},"end":{"line":13,"column":10}},"loc":{"start":{"line":13,"column":72},"end":{"line":27,"column":3}}}},"branchMap":{"0":{"loc":{"start":{"line":16,"column":14},"end":{"line":16,"column":43}},"type":"binary-expr","locations":[{"start":{"line":16,"column":14},"end":{"line":16,"column":30}},{"start":{"line":16,"column":34},"end":{"line":16,"column":43}}]},"1":{"loc":{"start":{"line":18,"column":18},"end":{"line":18,"column":44}},"type":"binary-expr","locations":[{"start":{"line":18,"column":18},"end":{"line":18,"column":31}},{"start":{"line":18,"column":35},"end":{"line":18,"column":44}}]}},"s":{"0":0,"1":0,"2":0,"3":0,"4":0,"5":0,"6":0},"f":{"0":0,"1":0},"b":{"0":[0,0],"1":[0,0]}}
,"/Users/admin/Cursor/progresshub-correct/backend/src/middleware/auth.ts": {"path":"/Users/admin/Cursor/progresshub-correct/backend/src/middleware/auth.ts","statementMap":{"0":{"start":{"line":2,"column":0},"end":{"line":2,"column":31}},"1":{"start":{"line":3,"column":0},"end":{"line":3,"column":36}},"2":{"start":{"line":4,"column":0},"end":{"line":4,"column":40}},"3":{"start":{"line":5,"column":0},"end":{"line":5,"column":49}},"4":{"start":{"line":6,"column":0},"end":{"line":6,"column":46}},"5":{"start":{"line":23,"column":28},"end":{"line":69,"column":1}},"6":{"start":{"line":28,"column":2},"end":{"line":68,"column":3}},"7":{"start":{"line":29,"column":23},"end":{"line":29,"column":48}},"8":{"start":{"line":31,"column":4},"end":{"line":34,"column":5}},"9":{"start":{"line":32,"column":6},"end":{"line":32,"column":58}},"10":{"start":{"line":33,"column":6},"end":{"line":33,"column":13}},"11":{"start":{"line":36,"column":18},"end":{"line":36,"column":41}},"12":{"start":{"line":38,"column":20},"end":{"line":38,"column":67}},"13":{"start":{"line":41,"column":17},"end":{"line":43,"column":6}},"14":{"start":{"line":45,"column":4},"end":{"line":48,"column":5}},"15":{"start":{"line":46,"column":6},"end":{"line":46,"column":63}},"16":{"start":{"line":47,"column":6},"end":{"line":47,"column":13}},"17":{"start":{"line":50,"column":4},"end":{"line":55,"column":6}},"18":{"start":{"line":57,"column":4},"end":{"line":57,"column":11}},"19":{"start":{"line":59,"column":4},"end":{"line":62,"column":5}},"20":{"start":{"line":60,"column":6},"end":{"line":60,"column":63}},"21":{"start":{"line":61,"column":6},"end":{"line":61,"column":13}},"22":{"start":{"line":63,"column":4},"end":{"line":66,"column":5}},"23":{"start":{"line":64,"column":6},"end":{"line":64,"column":58}},"24":{"start":{"line":65,"column":6},"end":{"line":65,"column":13}},"25":{"start":{"line":67,"column":4},"end":{"line":67,"column":49}},"26":{"start":{"line":23,"column":13},"end":{"line":23,"column":28}},"27":{"start":{"line":75,"column":25},"end":{"line":89,"column":1}},"28":{"start":{"line":76,"column":2},"end":{"line":88,"column":4}},"29":{"start":{"line":77,"column":4},"end":{"line":80,"column":5}},"30":{"start":{"line":78,"column":6},"end":{"line":78,"column":52}},"31":{"start":{"line":79,"column":6},"end":{"line":79,"column":13}},"32":{"start":{"line":82,"column":4},"end":{"line":85,"column":5}},"33":{"start":{"line":83,"column":6},"end":{"line":83,"column":52}},"34":{"start":{"line":84,"column":6},"end":{"line":84,"column":13}},"35":{"start":{"line":87,"column":4},"end":{"line":87,"column":11}},"36":{"start":{"line":75,"column":13},"end":{"line":75,"column":25}},"37":{"start":{"line":96,"column":35},"end":{"line":140,"column":1}},"38":{"start":{"line":101,"column":2},"end":{"line":104,"column":3}},"39":{"start":{"line":102,"column":4},"end":{"line":102,"column":50}},"40":{"start":{"line":103,"column":4},"end":{"line":103,"column":11}},"41":{"start":{"line":107,"column":2},"end":{"line":110,"column":3}},"42":{"start":{"line":108,"column":4},"end":{"line":108,"column":11}},"43":{"start":{"line":109,"column":4},"end":{"line":109,"column":11}},"44":{"start":{"line":112,"column":17},"end":{"line":112,"column":30}},"45":{"start":{"line":113,"column":2},"end":{"line":116,"column":3}},"46":{"start":{"line":114,"column":4},"end":{"line":114,"column":63}},"47":{"start":{"line":115,"column":4},"end":{"line":115,"column":11}},"48":{"start":{"line":118,"column":15},"end":{"line":121,"column":4}},"49":{"start":{"line":123,"column":2},"end":{"line":126,"column":3}},"50":{"start":{"line":124,"column":4},"end":{"line":124,"column":51}},"51":{"start":{"line":125,"column":4},"end":{"line":125,"column":11}},"52":{"start":{"line":128,"column":17},"end":{"line":128,"column":32}},"53":{"start":{"line":129,"column":20},"end":{"line":129,"column":45}},"54":{"start":{"line":130,"column":21},"end":{"line":130,"column":49}},"55":{"start":{"line":131,"column":25},"end":{"line":131,"column":60}},"56":{"start":{"line":132,"column":15},"end":{"line":132,"column":62}},"57":{"start":{"line":134,"column":2},"end":{"line":137,"column":3}},"58":{"start":{"line":135,"column":4},"end":{"line":135,"column":11}},"59":{"start":{"line":136,"column":4},"end":{"line":136,"column":11}},"60":{"start":{"line":139,"column":2},"end":{"line":139,"column":54}},"61":{"start":{"line":96,"column":13},"end":{"line":96,"column":35}},"62":{"start":{"line":146,"column":36},"end":{"line":167,"column":1}},"63":{"start":{"line":151,"column":2},"end":{"line":154,"column":3}},"64":{"start":{"line":152,"column":4},"end":{"line":152,"column":50}},"65":{"start":{"line":153,"column":4},"end":{"line":153,"column":11}},"66":{"start":{"line":156,"column":2},"end":{"line":159,"column":3}},"67":{"start":{"line":157,"column":4},"end":{"line":157,"column":11}},"68":{"start":{"line":158,"column":4},"end":{"line":158,"column":11}},"69":{"start":{"line":161,"column":2},"end":{"line":164,"column":3}},"70":{"start":{"line":162,"column":4},"end":{"line":162,"column":11}},"71":{"start":{"line":163,"column":4},"end":{"line":163,"column":11}},"72":{"start":{"line":166,"column":2},"end":{"line":166,"column":54}},"73":{"start":{"line":146,"column":13},"end":{"line":146,"column":36}}},"fnMap":{"0":{"name":"(anonymous_1)","decl":{"start":{"line":23,"column":28},"end":{"line":23,"column":33}},"loc":{"start":{"line":27,"column":19},"end":{"line":69,"column":1}}},"1":{"name":"(anonymous_2)","decl":{"start":{"line":75,"column":25},"end":{"line":75,"column":26}},"loc":{"start":{"line":75,"column":64},"end":{"line":89,"column":1}}},"2":{"name":"(anonymous_3)","decl":{"start":{"line":76,"column":9},"end":{"line":76,"column":10}},"loc":{"start":{"line":76,"column":71},"end":{"line":88,"column":3}}},"3":{"name":"(anonymous_4)","decl":{"start":{"line":96,"column":35},"end":{"line":96,"column":40}},"loc":{"start":{"line":100,"column":19},"end":{"line":140,"column":1}}},"4":{"name":"(anonymous_5)","decl":{"start":{"line":146,"column":36},"end":{"line":146,"column":null}},"loc":{"start":{"line":150,"column":10},"end":{"line":167,"column":1}}}},"branchMap":{"0":{"loc":{"start":{"line":31,"column":4},"end":{"line":34,"column":5}},"type":"if","locations":[{"start":{"line":31,"column":4},"end":{"line":34,"column":5}},{"start":{},"end":{}}]},"1":{"loc":{"start":{"line":31,"column":8},"end":{"line":31,"column":56}},"type":"binary-expr","locations":[{"start":{"line":31,"column":8},"end":{"line":31,"column":19}},{"start":{"line":31,"column":23},"end":{"line":31,"column":56}}]},"2":{"loc":{"start":{"line":45,"column":4},"end":{"line":48,"column":5}},"type":"if","locations":[{"start":{"line":45,"column":4},"end":{"line":48,"column":5}},{"start":{},"end":{}}]},"3":{"loc":{"start":{"line":45,"column":8},"end":{"line":45,"column":31}},"type":"binary-expr","locations":[{"start":{"line":45,"column":8},"end":{"line":45,"column":13}},{"start":{"line":45,"column":17},"end":{"line":45,"column":31}}]},"4":{"loc":{"start":{"line":59,"column":4},"end":{"line":62,"column":5}},"type":"if","locations":[{"start":{"line":59,"column":4},"end":{"line":62,"column":5}},{"start":{},"end":{}}]},"5":{"loc":{"start":{"line":63,"column":4},"end":{"line":66,"column":5}},"type":"if","locations":[{"start":{"line":63,"column":4},"end":{"line":66,"column":5}},{"start":{},"end":{}}]},"6":{"loc":{"start":{"line":77,"column":4},"end":{"line":80,"column":5}},"type":"if","locations":[{"start":{"line":77,"column":4},"end":{"line":80,"column":5}},{"start":{},"end":{}}]},"7":{"loc":{"start":{"line":82,"column":4},"end":{"line":85,"column":5}},"type":"if","locations":[{"start":{"line":82,"column":4},"end":{"line":85,"column":5}},{"start":{},"end":{}}]},"8":{"loc":{"start":{"line":101,"column":2},"end":{"line":104,"column":3}},"type":"if","locations":[{"start":{"line":101,"column":2},"end":{"line":104,"column":3}},{"start":{},"end":{}}]},"9":{"loc":{"start":{"line":107,"column":2},"end":{"line":110,"column":3}},"type":"if","locations":[{"start":{"line":107,"column":2},"end":{"line":110,"column":3}},{"start":{},"end":{}}]},"10":{"loc":{"start":{"line":113,"column":2},"end":{"line":116,"column":3}},"type":"if","locations":[{"start":{"line":113,"column":2},"end":{"line":116,"column":3}},{"start":{},"end":{}}]},"11":{"loc":{"start":{"line":123,"column":2},"end":{"line":126,"column":3}},"type":"if","locations":[{"start":{"line":123,"column":2},"end":{"line":126,"column":3}},{"start":{},"end":{}}]},"12":{"loc":{"start":{"line":134,"column":2},"end":{"line":137,"column":3}},"type":"if","locations":[{"start":{"line":134,"column":2},"end":{"line":137,"column":3}},{"start":{},"end":{}}]},"13":{"loc":{"start":{"line":134,"column":6},"end":{"line":134,"column":55}},"type":"binary-expr","locations":[{"start":{"line":134,"column":6},"end":{"line":134,"column":15}},{"start":{"line":134,"column":19},"end":{"line":134,"column":29}},{"start":{"line":134,"column":33},"end":{"line":134,"column":47}},{"start":{"line":134,"column":51},"end":{"line":134,"column":55}}]},"14":{"loc":{"start":{"line":151,"column":2},"end":{"line":154,"column":3}},"type":"if","locations":[{"start":{"line":151,"column":2},"end":{"line":154,"column":3}},{"start":{},"end":{}}]},"15":{"loc":{"start":{"line":156,"column":2},"end":{"line":159,"column":3}},"type":"if","locations":[{"start":{"line":156,"column":2},"end":{"line":159,"column":3}},{"start":{},"end":{}}]},"16":{"loc":{"start":{"line":161,"column":2},"end":{"line":164,"column":3}},"type":"if","locations":[{"start":{"line":161,"column":2},"end":{"line":164,"column":3}},{"start":{},"end":{}}]}},"s":{"0":1,"1":1,"2":1,"3":1,"4":1,"5":1,"6":4,"7":4,"8":4,"9":1,"10":1,"11":3,"12":3,"13":2,"14":2,"15":1,"16":1,"17":1,"18":1,"19":1,"20":1,"21":1,"22":0,"23":0,"24":0,"25":0,"26":1,"27":1,"28":3,"29":3,"30":0,"31":0,"32":3,"33":1,"34":1,"35":2,"36":1,"37":1,"38":0,"39":0,"40":0,"41":0,"42":0,"43":0,"44":0,"45":0,"46":0,"47":0,"48":0,"49":0,"50":0,"51":0,"52":0,"53":0,"54":0,"55":0,"56":0,"57":0,"58":0,"59":0,"60":0,"61":1,"62":1,"63":0,"64":0,"65":0,"66":0,"67":0,"68":0,"69":0,"70":0,"71":0,"72":0,"73":1},"f":{"0":4,"1":3,"2":3,"3":0,"4":0},"b":{"0":[1,3],"1":[4,3],"2":[1,1],"3":[2,1],"4":[1,0],"5":[0,0],"6":[0,3],"7":[1,2],"8":[0,0],"9":[0,0],"10":[0,0],"11":[0,0],"12":[0,0],"13":[0,0,0,0],"14":[0,0],"15":[0,0],"16":[0,0]}}
,"/Users/admin/Cursor/progresshub-correct/backend/src/middleware/errorHandler.ts": {"path":"/Users/admin/Cursor/progresshub-correct/backend/src/middleware/errorHandler.ts","statementMap":{"0":{"start":{"line":2,"column":0},"end":{"line":2,"column":40}},"1":{"start":{"line":3,"column":0},"end":{"line":3,"column":38}},"2":{"start":{"line":4,"column":0},"end":{"line":4,"column":46}},"3":{"start":{"line":13,"column":4},"end":{"line":13,"column":19}},"4":{"start":{"line":8,"column":11},"end":{"line":8,"column":29}},"5":{"start":{"line":9,"column":11},"end":{"line":9,"column":26}},"6":{"start":{"line":10,"column":11},"end":{"line":10,"column":31}},"7":{"start":{"line":11,"column":11},"end":{"line":11,"column":27}},"8":{"start":{"line":14,"column":4},"end":{"line":14,"column":52}},"9":{"start":{"line":6,"column":0},"end":{"line":6,"column":13}},"10":{"start":{"line":21,"column":22},"end":{"line":21,"column":75}},"11":{"start":{"line":21,"column":37},"end":{"line":21,"column":75}},"12":{"start":{"line":32,"column":28},"end":{"line":104,"column":1}},"13":{"start":{"line":39,"column":2},"end":{"line":52,"column":5}},"14":{"start":{"line":55,"column":2},"end":{"line":58,"column":3}},"15":{"start":{"line":56,"column":4},"end":{"line":56,"column":63}},"16":{"start":{"line":57,"column":4},"end":{"line":57,"column":11}},"17":{"start":{"line":61,"column":2},"end":{"line":83,"column":3}},"18":{"start":{"line":63,"column":4},"end":{"line":66,"column":5}},"19":{"start":{"line":64,"column":6},"end":{"line":64,"column":60}},"20":{"start":{"line":65,"column":6},"end":{"line":65,"column":13}},"21":{"start":{"line":69,"column":4},"end":{"line":72,"column":5}},"22":{"start":{"line":70,"column":6},"end":{"line":70,"column":51}},"23":{"start":{"line":71,"column":6},"end":{"line":71,"column":13}},"24":{"start":{"line":75,"column":4},"end":{"line":78,"column":5}},"25":{"start":{"line":76,"column":6},"end":{"line":76,"column":60}},"26":{"start":{"line":77,"column":6},"end":{"line":77,"column":13}},"27":{"start":{"line":81,"column":4},"end":{"line":81,"column":53}},"28":{"start":{"line":82,"column":4},"end":{"line":82,"column":11}},"29":{"start":{"line":86,"column":2},"end":{"line":89,"column":3}},"30":{"start":{"line":87,"column":4},"end":{"line":87,"column":57}},"31":{"start":{"line":88,"column":4},"end":{"line":88,"column":11}},"32":{"start":{"line":92,"column":2},"end":{"line":98,"column":3}},"33":{"start":{"line":96,"column":4},"end":{"line":96,"column":53}},"34":{"start":{"line":97,"column":4},"end":{"line":97,"column":11}},"35":{"start":{"line":101,"column":24},"end":{"line":101,"column":65}},"36":{"start":{"line":103,"column":2},"end":{"line":103,"column":55}},"37":{"start":{"line":32,"column":13},"end":{"line":32,"column":28}},"38":{"start":{"line":111,"column":31},"end":{"line":113,"column":1}},"39":{"start":{"line":112,"column":2},"end":{"line":112,"column":53}},"40":{"start":{"line":111,"column":13},"end":{"line":111,"column":31}}},"fnMap":{"0":{"name":"(anonymous_1)","decl":{"start":{"line":7,"column":2},"end":{"line":7,"column":null}},"loc":{"start":{"line":11,"column":31},"end":{"line":15,"column":3}}},"1":{"name":"(anonymous_2)","decl":{"start":{"line":21,"column":22},"end":{"line":21,"column":34}},"loc":{"start":{"line":21,"column":37},"end":{"line":21,"column":75}}},"2":{"name":"(anonymous_3)","decl":{"start":{"line":32,"column":28},"end":{"line":32,"column":null}},"loc":{"start":{"line":37,"column":10},"end":{"line":104,"column":1}}},"3":{"name":"(anonymous_4)","decl":{"start":{"line":111,"column":31},"end":{"line":111,"column":32}},"loc":{"start":{"line":111,"column":70},"end":{"line":113,"column":1}}}},"branchMap":{"0":{"loc":{"start":{"line":10,"column":11},"end":{"line":10,"column":42}},"type":"default-arg","locations":[{"start":{"line":10,"column":31},"end":{"line":10,"column":42}}]},"1":{"loc":{"start":{"line":11,"column":11},"end":{"line":11,"column":31}},"type":"default-arg","locations":[{"start":{"line":11,"column":27},"end":{"line":11,"column":31}}]},"2":{"loc":{"start":{"line":43,"column":8},"end":{"line":47,"column":6}},"type":"binary-expr","locations":[{"start":{"line":43,"column":8},"end":{"line":43,"column":31}},{"start":{"line":43,"column":35},"end":{"line":47,"column":6}}]},"3":{"loc":{"start":{"line":48,"column":8},"end":{"line":51,"column":6}},"type":"binary-expr","locations":[{"start":{"line":48,"column":8},"end":{"line":48,"column":59}},{"start":{"line":48,"column":63},"end":{"line":51,"column":6}}]},"4":{"loc":{"start":{"line":55,"column":2},"end":{"line":58,"column":3}},"type":"if","locations":[{"start":{"line":55,"column":2},"end":{"line":58,"column":3}},{"start":{},"end":{}}]},"5":{"loc":{"start":{"line":61,"column":2},"end":{"line":83,"column":3}},"type":"if","locations":[{"start":{"line":61,"column":2},"end":{"line":83,"column":3}},{"start":{},"end":{}}]},"6":{"loc":{"start":{"line":63,"column":4},"end":{"line":66,"column":5}},"type":"if","locations":[{"start":{"line":63,"column":4},"end":{"line":66,"column":5}},{"start":{},"end":{}}]},"7":{"loc":{"start":{"line":69,"column":4},"end":{"line":72,"column":5}},"type":"if","locations":[{"start":{"line":69,"column":4},"end":{"line":72,"column":5}},{"start":{},"end":{}}]},"8":{"loc":{"start":{"line":75,"column":4},"end":{"line":78,"column":5}},"type":"if","locations":[{"start":{"line":75,"column":4},"end":{"line":78,"column":5}},{"start":{},"end":{}}]},"9":{"loc":{"start":{"line":86,"column":2},"end":{"line":89,"column":3}},"type":"if","locations":[{"start":{"line":86,"column":2},"end":{"line":89,"column":3}},{"start":{},"end":{}}]},"10":{"loc":{"start":{"line":92,"column":2},"end":{"line":98,"column":3}},"type":"if","locations":[{"start":{"line":92,"column":2},"end":{"line":98,"column":3}},{"start":{},"end":{}}]},"11":{"loc":{"start":{"line":93,"column":4},"end":{"line":94,"column":52}},"type":"binary-expr","locations":[{"start":{"line":93,"column":4},"end":{"line":93,"column":57}},{"start":{"line":94,"column":4},"end":{"line":94,"column":52}}]},"12":{"loc":{"start":{"line":101,"column":24},"end":{"line":101,"column":65}},"type":"cond-expr","locations":[{"start":{"line":101,"column":42},"end":{"line":101,"column":53}},{"start":{"line":101,"column":56},"end":{"line":101,"column":65}}]}},"s":{"0":2,"1":2,"2":2,"3":22,"4":22,"5":22,"6":22,"7":22,"8":22,"9":2,"10":2,"11":2,"12":2,"13":9,"14":9,"15":2,"16":2,"17":7,"18":4,"19":1,"20":1,"21":3,"22":1,"23":1,"24":2,"25":1,"26":1,"27":1,"28":1,"29":3,"30":1,"31":1,"32":2,"33":0,"34":0,"35":2,"36":2,"37":2,"38":2,"39":1,"40":2},"f":{"0":22,"1":2,"2":9,"3":1},"b":{"0":[2],"1":[21],"2":[9,2],"3":[9,4],"4":[2,7],"5":[4,3],"6":[1,3],"7":[1,2],"8":[1,1],"9":[1,2],"10":[0,2],"11":[2,2],"12":[1,1]}}
,"/Users/admin/Cursor/progresshub-correct/backend/src/middleware/sanitize.ts": {"path":"/Users/admin/Cursor/progresshub-correct/backend/src/middleware/sanitize.ts","statementMap":{"0":{"start":{"line":2,"column":0},"end":{"line":2,"column":49}},"1":{"start":{"line":8,"column":50},"end":{"line":17,"column":2}},"2":{"start":{"line":27,"column":28},"end":{"line":48,"column":1}},"3":{"start":{"line":32,"column":2},"end":{"line":35,"column":3}},"4":{"start":{"line":33,"column":4},"end":{"line":33,"column":11}},"5":{"start":{"line":34,"column":4},"end":{"line":34,"column":11}},"6":{"start":{"line":37,"column":45},"end":{"line":37,"column":60}},"7":{"start":{"line":39,"column":2},"end":{"line":44,"column":3}},"8":{"start":{"line":40,"column":18},"end":{"line":40,"column":34}},"9":{"start":{"line":41,"column":4},"end":{"line":43,"column":5}},"10":{"start":{"line":42,"column":6},"end":{"line":42,"column":45}},"11":{"start":{"line":46,"column":2},"end":{"line":46,"column":23}},"12":{"start":{"line":47,"column":2},"end":{"line":47,"column":9}},"13":{"start":{"line":27,"column":13},"end":{"line":27,"column":28}}},"fnMap":{"0":{"name":"(anonymous_0)","decl":{"start":{"line":27,"column":28},"end":{"line":27,"column":null}},"loc":{"start":{"line":31,"column":10},"end":{"line":48,"column":1}}}},"branchMap":{"0":{"loc":{"start":{"line":32,"column":2},"end":{"line":35,"column":3}},"type":"if","locations":[{"start":{"line":32,"column":2},"end":{"line":35,"column":3}},{"start":{},"end":{}}]},"1":{"loc":{"start":{"line":32,"column":6},"end":{"line":32,"column":47}},"type":"binary-expr","locations":[{"start":{"line":32,"column":6},"end":{"line":32,"column":15}},{"start":{"line":32,"column":19},"end":{"line":32,"column":47}}]},"2":{"loc":{"start":{"line":41,"column":4},"end":{"line":43,"column":5}},"type":"if","locations":[{"start":{"line":41,"column":4},"end":{"line":43,"column":5}},{"start":{},"end":{}}]}},"s":{"0":0,"1":0,"2":0,"3":0,"4":0,"5":0,"6":0,"7":0,"8":0,"9":0,"10":0,"11":0,"12":0,"13":0},"f":{"0":0},"b":{"0":[0,0],"1":[0,0],"2":[0,0]}}
,"/Users/admin/Cursor/progresshub-correct/backend/src/routes/auth.ts": {"path":"/Users/admin/Cursor/progresshub-correct/backend/src/routes/auth.ts","statementMap":{"0":{"start":{"line":1,"column":0},"end":{"line":1,"column":43}},"1":{"start":{"line":2,"column":0},"end":{"line":2,"column":59}},"2":{"start":{"line":3,"column":0},"end":{"line":3,"column":54}},"3":{"start":{"line":4,"column":0},"end":{"line":4,"column":63}},"4":{"start":{"line":5,"column":0},"end":{"line":5,"column":59}},"5":{"start":{"line":6,"column":0},"end":{"line":6,"column":39}},"6":{"start":{"line":7,"column":0},"end":{"line":7,"column":36}},"7":{"start":{"line":9,"column":15},"end":{"line":9,"column":23}},"8":{"start":{"line":15,"column":0},"end":{"line":32,"column":3}},"9":{"start":{"line":16,"column":2},"end":{"line":31,"column":3}},"10":{"start":{"line":17,"column":18},"end":{"line":17,"column":50}},"11":{"start":{"line":18,"column":24},"end":{"line":18,"column":69}},"12":{"start":{"line":20,"column":6},"end":{"line":25,"column":23}},"13":{"start":{"line":26,"column":4},"end":{"line":26,"column":41}},"14":{"start":{"line":29,"column":6},"end":{"line":29,"column":77}},"15":{"start":{"line":30,"column":4},"end":{"line":30,"column":58}},"16":{"start":{"line":38,"column":0},"end":{"line":79,"column":2}},"17":{"start":{"line":53,"column":19},"end":{"line":53,"column":40}},"18":{"start":{"line":54,"column":4},"end":{"line":57,"column":5}},"19":{"start":{"line":55,"column":6},"end":{"line":55,"column":79}},"20":{"start":{"line":56,"column":6},"end":{"line":56,"column":13}},"21":{"start":{"line":59,"column":4},"end":{"line":77,"column":5}},"22":{"start":{"line":60,"column":30},"end":{"line":60,"column":38}},"23":{"start":{"line":62,"column":6},"end":{"line":70,"column":7}},"24":{"start":{"line":63,"column":8},"end":{"line":68,"column":10}},"25":{"start":{"line":69,"column":8},"end":{"line":69,"column":15}},"26":{"start":{"line":72,"column":21},"end":{"line":72,"column":63}},"27":{"start":{"line":73,"column":6},"end":{"line":73,"column":31}},"28":{"start":{"line":75,"column":22},"end":{"line":75,"column":77}},"29":{"start":{"line":76,"column":6},"end":{"line":76,"column":56}},"30":{"start":{"line":85,"column":0},"end":{"line":129,"column":1}},"31":{"start":{"line":86,"column":2},"end":{"line":128,"column":4}},"32":{"start":{"line":102,"column":21},"end":{"line":102,"column":42}},"33":{"start":{"line":103,"column":6},"end":{"line":106,"column":7}},"34":{"start":{"line":104,"column":8},"end":{"line":104,"column":71}},"35":{"start":{"line":105,"column":8},"end":{"line":105,"column":15}},"36":{"start":{"line":108,"column":36},"end":{"line":108,"column":44}},"37":{"start":{"line":109,"column":6},"end":{"line":117,"column":7}},"38":{"start":{"line":110,"column":8},"end":{"line":115,"column":10}},"39":{"start":{"line":116,"column":8},"end":{"line":116,"column":15}},"40":{"start":{"line":119,"column":6},"end":{"line":126,"column":7}},"41":{"start":{"line":120,"column":23},"end":{"line":122,"column":45}},"42":{"start":{"line":123,"column":8},"end":{"line":123,"column":33}},"43":{"start":{"line":125,"column":8},"end":{"line":125,"column":72}},"44":{"start":{"line":135,"column":0},"end":{"line":156,"column":2}},"45":{"start":{"line":139,"column":4},"end":{"line":154,"column":5}},"46":{"start":{"line":140,"column":6},"end":{"line":143,"column":7}},"47":{"start":{"line":141,"column":8},"end":{"line":141,"column":65}},"48":{"start":{"line":142,"column":8},"end":{"line":142,"column":15}},"49":{"start":{"line":145,"column":19},"end":{"line":145,"column":65}},"50":{"start":{"line":146,"column":6},"end":{"line":149,"column":7}},"51":{"start":{"line":147,"column":8},"end":{"line":147,"column":64}},"52":{"start":{"line":148,"column":8},"end":{"line":148,"column":15}},"53":{"start":{"line":151,"column":6},"end":{"line":151,"column":40}},"54":{"start":{"line":153,"column":6},"end":{"line":153,"column":77}},"55":{"start":{"line":162,"column":0},"end":{"line":188,"column":2}},"56":{"start":{"line":172,"column":19},"end":{"line":172,"column":40}},"57":{"start":{"line":173,"column":4},"end":{"line":176,"column":5}},"58":{"start":{"line":174,"column":6},"end":{"line":174,"column":79}},"59":{"start":{"line":175,"column":6},"end":{"line":175,"column":13}},"60":{"start":{"line":178,"column":4},"end":{"line":186,"column":5}},"61":{"start":{"line":179,"column":31},"end":{"line":179,"column":39}},"62":{"start":{"line":180,"column":21},"end":{"line":180,"column":71}},"63":{"start":{"line":181,"column":6},"end":{"line":181,"column":31}},"64":{"start":{"line":184,"column":8},"end":{"line":184,"column":71}},"65":{"start":{"line":185,"column":6},"end":{"line":185,"column":58}},"66":{"start":{"line":194,"column":0},"end":{"line":204,"column":2}},"67":{"start":{"line":198,"column":29},"end":{"line":198,"column":37}},"68":{"start":{"line":199,"column":4},"end":{"line":201,"column":5}},"69":{"start":{"line":200,"column":6},"end":{"line":200,"column":51}},"70":{"start":{"line":202,"column":4},"end":{"line":202,"column":61}},"71":{"start":{"line":210,"column":0},"end":{"line":216,"column":2}},"72":{"start":{"line":214,"column":4},"end":{"line":214,"column":54}},"73":{"start":{"line":218,"column":0},"end":{"line":218,"column":22}}},"fnMap":{"0":{"name":"(anonymous_0)","decl":{"start":{"line":15,"column":31},"end":{"line":15,"column":32}},"loc":{"start":{"line":15,"column":74},"end":{"line":32,"column":1}}},"1":{"name":"(anonymous_1)","decl":{"start":{"line":52,"column":2},"end":{"line":52,"column":7}},"loc":{"start":{"line":52,"column":59},"end":{"line":78,"column":3}}},"2":{"name":"(anonymous_2)","decl":{"start":{"line":101,"column":4},"end":{"line":101,"column":9}},"loc":{"start":{"line":101,"column":61},"end":{"line":127,"column":5}}},"3":{"name":"(anonymous_3)","decl":{"start":{"line":138,"column":2},"end":{"line":138,"column":7}},"loc":{"start":{"line":138,"column":59},"end":{"line":155,"column":3}}},"4":{"name":"(anonymous_4)","decl":{"start":{"line":171,"column":2},"end":{"line":171,"column":7}},"loc":{"start":{"line":171,"column":59},"end":{"line":187,"column":3}}},"5":{"name":"(anonymous_5)","decl":{"start":{"line":197,"column":2},"end":{"line":197,"column":3}},"loc":{"start":{"line":197,"column":44},"end":{"line":203,"column":3}}},"6":{"name":"(anonymous_6)","decl":{"start":{"line":213,"column":2},"end":{"line":213,"column":3}},"loc":{"start":{"line":213,"column":44},"end":{"line":215,"column":3}}}},"branchMap":{"0":{"loc":{"start":{"line":29,"column":6},"end":{"line":29,"column":77}},"type":"cond-expr","locations":[{"start":{"line":29,"column":31},"end":{"line":29,"column":44}},{"start":{"line":29,"column":47},"end":{"line":29,"column":77}}]},"1":{"loc":{"start":{"line":54,"column":4},"end":{"line":57,"column":5}},"type":"if","locations":[{"start":{"line":54,"column":4},"end":{"line":57,"column":5}},{"start":{},"end":{}}]},"2":{"loc":{"start":{"line":62,"column":6},"end":{"line":70,"column":7}},"type":"if","locations":[{"start":{"line":62,"column":6},"end":{"line":70,"column":7}},{"start":{},"end":{}}]},"3":{"loc":{"start":{"line":75,"column":22},"end":{"line":75,"column":77}},"type":"cond-expr","locations":[{"start":{"line":75,"column":47},"end":{"line":75,"column":60}},{"start":{"line":75,"column":63},"end":{"line":75,"column":77}}]},"4":{"loc":{"start":{"line":85,"column":0},"end":{"line":129,"column":1}},"type":"if","locations":[{"start":{"line":85,"column":0},"end":{"line":129,"column":1}},{"start":{},"end":{}}]},"5":{"loc":{"start":{"line":85,"column":4},"end":{"line":85,"column":77}},"type":"binary-expr","locations":[{"start":{"line":85,"column":4},"end":{"line":85,"column":34}},{"start":{"line":85,"column":38},"end":{"line":85,"column":77}}]},"6":{"loc":{"start":{"line":103,"column":6},"end":{"line":106,"column":7}},"type":"if","locations":[{"start":{"line":103,"column":6},"end":{"line":106,"column":7}},{"start":{},"end":{}}]},"7":{"loc":{"start":{"line":109,"column":6},"end":{"line":117,"column":7}},"type":"if","locations":[{"start":{"line":109,"column":6},"end":{"line":117,"column":7}},{"start":{},"end":{}}]},"8":{"loc":{"start":{"line":109,"column":10},"end":{"line":109,"column":31}},"type":"binary-expr","locations":[{"start":{"line":109,"column":10},"end":{"line":109,"column":16}},{"start":{"line":109,"column":20},"end":{"line":109,"column":31}}]},"9":{"loc":{"start":{"line":120,"column":23},"end":{"line":122,"column":45}},"type":"cond-expr","locations":[{"start":{"line":121,"column":12},"end":{"line":121,"column":54}},{"start":{"line":122,"column":12},"end":{"line":122,"column":45}}]},"10":{"loc":{"start":{"line":140,"column":6},"end":{"line":143,"column":7}},"type":"if","locations":[{"start":{"line":140,"column":6},"end":{"line":143,"column":7}},{"start":{},"end":{}}]},"11":{"loc":{"start":{"line":146,"column":6},"end":{"line":149,"column":7}},"type":"if","locations":[{"start":{"line":146,"column":6},"end":{"line":149,"column":7}},{"start":{},"end":{}}]},"12":{"loc":{"start":{"line":173,"column":4},"end":{"line":176,"column":5}},"type":"if","locations":[{"start":{"line":173,"column":4},"end":{"line":176,"column":5}},{"start":{},"end":{}}]},"13":{"loc":{"start":{"line":184,"column":8},"end":{"line":184,"column":71}},"type":"cond-expr","locations":[{"start":{"line":184,"column":33},"end":{"line":184,"column":46}},{"start":{"line":184,"column":49},"end":{"line":184,"column":71}}]},"14":{"loc":{"start":{"line":199,"column":4},"end":{"line":201,"column":5}},"type":"if","locations":[{"start":{"line":199,"column":4},"end":{"line":201,"column":5}},{"start":{},"end":{}}]},"15":{"loc":{"start":{"line":199,"column":8},"end":{"line":199,"column":67}},"type":"binary-expr","locations":[{"start":{"line":199,"column":8},"end":{"line":199,"column":40}},{"start":{"line":199,"column":44},"end":{"line":199,"column":67}}]}},"s":{"0":0,"1":0,"2":0,"3":0,"4":0,"5":0,"6":0,"7":0,"8":0,"9":0,"10":0,"11":0,"12":0,"13":0,"14":0,"15":0,"16":0,"17":0,"18":0,"19":0,"20":0,"21":0,"22":0,"23":0,"24":0,"25":0,"26":0,"27":0,"28":0,"29":0,"30":0,"31":0,"32":0,"33":0,"34":0,"35":0,"36":0,"37":0,"38":0,"39":0,"40":0,"41":0,"42":0,"43":0,"44":0,"45":0,"46":0,"47":0,"48":0,"49":0,"50":0,"51":0,"52":0,"53":0,"54":0,"55":0,"56":0,"57":0,"58":0,"59":0,"60":0,"61":0,"62":0,"63":0,"64":0,"65":0,"66":0,"67":0,"68":0,"69":0,"70":0,"71":0,"72":0,"73":0},"f":{"0":0,"1":0,"2":0,"3":0,"4":0,"5":0,"6":0},"b":{"0":[0,0],"1":[0,0],"2":[0,0],"3":[0,0],"4":[0,0],"5":[0,0],"6":[0,0],"7":[0,0],"8":[0,0],"9":[0,0],"10":[0,0],"11":[0,0],"12":[0,0],"13":[0,0],"14":[0,0],"15":[0,0]}}
,"/Users/admin/Cursor/progresshub-correct/backend/src/routes/dashboard.ts": {"path":"/Users/admin/Cursor/progresshub-correct/backend/src/routes/dashboard.ts","statementMap":{"0":{"start":{"line":1,"column":0},"end":{"line":1,"column":43}},"1":{"start":{"line":2,"column":0},"end":{"line":2,"column":64}},"2":{"start":{"line":3,"column":0},"end":{"line":3,"column":63}},"3":{"start":{"line":4,"column":0},"end":{"line":4,"column":59}},"4":{"start":{"line":5,"column":0},"end":{"line":5,"column":38}},"5":{"start":{"line":7,"column":15},"end":{"line":7,"column":23}},"6":{"start":{"line":9,"column":0},"end":{"line":9,"column":25}},"7":{"start":{"line":15,"column":0},"end":{"line":31,"column":2}},"8":{"start":{"line":18,"column":4},"end":{"line":29,"column":5}},"9":{"start":{"line":19,"column":20},"end":{"line":19,"column":53}},"10":{"start":{"line":20,"column":6},"end":{"line":20,"column":30}},"11":{"start":{"line":22,"column":6},"end":{"line":22,"column":52}},"12":{"start":{"line":23,"column":6},"end":{"line":28,"column":8}},"13":{"start":{"line":37,"column":0},"end":{"line":53,"column":2}},"14":{"start":{"line":40,"column":4},"end":{"line":51,"column":5}},"15":{"start":{"line":41,"column":24},"end":{"line":41,"column":61}},"16":{"start":{"line":42,"column":6},"end":{"line":42,"column":34}},"17":{"start":{"line":44,"column":6},"end":{"line":44,"column":56}},"18":{"start":{"line":45,"column":6},"end":{"line":50,"column":8}},"19":{"start":{"line":55,"column":0},"end":{"line":55,"column":22}}},"fnMap":{"0":{"name":"(anonymous_1)","decl":{"start":{"line":17,"column":2},"end":{"line":17,"column":7}},"loc":{"start":{"line":17,"column":60},"end":{"line":30,"column":3}}},"1":{"name":"(anonymous_2)","decl":{"start":{"line":39,"column":2},"end":{"line":39,"column":7}},"loc":{"start":{"line":39,"column":60},"end":{"line":52,"column":3}}}},"branchMap":{},"s":{"0":0,"1":0,"2":0,"3":0,"4":0,"5":0,"6":0,"7":0,"8":0,"9":0,"10":0,"11":0,"12":0,"13":0,"14":0,"15":0,"16":0,"17":0,"18":0,"19":0},"f":{"0":0,"1":0},"b":{}}
,"/Users/admin/Cursor/progresshub-correct/backend/src/routes/employees.ts": {"path":"/Users/admin/Cursor/progresshub-correct/backend/src/routes/employees.ts","statementMap":{"0":{"start":{"line":1,"column":0},"end":{"line":1,"column":43}},"1":{"start":{"line":2,"column":0},"end":{"line":2,"column":73}},"2":{"start":{"line":3,"column":0},"end":{"line":3,"column":62}},"3":{"start":{"line":4,"column":0},"end":{"line":4,"column":null}},"4":{"start":{"line":10,"column":0},"end":{"line":10,"column":50}},"5":{"start":{"line":11,"column":0},"end":{"line":11,"column":49}},"6":{"start":{"line":12,"column":0},"end":{"line":12,"column":null}},"7":{"start":{"line":17,"column":0},"end":{"line":17,"column":54}},"8":{"start":{"line":18,"column":0},"end":{"line":18,"column":39}},"9":{"start":{"line":20,"column":15},"end":{"line":20,"column":23}},"10":{"start":{"line":23,"column":0},"end":{"line":23,"column":25}},"11":{"start":{"line":24,"column":0},"end":{"line":24,"column":25}},"12":{"start":{"line":30,"column":0},"end":{"line":69,"column":2}},"13":{"start":{"line":42,"column":19},"end":{"line":42,"column":40}},"14":{"start":{"line":43,"column":4},"end":{"line":46,"column":5}},"15":{"start":{"line":44,"column":6},"end":{"line":44,"column":79}},"16":{"start":{"line":45,"column":6},"end":{"line":45,"column":13}},"17":{"start":{"line":48,"column":4},"end":{"line":67,"column":5}},"18":{"start":{"line":49,"column":19},"end":{"line":49,"column":46}},"19":{"start":{"line":50,"column":20},"end":{"line":50,"column":49}},"20":{"start":{"line":52,"column":21},"end":{"line":58,"column":8}},"21":{"start":{"line":60,"column":6},"end":{"line":64,"column":9}},"22":{"start":{"line":66,"column":6},"end":{"line":66,"column":79}},"23":{"start":{"line":75,"column":0},"end":{"line":96,"column":2}},"24":{"start":{"line":79,"column":19},"end":{"line":79,"column":40}},"25":{"start":{"line":80,"column":4},"end":{"line":83,"column":5}},"26":{"start":{"line":81,"column":6},"end":{"line":81,"column":79}},"27":{"start":{"line":82,"column":6},"end":{"line":82,"column":13}},"28":{"start":{"line":85,"column":4},"end":{"line":94,"column":5}},"29":{"start":{"line":86,"column":23},"end":{"line":86,"column":75}},"30":{"start":{"line":87,"column":6},"end":{"line":90,"column":7}},"31":{"start":{"line":88,"column":8},"end":{"line":88,"column":72}},"32":{"start":{"line":89,"column":8},"end":{"line":89,"column":15}},"33":{"start":{"line":91,"column":6},"end":{"line":91,"column":44}},"34":{"start":{"line":93,"column":6},"end":{"line":93,"column":77}},"35":{"start":{"line":102,"column":0},"end":{"line":157,"column":2}},"36":{"start":{"line":122,"column":19},"end":{"line":122,"column":40}},"37":{"start":{"line":123,"column":4},"end":{"line":126,"column":5}},"38":{"start":{"line":124,"column":6},"end":{"line":124,"column":79}},"39":{"start":{"line":125,"column":6},"end":{"line":125,"column":13}},"40":{"start":{"line":128,"column":4},"end":{"line":155,"column":5}},"41":{"start":{"line":129,"column":37},"end":{"line":129,"column":45}},"42":{"start":{"line":132,"column":6},"end":{"line":135,"column":7}},"43":{"start":{"line":133,"column":8},"end":{"line":133,"column":68}},"44":{"start":{"line":134,"column":8},"end":{"line":134,"column":15}},"45":{"start":{"line":138,"column":6},"end":{"line":144,"column":7}},"46":{"start":{"line":142,"column":8},"end":{"line":142,"column":79}},"47":{"start":{"line":143,"column":8},"end":{"line":143,"column":15}},"48":{"start":{"line":146,"column":23},"end":{"line":146,"column":69}},"49":{"start":{"line":147,"column":6},"end":{"line":147,"column":49}},"50":{"start":{"line":149,"column":6},"end":{"line":154,"column":8}},"51":{"start":{"line":163,"column":0},"end":{"line":214,"column":2}},"52":{"start":{"line":178,"column":19},"end":{"line":178,"column":40}},"53":{"start":{"line":179,"column":4},"end":{"line":182,"column":5}},"54":{"start":{"line":180,"column":6},"end":{"line":180,"column":79}},"55":{"start":{"line":181,"column":6},"end":{"line":181,"column":13}},"56":{"start":{"line":184,"column":4},"end":{"line":212,"column":5}},"57":{"start":{"line":185,"column":21},"end":{"line":185,"column":31}},"58":{"start":{"line":188,"column":23},"end":{"line":188,"column":64}},"59":{"start":{"line":189,"column":6},"end":{"line":192,"column":7}},"60":{"start":{"line":190,"column":8},"end":{"line":190,"column":72}},"61":{"start":{"line":191,"column":8},"end":{"line":191,"column":15}},"62":{"start":{"line":195,"column":6},"end":{"line":201,"column":7}},"63":{"start":{"line":199,"column":8},"end":{"line":199,"column":68}},"64":{"start":{"line":200,"column":8},"end":{"line":200,"column":15}},"65":{"start":{"line":203,"column":23},"end":{"line":203,"column":73}},"66":{"start":{"line":204,"column":6},"end":{"line":204,"column":44}},"67":{"start":{"line":206,"column":6},"end":{"line":211,"column":8}},"68":{"start":{"line":220,"column":0},"end":{"line":250,"column":2}},"69":{"start":{"line":226,"column":19},"end":{"line":226,"column":40}},"70":{"start":{"line":227,"column":4},"end":{"line":230,"column":5}},"71":{"start":{"line":228,"column":6},"end":{"line":228,"column":79}},"72":{"start":{"line":229,"column":6},"end":{"line":229,"column":13}},"73":{"start":{"line":232,"column":4},"end":{"line":248,"column":5}},"74":{"start":{"line":233,"column":23},"end":{"line":233,"column":75}},"75":{"start":{"line":234,"column":6},"end":{"line":237,"column":7}},"76":{"start":{"line":235,"column":8},"end":{"line":235,"column":72}},"77":{"start":{"line":236,"column":8},"end":{"line":236,"column":15}},"78":{"start":{"line":239,"column":6},"end":{"line":239,"column":62}},"79":{"start":{"line":240,"column":6},"end":{"line":240,"column":29}},"80":{"start":{"line":242,"column":6},"end":{"line":247,"column":8}},"81":{"start":{"line":252,"column":0},"end":{"line":252,"column":22}}},"fnMap":{"0":{"name":"(anonymous_0)","decl":{"start":{"line":41,"column":2},"end":{"line":41,"column":7}},"loc":{"start":{"line":41,"column":59},"end":{"line":68,"column":3}}},"1":{"name":"(anonymous_1)","decl":{"start":{"line":78,"column":2},"end":{"line":78,"column":7}},"loc":{"start":{"line":78,"column":59},"end":{"line":95,"column":3}}},"2":{"name":"(anonymous_2)","decl":{"start":{"line":121,"column":2},"end":{"line":121,"column":7}},"loc":{"start":{"line":121,"column":59},"end":{"line":156,"column":3}}},"3":{"name":"(anonymous_3)","decl":{"start":{"line":177,"column":2},"end":{"line":177,"column":7}},"loc":{"start":{"line":177,"column":59},"end":{"line":213,"column":3}}},"4":{"name":"(anonymous_4)","decl":{"start":{"line":225,"column":2},"end":{"line":225,"column":7}},"loc":{"start":{"line":225,"column":59},"end":{"line":249,"column":3}}}},"branchMap":{"0":{"loc":{"start":{"line":43,"column":4},"end":{"line":46,"column":5}},"type":"if","locations":[{"start":{"line":43,"column":4},"end":{"line":46,"column":5}},{"start":{},"end":{}}]},"1":{"loc":{"start":{"line":49,"column":19},"end":{"line":49,"column":46}},"type":"binary-expr","locations":[{"start":{"line":49,"column":19},"end":{"line":49,"column":41}},{"start":{"line":49,"column":45},"end":{"line":49,"column":46}}]},"2":{"loc":{"start":{"line":50,"column":20},"end":{"line":50,"column":49}},"type":"binary-expr","locations":[{"start":{"line":50,"column":20},"end":{"line":50,"column":43}},{"start":{"line":50,"column":47},"end":{"line":50,"column":49}}]},"3":{"loc":{"start":{"line":80,"column":4},"end":{"line":83,"column":5}},"type":"if","locations":[{"start":{"line":80,"column":4},"end":{"line":83,"column":5}},{"start":{},"end":{}}]},"4":{"loc":{"start":{"line":87,"column":6},"end":{"line":90,"column":7}},"type":"if","locations":[{"start":{"line":87,"column":6},"end":{"line":90,"column":7}},{"start":{},"end":{}}]},"5":{"loc":{"start":{"line":123,"column":4},"end":{"line":126,"column":5}},"type":"if","locations":[{"start":{"line":123,"column":4},"end":{"line":126,"column":5}},{"start":{},"end":{}}]},"6":{"loc":{"start":{"line":132,"column":6},"end":{"line":135,"column":7}},"type":"if","locations":[{"start":{"line":132,"column":6},"end":{"line":135,"column":7}},{"start":{},"end":{}}]},"7":{"loc":{"start":{"line":138,"column":6},"end":{"line":144,"column":7}},"type":"if","locations":[{"start":{"line":138,"column":6},"end":{"line":144,"column":7}},{"start":{},"end":{}}]},"8":{"loc":{"start":{"line":139,"column":8},"end":{"line":140,"column":62}},"type":"binary-expr","locations":[{"start":{"line":139,"column":8},"end":{"line":139,"column":19}},{"start":{"line":140,"column":9},"end":{"line":140,"column":61}}]},"9":{"loc":{"start":{"line":179,"column":4},"end":{"line":182,"column":5}},"type":"if","locations":[{"start":{"line":179,"column":4},"end":{"line":182,"column":5}},{"start":{},"end":{}}]},"10":{"loc":{"start":{"line":189,"column":6},"end":{"line":192,"column":7}},"type":"if","locations":[{"start":{"line":189,"column":6},"end":{"line":192,"column":7}},{"start":{},"end":{}}]},"11":{"loc":{"start":{"line":195,"column":6},"end":{"line":201,"column":7}},"type":"if","locations":[{"start":{"line":195,"column":6},"end":{"line":201,"column":7}},{"start":{},"end":{}}]},"12":{"loc":{"start":{"line":196,"column":8},"end":{"line":197,"column":63}},"type":"binary-expr","locations":[{"start":{"line":196,"column":8},"end":{"line":196,"column":22}},{"start":{"line":197,"column":9},"end":{"line":197,"column":62}}]},"13":{"loc":{"start":{"line":227,"column":4},"end":{"line":230,"column":5}},"type":"if","locations":[{"start":{"line":227,"column":4},"end":{"line":230,"column":5}},{"start":{},"end":{}}]},"14":{"loc":{"start":{"line":234,"column":6},"end":{"line":237,"column":7}},"type":"if","locations":[{"start":{"line":234,"column":6},"end":{"line":237,"column":7}},{"start":{},"end":{}}]}},"s":{"0":0,"1":0,"2":0,"3":0,"4":0,"5":0,"6":0,"7":0,"8":0,"9":0,"10":0,"11":0,"12":0,"13":0,"14":0,"15":0,"16":0,"17":0,"18":0,"19":0,"20":0,"21":0,"22":0,"23":0,"24":0,"25":0,"26":0,"27":0,"28":0,"29":0,"30":0,"31":0,"32":0,"33":0,"34":0,"35":0,"36":0,"37":0,"38":0,"39":0,"40":0,"41":0,"42":0,"43":0,"44":0,"45":0,"46":0,"47":0,"48":0,"49":0,"50":0,"51":0,"52":0,"53":0,"54":0,"55":0,"56":0,"57":0,"58":0,"59":0,"60":0,"61":0,"62":0,"63":0,"64":0,"65":0,"66":0,"67":0,"68":0,"69":0,"70":0,"71":0,"72":0,"73":0,"74":0,"75":0,"76":0,"77":0,"78":0,"79":0,"80":0,"81":0},"f":{"0":0,"1":0,"2":0,"3":0,"4":0},"b":{"0":[0,0],"1":[0,0],"2":[0,0],"3":[0,0],"4":[0,0],"5":[0,0],"6":[0,0],"7":[0,0],"8":[0,0],"9":[0,0],"10":[0,0],"11":[0,0],"12":[0,0],"13":[0,0],"14":[0,0]}}
,"/Users/admin/Cursor/progresshub-correct/backend/src/routes/health.ts": {"path":"/Users/admin/Cursor/progresshub-correct/backend/src/routes/health.ts","statementMap":{"0":{"start":{"line":1,"column":0},"end":{"line":1,"column":33}},"1":{"start":{"line":2,"column":0},"end":{"line":2,"column":40}},"2":{"start":{"line":3,"column":0},"end":{"line":3,"column":59}},"3":{"start":{"line":5,"column":15},"end":{"line":5,"column":23}},"4":{"start":{"line":18,"column":0},"end":{"line":24,"column":3}},"5":{"start":{"line":19,"column":2},"end":{"line":23,"column":5}},"6":{"start":{"line":39,"column":0},"end":{"line":53,"column":3}},"7":{"start":{"line":40,"column":2},"end":{"line":52,"column":3}},"8":{"start":{"line":41,"column":4},"end":{"line":41,"column":37}},"9":{"start":{"line":42,"column":4},"end":{"line":46,"column":7}},"10":{"start":{"line":48,"column":4},"end":{"line":51,"column":7}},"11":{"start":{"line":66,"column":0},"end":{"line":72,"column":3}},"12":{"start":{"line":67,"column":2},"end":{"line":71,"column":5}},"13":{"start":{"line":74,"column":0},"end":{"line":74,"column":22}}},"fnMap":{"0":{"name":"(anonymous_1)","decl":{"start":{"line":18,"column":16},"end":{"line":18,"column":17}},"loc":{"start":{"line":18,"column":30},"end":{"line":24,"column":1}}},"1":{"name":"(anonymous_2)","decl":{"start":{"line":39,"column":21},"end":{"line":39,"column":26}},"loc":{"start":{"line":39,"column":41},"end":{"line":53,"column":1}}},"2":{"name":"(anonymous_3)","decl":{"start":{"line":66,"column":20},"end":{"line":66,"column":21}},"loc":{"start":{"line":66,"column":34},"end":{"line":72,"column":1}}}},"branchMap":{},"s":{"0":1,"1":1,"2":1,"3":1,"4":1,"5":2,"6":1,"7":2,"8":2,"9":1,"10":1,"11":1,"12":2,"13":1},"f":{"0":2,"1":2,"2":2},"b":{}}
,"/Users/admin/Cursor/progresshub-correct/backend/src/routes/index.ts": {"path":"/Users/admin/Cursor/progresshub-correct/backend/src/routes/index.ts","statementMap":{"0":{"start":{"line":1,"column":0},"end":{"line":1,"column":33}},"1":{"start":{"line":2,"column":0},"end":{"line":2,"column":32}},"2":{"start":{"line":3,"column":0},"end":{"line":3,"column":41}},"3":{"start":{"line":4,"column":0},"end":{"line":4,"column":39}},"4":{"start":{"line":5,"column":0},"end":{"line":5,"column":33}},"5":{"start":{"line":6,"column":0},"end":{"line":6,"column":40}},"6":{"start":{"line":7,"column":0},"end":{"line":7,"column":44}},"7":{"start":{"line":8,"column":0},"end":{"line":8,"column":50}},"8":{"start":{"line":9,"column":0},"end":{"line":9,"column":42}},"9":{"start":{"line":10,"column":0},"end":{"line":10,"column":43}},"10":{"start":{"line":11,"column":0},"end":{"line":11,"column":36}},"11":{"start":{"line":12,"column":0},"end":{"line":12,"column":42}},"12":{"start":{"line":13,"column":0},"end":{"line":13,"column":48}},"13":{"start":{"line":14,"column":0},"end":{"line":14,"column":48}},"14":{"start":{"line":15,"column":0},"end":{"line":15,"column":36}},"15":{"start":{"line":17,"column":15},"end":{"line":17,"column":23}},"16":{"start":{"line":20,"column":0},"end":{"line":20,"column":32}},"17":{"start":{"line":21,"column":0},"end":{"line":21,"column":41}},"18":{"start":{"line":22,"column":0},"end":{"line":22,"column":39}},"19":{"start":{"line":23,"column":0},"end":{"line":23,"column":33}},"20":{"start":{"line":24,"column":0},"end":{"line":24,"column":40}},"21":{"start":{"line":25,"column":0},"end":{"line":25,"column":43}},"22":{"start":{"line":26,"column":0},"end":{"line":26,"column":45}},"23":{"start":{"line":27,"column":0},"end":{"line":27,"column":51}},"24":{"start":{"line":28,"column":0},"end":{"line":28,"column":43}},"25":{"start":{"line":29,"column":0},"end":{"line":29,"column":36}},"26":{"start":{"line":30,"column":0},"end":{"line":30,"column":42}},"27":{"start":{"line":31,"column":0},"end":{"line":31,"column":40}},"28":{"start":{"line":34,"column":0},"end":{"line":38,"column":1}},"29":{"start":{"line":35,"column":2},"end":{"line":37,"column":5}},"30":{"start":{"line":35,"column":2},"end":{"line":35,"column":20}},"31":{"start":{"line":36,"column":4},"end":{"line":36,"column":46}},"32":{"start":{"line":41,"column":0},"end":{"line":61,"column":3}},"33":{"start":{"line":42,"column":2},"end":{"line":60,"column":5}},"34":{"start":{"line":63,"column":0},"end":{"line":63,"column":22}}},"fnMap":{"0":{"name":"(anonymous_10)","decl":{"start":{"line":35,"column":2},"end":{"line":35,"column":9}},"loc":{"start":{"line":35,"column":2},"end":{"line":35,"column":20}}},"1":{"name":"(anonymous_11)","decl":{"start":{"line":35,"column":25},"end":{"line":35,"column":26}},"loc":{"start":{"line":35,"column":41},"end":{"line":37,"column":3}}},"2":{"name":"(anonymous_12)","decl":{"start":{"line":41,"column":16},"end":{"line":41,"column":17}},"loc":{"start":{"line":41,"column":30},"end":{"line":61,"column":1}}}},"branchMap":{"0":{"loc":{"start":{"line":34,"column":0},"end":{"line":38,"column":1}},"type":"if","locations":[{"start":{"line":34,"column":0},"end":{"line":38,"column":1}},{"start":{},"end":{}}]}},"s":{"0":0,"1":0,"2":0,"3":0,"4":0,"5":0,"6":0,"7":0,"8":0,"9":0,"10":0,"11":0,"12":0,"13":0,"14":0,"15":0,"16":0,"17":0,"18":0,"19":0,"20":0,"21":0,"22":0,"23":0,"24":0,"25":0,"26":0,"27":0,"28":0,"29":0,"30":0,"31":0,"32":0,"33":0,"34":0},"f":{"0":0,"1":0,"2":0},"b":{"0":[0,0]}}
,"/Users/admin/Cursor/progresshub-correct/backend/src/routes/milestones.ts": {"path":"/Users/admin/Cursor/progresshub-correct/backend/src/routes/milestones.ts","statementMap":{"0":{"start":{"line":1,"column":0},"end":{"line":1,"column":43}},"1":{"start":{"line":2,"column":0},"end":{"line":2,"column":73}},"2":{"start":{"line":3,"column":0},"end":{"line":3,"column":74}},"3":{"start":{"line":4,"column":0},"end":{"line":4,"column":49}},"4":{"start":{"line":5,"column":0},"end":{"line":5,"column":59}},"5":{"start":{"line":6,"column":0},"end":{"line":6,"column":64}},"6":{"start":{"line":7,"column":0},"end":{"line":7,"column":44}},"7":{"start":{"line":9,"column":15},"end":{"line":9,"column":23}},"8":{"start":{"line":11,"column":0},"end":{"line":11,"column":25}},"9":{"start":{"line":17,"column":0},"end":{"line":34,"column":2}},"10":{"start":{"line":21,"column":4},"end":{"line":32,"column":5}},"11":{"start":{"line":22,"column":24},"end":{"line":22,"column":65}},"12":{"start":{"line":23,"column":25},"end":{"line":23,"column":72}},"13":{"start":{"line":24,"column":6},"end":{"line":24,"column":55}},"14":{"start":{"line":26,"column":6},"end":{"line":31,"column":8}},"15":{"start":{"line":40,"column":0},"end":{"line":88,"column":2}},"16":{"start":{"line":63,"column":19},"end":{"line":63,"column":40}},"17":{"start":{"line":64,"column":4},"end":{"line":67,"column":5}},"18":{"start":{"line":65,"column":6},"end":{"line":65,"column":79}},"19":{"start":{"line":66,"column":6},"end":{"line":66,"column":13}},"20":{"start":{"line":69,"column":4},"end":{"line":86,"column":5}},"21":{"start":{"line":70,"column":24},"end":{"line":77,"column":8}},"22":{"start":{"line":78,"column":6},"end":{"line":78,"column":55}},"23":{"start":{"line":80,"column":6},"end":{"line":85,"column":8}},"24":{"start":{"line":94,"column":0},"end":{"line":133,"column":2}},"25":{"start":{"line":109,"column":19},"end":{"line":109,"column":40}},"26":{"start":{"line":110,"column":4},"end":{"line":113,"column":5}},"27":{"start":{"line":111,"column":6},"end":{"line":111,"column":79}},"28":{"start":{"line":112,"column":6},"end":{"line":112,"column":13}},"29":{"start":{"line":115,"column":4},"end":{"line":131,"column":5}},"30":{"start":{"line":116,"column":23},"end":{"line":116,"column":77}},"31":{"start":{"line":117,"column":6},"end":{"line":120,"column":7}},"32":{"start":{"line":118,"column":8},"end":{"line":118,"column":74}},"33":{"start":{"line":119,"column":8},"end":{"line":119,"column":15}},"34":{"start":{"line":122,"column":6},"end":{"line":122,"column":60}},"35":{"start":{"line":123,"column":6},"end":{"line":123,"column":29}},"36":{"start":{"line":125,"column":6},"end":{"line":130,"column":8}},"37":{"start":{"line":135,"column":0},"end":{"line":135,"column":22}}},"fnMap":{"0":{"name":"(anonymous_0)","decl":{"start":{"line":20,"column":2},"end":{"line":20,"column":7}},"loc":{"start":{"line":20,"column":59},"end":{"line":33,"column":3}}},"1":{"name":"(anonymous_1)","decl":{"start":{"line":62,"column":2},"end":{"line":62,"column":7}},"loc":{"start":{"line":62,"column":59},"end":{"line":87,"column":3}}},"2":{"name":"(anonymous_2)","decl":{"start":{"line":108,"column":2},"end":{"line":108,"column":7}},"loc":{"start":{"line":108,"column":59},"end":{"line":132,"column":3}}}},"branchMap":{"0":{"loc":{"start":{"line":64,"column":4},"end":{"line":67,"column":5}},"type":"if","locations":[{"start":{"line":64,"column":4},"end":{"line":67,"column":5}},{"start":{},"end":{}}]},"1":{"loc":{"start":{"line":110,"column":4},"end":{"line":113,"column":5}},"type":"if","locations":[{"start":{"line":110,"column":4},"end":{"line":113,"column":5}},{"start":{},"end":{}}]},"2":{"loc":{"start":{"line":117,"column":6},"end":{"line":120,"column":7}},"type":"if","locations":[{"start":{"line":117,"column":6},"end":{"line":120,"column":7}},{"start":{},"end":{}}]}},"s":{"0":0,"1":0,"2":0,"3":0,"4":0,"5":0,"6":0,"7":0,"8":0,"9":0,"10":0,"11":0,"12":0,"13":0,"14":0,"15":0,"16":0,"17":0,"18":0,"19":0,"20":0,"21":0,"22":0,"23":0,"24":0,"25":0,"26":0,"27":0,"28":0,"29":0,"30":0,"31":0,"32":0,"33":0,"34":0,"35":0,"36":0,"37":0},"f":{"0":0,"1":0,"2":0},"b":{"0":[0,0],"1":[0,0],"2":[0,0]}}
,"/Users/admin/Cursor/progresshub-correct/backend/src/routes/progress.ts": {"path":"/Users/admin/Cursor/progresshub-correct/backend/src/routes/progress.ts","statementMap":{"0":{"start":{"line":1,"column":0},"end":{"line":1,"column":43}},"1":{"start":{"line":2,"column":0},"end":{"line":2,"column":73}},"2":{"start":{"line":3,"column":0},"end":{"line":3,"column":62}},"3":{"start":{"line":4,"column":0},"end":{"line":4,"column":54}},"4":{"start":{"line":5,"column":0},"end":{"line":5,"column":63}},"5":{"start":{"line":6,"column":0},"end":{"line":6,"column":null}},"6":{"start":{"line":12,"column":15},"end":{"line":12,"column":23}},"7":{"start":{"line":15,"column":0},"end":{"line":15,"column":25}},"8":{"start":{"line":21,"column":0},"end":{"line":69,"column":2}},"9":{"start":{"line":32,"column":19},"end":{"line":32,"column":40}},"10":{"start":{"line":33,"column":4},"end":{"line":36,"column":5}},"11":{"start":{"line":34,"column":6},"end":{"line":34,"column":79}},"12":{"start":{"line":35,"column":6},"end":{"line":35,"column":13}},"13":{"start":{"line":38,"column":4},"end":{"line":67,"column":5}},"14":{"start":{"line":39,"column":19},"end":{"line":39,"column":46}},"15":{"start":{"line":40,"column":20},"end":{"line":40,"column":49}},"16":{"start":{"line":42,"column":21},"end":{"line":53,"column":8}},"17":{"start":{"line":55,"column":6},"end":{"line":59,"column":9}},"18":{"start":{"line":61,"column":6},"end":{"line":66,"column":8}},"19":{"start":{"line":75,"column":0},"end":{"line":94,"column":3}},"20":{"start":{"line":76,"column":2},"end":{"line":93,"column":3}},"21":{"start":{"line":77,"column":4},"end":{"line":80,"column":5}},"22":{"start":{"line":78,"column":6},"end":{"line":78,"column":63}},"23":{"start":{"line":79,"column":6},"end":{"line":79,"column":13}},"24":{"start":{"line":82,"column":19},"end":{"line":83,"column":null}},"25":{"start":{"line":85,"column":4},"end":{"line":85,"column":29}},"26":{"start":{"line":87,"column":4},"end":{"line":92,"column":6}},"27":{"start":{"line":100,"column":0},"end":{"line":133,"column":2}},"28":{"start":{"line":111,"column":19},"end":{"line":111,"column":40}},"29":{"start":{"line":112,"column":4},"end":{"line":115,"column":5}},"30":{"start":{"line":113,"column":6},"end":{"line":113,"column":79}},"31":{"start":{"line":114,"column":6},"end":{"line":114,"column":13}},"32":{"start":{"line":117,"column"
[...]
:100,"column":105}},"34":{"start":{"line":100,"column":46},"end":{"line":100,"column":103}},"35":{"start":{"line":105,"column":21},"end":{"line":107,"column":6}},"36":{"start":{"line":108,"column":4},"end":{"line":108,"column":104}},"37":{"start":{"line":108,"column":49},"end":{"line":108,"column":102}},"38":{"start":{"line":117,"column":24},"end":{"line":117,"column":55}},"39":{"start":{"line":118,"column":44},"end":{"line":121,"column":6}},"40":{"start":{"line":122,"column":4},"end":{"line":124,"column":5}},"41":{"start":{"line":123,"column":6},"end":{"line":123,"column":49}},"42":{"start":{"line":126,"column":21},"end":{"line":128,"column":6}},"43":{"start":{"line":129,"column":4},"end":{"line":129,"column":104}},"44":{"start":{"line":129,"column":49},"end":{"line":129,"column":102}},"45":{"start":{"line":134,"column":24},"end":{"line":134,"column":55}},"46":{"start":{"line":135,"column":21},"end":{"line":136,"column":null}},"47":{"start":{"line":138,"column":4},"end":{"line":138,"column":46}},"48":{"start":{"line":143,"column":21},"end":{"line":145,"column":6}},"49":{"start":{"line":146,"column":4},"end":{"line":146,"column":25}},"50":{"start":{"line":151,"column":24},"end":{"line":151,"column":55}},"51":{"start":{"line":152,"column":21},"end":{"line":154,"column":6}},"52":{"start":{"line":155,"column":4},"end":{"line":155,"column":104}},"53":{"start":{"line":155,"column":49},"end":{"line":155,"column":102}},"54":{"start":{"line":165,"column":24},"end":{"line":165,"column":55}},"55":{"start":{"line":166,"column":21},"end":{"line":170,"column":6}},"56":{"start":{"line":171,"column":4},"end":{"line":171,"column":46}},"57":{"start":{"line":185,"column":24},"end":{"line":185,"column":55}},"58":{"start":{"line":186,"column":42},"end":{"line":186,"column":56}},"59":{"start":{"line":187,"column":4},"end":{"line":189,"column":5}},"60":{"start":{"line":188,"column":6},"end":{"line":188,"column":45}},"61":{"start":{"line":190,"column":21},"end":{"line":192,"column":null}},"62":{"start":{"line":194,"column":4},"end":{"line":194,"column":46}},"63":{"start":{"line":199,"column":4},"end":{"line":206,"column":6}},"64":{"start":{"line":210,"column":18},"end":{"line":210,"column":66}},"65":{"start":{"line":211,"column":4},"end":{"line":230,"column":6}},"66":{"start":{"line":234,"column":19},"end":{"line":234,"column":57}},"67":{"start":{"line":235,"column":4},"end":{"line":256,"column":6}},"68":{"start":{"line":260,"column":19},"end":{"line":260,"column":57}},"69":{"start":{"line":261,"column":23},"end":{"line":261,"column":73}},"70":{"start":{"line":262,"column":22},"end":{"line":262,"column":75}},"71":{"start":{"line":264,"column":4},"end":{"line":283,"column":6}},"72":{"start":{"line":271,"column":38},"end":{"line":271,"column":59}},"73":{"start":{"line":9,"column":0},"end":{"line":9,"column":13}},"74":{"start":{"line":289,"column":2},"end":{"line":289,"column":51}}},"fnMap":{"0":{"name":"(anonymous_1)","decl":{"start":{"line":13,"column":2},"end":{"line":13,"column":14}},"loc":{"start":{"line":13,"column":50},"end":{"line":40,"column":3}}},"1":{"name":"(anonymous_2)","decl":{"start":{"line":26,"column":6},"end":{"line":26,"column":7}},"loc":{"start":{"line":26,"column":20},"end":{"line":26,"column":28}}},"2":{"name":"(anonymous_3)","decl":{"start":{"line":27,"column":6},"end":{"line":27,"column":7}},"loc":{"start":{"line":27,"column":28},"end":{"line":38,"column":7}}},"3":{"name":"(anonymous_4)","decl":{"start":{"line":43,"column":2},"end":{"line":43,"column":7}},"loc":{"start":{"line":43,"column":22},"end":{"line":46,"column":3}}},"4":{"name":"(anonymous_5)","decl":{"start":{"line":49,"column":2},"end":{"line":49,"column":7}},"loc":{"start":{"line":49,"column":56},"end":{"line":61,"column":3}}},"5":{"name":"(anonymous_6)","decl":{"start":{"line":60,"column":29},"end":{"line":60,"column":30}},"loc":{"start":{"line":60,"column":50},"end":{"line":60,"column":105}}},"6":{"name":"(anonymous_7)","decl":{"start":{"line":64,"column":2},"end":{"line":64,"column":7}},"loc":{"start":{"line":64,"column":57},"end":{"line":70,"column":3}}},"7":{"name":"(anonymous_8)","decl":{"start":{"line":73,"column":2},"end":{"line":73,"column":7}},"loc":{"start":{"line":74,"column":50},"end":{"line":80,"column":3}}},"8":{"name":"(anonymous_9)","decl":{"start":{"line":79,"column":29},"end":{"line":79,"column":30}},"loc":{"start":{"line":79,"column":46},"end":{"line":79,"column":103}}},"9":{"name":"(anonymous_10)","decl":{"start":{"line":83,"column":2},"end":{"line":83,"column":7}},"loc":{"start":{"line":86,"column":16},"end":{"line":101,"column":3}}},"10":{"name":"(anonymous_11)","decl":{"start":{"line":100,"column":29},"end":{"line":100,"column":30}},"loc":{"start":{"line":100,"column":46},"end":{"line":100,"column":103}}},"11":{"name":"(anonymous_12)","decl":{"start":{"line":104,"column":2},"end":{"line":104,"column":7}},"loc":{"start":{"line":104,"column":57},"end":{"line":109,"column":3}}},"12":{"name":"(anonymous_13)","decl":{"start":{"line":108,"column":29},"end":{"line":108,"column":30}},"loc":{"start":{"line":108,"column":49},"end":{"line":108,"column":102}}},"13":{"name":"(anonymous_14)","decl":{"start":{"line":112,"column":2},"end":{"line":112,"column":7}},"loc":{"start":{"line":115,"column":16},"end":{"line":130,"column":3}}},"14":{"name":"(anonymous_15)","decl":{"start":{"line":129,"column":29},"end":{"line":129,"column":30}},"loc":{"start":{"line":129,"column":49},"end":{"line":129,"column":102}}},"15":{"name":"(anonymous_16)","decl":{"start":{"line":133,"column":2},"end":{"line":133,"column":7}},"loc":{"start":{"line":133,"column":54},"end":{"line":139,"column":3}}},"16":{"name":"(anonymous_17)","decl":{"start":{"line":142,"column":2},"end":{"line":142,"column":7}},"loc":{"start":{"line":142,"column":37},"end":{"line":147,"column":3}}},"17":{"name":"(anonymous_18)","decl":{"start":{"line":150,"column":2},"end":{"line":150,"column":7}},"loc":{"start":{"line":150,"column":55},"end":{"line":156,"column":3}}},"18":{"name":"(anonymous_19)","decl":{"start":{"line":155,"column":29},"end":{"line":155,"column":30}},"loc":{"start":{"line":155,"column":49},"end":{"line":155,"column":102}}},"19":{"name":"(anonymous_20)","decl":{"start":{"line":159,"column":2},"end":{"line":159,"column":7}},"loc":{"start":{"line":163,"column":21},"end":{"line":172,"column":3}}},"20":{"name":"(anonymous_21)","decl":{"start":{"line":175,"column":2},"end":{"line":175,"column":7}},"loc":{"start":{"line":183,"column":5},"end":{"line":195,"column":3}}},"21":{"name":"(anonymous_22)","decl":{"start":{"line":198,"column":10},"end":{"line":198,"column":23}},"loc":{"start":{"line":198,"column":53},"end":{"line":207,"column":3}}},"22":{"name":"(anonymous_23)","decl":{"start":{"line":209,"column":10},"end":{"line":209,"column":25}},"loc":{"start":{"line":209,"column":55},"end":{"line":231,"column":3}}},"23":{"name":"(anonymous_24)","decl":{"start":{"line":233,"column":10},"end":{"line":233,"column":31}},"loc":{"start":{"line":233,"column":61},"end":{"line":257,"column":3}}},"24":{"name":"(anonymous_25)","decl":{"start":{"line":259,"column":10},"end":{"line":259,"column":24}},"loc":{"start":{"line":259,"column":54},"end":{"line":284,"column":3}}},"25":{"name":"(anonymous_26)","decl":{"start":{"line":271,"column":31},"end":{"line":271,"column":32}},"loc":{"start":{"line":271,"column":38},"end":{"line":271,"column":59}}},"26":{"name":"createGitLabClient","decl":{"start":{"line":288,"column":16},"end":{"line":288,"column":34}},"loc":{"start":{"line":288,"column":71},"end":{"line":290,"column":1}}}},"branchMap":{"0":{"loc":{"start":{"line":28,"column":8},"end":{"line":30,"column":9}},"type":"if","locations":[{"start":{"line":28,"column":8},"end":{"line":30,"column":9}},{"start":{},"end":{}}]},"1":{"loc":{"start":{"line":31,"column":8},"end":{"line":33,"column":9}},"type":"if","locations":[{"start":{"line":31,"column":8},"end":{"line":33,"column":9}},{"start":{},"end":{}}]},"2":{"loc":{"start":{"line":34,"column":8},"end":{"line":36,"column":9}},"type":"if","locations":[{"start":{"line":34,"column":8},"end":{"line":36,"column":9}},{"start":{},"end":{}}]},"3":{"loc":{"start":{"line":51,"column":4},"end":{"line":53,"column":5}},"type":"if","locations":[{"start":{"line":51,"column":4},"end":{"line":53,"column":5}},{"start":{},"end":{}}]},"4":{"loc":{"start":{"line":77,"column":23},"end":{"line":77,"column":37}},"type":"binary-expr","locations":[{"start":{"line":77,"column":23},"end":{"line":77,"column":28}},{"start":{"line":77,"column":32},"end":{"line":77,"column":37}}]},"5":{"loc":{"start":{"line":90,"column":13},"end":{"line":90,"column":27}},"type":"binary-expr","locations":[{"start":{"line":90,"column":13},"end":{"line":90,"column":18}},{"start":{"line":90,"column":22},"end":{"line":90,"column":27}}]},"6":{"loc":{"start":{"line":93,"column":4},"end":{"line":95,"column":5}},"type":"if","locations":[{"start":{"line":93,"column":4},"end":{"line":95,"column":5}},{"start":{},"end":{}}]},"7":{"loc":{"start":{"line":106,"column":23},"end":{"line":106,"column":37}},"type":"binary-expr","locations":[{"start":{"line":106,"column":23},"end":{"line":106,"column":28}},{"start":{"line":106,"column":32},"end":{"line":106,"column":37}}]},"8":{"loc":{"start":{"line":119,"column":13},"end":{"line":119,"column":27}},"type":"binary-expr","locations":[{"start":{"line":119,"column":13},"end":{"line":119,"column":18}},{"start":{"line":119,"column":22},"end":{"line":119,"column":27}}]},"9":{"loc":{"start":{"line":122,"column":4},"end":{"line":124,"column":5}},"type":"if","locations":[{"start":{"line":122,"column":4},"end":{"line":124,"column":5}},{"start":{},"end":{}}]},"10":{"loc":{"start":{"line":142,"column":20},"end":{"line":142,"column":37}},"type":"default-arg","locations":[{"start":{"line":142,"column":33},"end":{"line":142,"column":37}}]},"11":{"loc":{"start":{"line":187,"column":4},"end":{"line":189,"column":5}},"type":"if","locations":[{"start":{"line":187,"column":4},"end":{"line":189,"column":5}},{"start":{},"end":{}}]},"12":{"loc":{"start":{"line":203,"column":14},"end":{"line":203,"column":41}},"type":"binary-expr","locations":[{"start":{"line":203,"column":14},"end":{"line":203,"column":35}},{"start":{"line":203,"column":39},"end":{"line":203,"column":41}}]},"13":{"loc":{"start":{"line":223,"column":13},"end":{"line":229,"column":19}},"type":"cond-expr","locations":[{"start":{"line":224,"column":10},"end":{"line":228,"column":null}},{"start":{"line":229,"column":10},"end":{"line":229,"column":19}}]},"14":{"loc":{"start":{"line":239,"column":20},"end":{"line":239,"column":53}},"type":"binary-expr","locations":[{"start":{"line":239,"column":20},"end":{"line":239,"column":47}},{"start":{"line":239,"column":51},"end":{"line":239,"column":53}}]},"15":{"loc":{"start":{"line":247,"column":16},"end":{"line":247,"column":45}},"type":"binary-expr","locations":[{"start":{"line":247,"column":16},"end":{"line":247,"column":39}},{"start":{"line":247,"column":43},"end":{"line":247,"column":45}}]},"16":{"loc":{"start":{"line":261,"column":23},"end":{"line":261,"column":73}},"type":"binary-expr","locations":[{"start":{"line":261,"column":23},"end":{"line":261,"column":67}},{"start":{"line":261,"column":71},"end":{"line":261,"column":73}}]},"17":{"loc":{"start":{"line":268,"column":20},"end":{"line":268,"column":53}},"type":"binary-expr","locations":[{"start":{"line":268,"column":20},"end":{"line":268,"column":47}},{"start":{"line":268,"column":51},"end":{"line":268,"column":53}}]},"18":{"loc":{"start":{"line":270,"column":15},"end":{"line":270,"column":45}},"type":"binary-expr","locations":[{"start":{"line":270,"column":15},"end":{"line":270,"column":39}},{"start":{"line":270,"column":43},"end":{"line":270,"column":45}}]},"19":{"loc":{"start":{"line":277,"column":17},"end":{"line":282,"column":19}},"type":"cond-expr","locations":[{"start":{"line":278,"column":10},"end":{"line":281,"column":null}},{"start":{"line":282,"column":10},"end":{"line":282,"column":19}}]}},"s":{"0":0,"1":0,"2":0,"3":0,"4":0,"5":0,"6":0,"7":0,"8":0,"9":0,"10":0,"11":0,"12":0,"13":0,"14":0,"15":0,"16":0,"17":0,"18":0,"19":0,"20":0,"21":0,"22":0,"23":0,"24":0,"25":0,"26":0,"27":0,"28":0,"29":0,"30":0,"31":0,"32":0,"33":0,"34":0,"35":0,"36":0,"37":0,"38":0,"39":0,"40":0,"41":0,"42":0,"43":0,"44":0,"45":0,"46":0,"47":0,"48":0,"49":0,"50":0,"51":0,"52":0,"53":0,"54":0,"55":0,"56":0,"57":0,"58":0,"59":0,"60":0,"61":0,"62":0,"63":0,"64":0,"65":0,"66":0,"67":0,"68":0,"69":0,"70":0,"71":0,"72":0,"73":0,"74":0},"f":{"0":0,"1":0,"2":0,"3":0,"4":0,"5":0,"6":0,"7":0,"8":0,"9":0,"10":0,"11":0,"12":0,"13":0,"14":0,"15":0,"16":0,"17":0,"18":0,"19":0,"20":0,"21":0,"22":0,"23":0,"24":0,"25":0,"26":0},"b":{"0":[0,0],"1":[0,0],"2":[0,0],"3":[0,0],"4":[0,0],"5":[0,0],"6":[0,0],"7":[0,0],"8":[0,0],"9":[0,0],"10":[0],"11":[0,0],"12":[0,0],"13":[0,0],"14":[0,0],"15":[0,0],"16":[0,0],"17":[0,0],"18":[0,0],"19":[0,0]}}
,"/Users/admin/Cursor/progresshub-correct/backend/src/utils/gitlab/encryption.ts": {"path":"/Users/admin/Cursor/progresshub-correct/backend/src/utils/gitlab/encryption.ts","statementMap":{"0":{"start":{"line":21,"column":0},"end":{"line":21,"column":16}},"1":{"start":{"line":38,"column":0},"end":{"line":38,"column":16}},"2":{"start":{"line":62,"column":0},"end":{"line":62,"column":16}},"3":{"start":{"line":1,"column":0},"end":{"line":1,"column":28}},"4":{"start":{"line":3,"column":18},"end":{"line":3,"column":31}},"5":{"start":{"line":4,"column":18},"end":{"line":4,"column":20}},"6":{"start":{"line":10,"column":14},"end":{"line":10,"column":47}},"7":{"start":{"line":11,"column":2},"end":{"line":13,"column":3}},"8":{"start":{"line":12,"column":4},"end":{"line":12,"column":78}},"9":{"start":{"line":15,"column":2},"end":{"line":15,"column":44}},"10":{"start":{"line":22,"column":14},"end":{"line":22,"column":32}},"11":{"start":{"line":23,"column":13},"end":{"line":23,"column":42}},"12":{"start":{"line":24,"column":17},"end":{"line":24,"column":58}},"13":{"start":{"line":26,"column":18},"end":{"line":26,"column":52}},"14":{"start":{"line":27,"column":2},"end":{"line":27,"column":35}},"15":{"start":{"line":29,"column":14},"end":{"line":29,"column":33}},"16":{"start":{"line":32,"column":2},"end":{"line":32,"column":69}},"17":{"start":{"line":39,"column":14},"end":{"line":39,"column":32}},"18":{"start":{"line":40,"column":16},"end":{"line":40,"column":40}},"19":{"start":{"line":42,"column":2},"end":{"line":44,"column":3}},"20":{"start":{"line":43,"column":4},"end":{"line":43,"column":53}},"21":{"start":{"line":46,"column":13},"end":{"line":46,"column":41}},"22":{"start":{"line":47,"column":14},"end":{"line":47,"column":42}},"23":{"start":{"line":48,"column":20},"end":{"line":48,"column":28}},"24":{"start":{"line":50,"column":19},"end":{"line":50,"column":62}},"25":{"start":{"line":51,"column":2},"end":{"line":51,"column":27}},"26":{"start":{"line":53,"column":18},"end":{"line":53,"column":59}},"27":{"start":{"line":54,"column":2},"end":{"line":54,"column":38}},"28":{"start":{"line":56,"column":2},"end":{"line":56,"column":19}},"29":{"start":{"line":63,"column":2},"end":{"line":65,"column":3}},"30":{"start":{"line":64,"column":4},"end":{"line":64,"column":17}},"31":{"start":{"line":66,"column":2},"end":{"line":66,"column":64}}},"fnMap":{"0":{"name":"getEncryptionKey","decl":{"start":{"line":9,"column":9},"end":{"line":9,"column":25}},"loc":{"start":{"line":9,"column":25},"end":{"line":16,"column":1}}},"1":{"name":"encrypt","decl":{"start":{"line":21,"column":16},"end":{"line":21,"column":23}},"loc":{"start":{"line":21,"column":36},"end":{"line":33,"column":1}}},"2":{"name":"decrypt","decl":{"start":{"line":38,"column":16},"end":{"line":38,"column":23}},"loc":{"start":{"line":38,"column":45},"end":{"line":57,"column":1}}},"3":{"name":"secureCompare","decl":{"start":{"line":62,"column":16},"end":{"line":62,"column":29}},"loc":{"start":{"line":62,"column":50},"end":{"line":67,"column":1}}}},"branchMap":{"0":{"loc":{"start":{"line":11,"column":2},"end":{"line":13,"column":3}},"type":"if","locations":[{"start":{"line":11,"column":2},"end":{"line":13,"column":3}},{"start":{},"end":{}}]},"1":{"loc":{"start":{"line":42,"column":2},"end":{"line":44,"column":3}},"type":"if","locations":[{"start":{"line":42,"column":2},"end":{"line":44,"column":3}},{"start":{},"end":{}}]},"2":{"loc":{"start":{"line":63,"column":2},"end":{"line":65,"column":3}},"type":"if","locations":[{"start":{"line":63,"column":2},"end":{"line":65,"column":3}},{"start":{},"end":{}}]}},"s":{"0":13,"1":13,"2":13,"3":13,"4":13,"5":13,"6":13,"7":13,"8":1,"9":12,"10":8,"11":7,"12":7,"13":7,"14":7,"15":7,"16":7,"17":5,"18":5,"19":5,"20":2,"21":3,"22":3,"23":3,"24":3,"25":3,"26":3,"27":3,"28":3,"29":4,"30":1,"31":3},"f":{"0":13,"1":8,"2":5,"3":4},"b":{"0":[1,12],"1":[2,3],"2":[1,3]}}
,"/Users/admin/Cursor/progresshub-correct/backend/src/utils/gitlab/webhookVerifier.ts": {"path":"/Users/admin/Cursor/progresshub-correct/backend/src/utils/gitlab/webhookVerifier.ts","statementMap":{"0":{"start":{"line":7,"column":0},"end":{"line":7,"column":16}},"1":{"start":{"line":25,"column":0},"end":{"line":25,"column":16}},"2":{"start":{"line":32,"column":0},"end":{"line":32,"column":16}},"3":{"start":{"line":1,"column":0},"end":{"line":1,"column":28}},"4":{"start":{"line":11,"column":2},"end":{"line":13,"column":3}},"5":{"start":{"line":12,"column":4},"end":{"line":12,"column":17}},"6":{"start":{"line":16,"column":2},"end":{"line":19,"column":4}},"7":{"start":{"line":26,"column":2},"end":{"line":26,"column":48}},"8":{"start":{"line":36,"column":2},"end":{"line":47,"column":3}},"9":{"start":{"line":38,"column":6},"end":{"line":38,"column":20}},"10":{"start":{"line":40,"column":6},"end":{"line":40,"column":66}},"11":{"start":{"line":42,"column":6},"end":{"line":42,"column":50}},"12":{"start":{"line":44,"column":6},"end":{"line":44,"column":23}},"13":{"start":{"line":46,"column":6},"end":{"line":46,"column":24}}},"fnMap":{"0":{"name":"verifyWebhookSignature","decl":{"start":{"line":7,"column":16},"end":{"line":7,"column":38}},"loc":{"start":{"line":9,"column":23},"end":{"line":20,"column":1}}},"1":{"name":"generateWebhookSecret","decl":{"start":{"line":25,"column":16},"end":{"line":25,"column":37}},"loc":{"start":{"line":25,"column":37},"end":{"line":27,"column":1}}},"2":{"name":"parseEventType","decl":{"start":{"line":32,"column":16},"end":{"line":32,"column":30}},"loc":{"start":{"line":34,"column":17},"end":{"line":48,"column":1}}}},"branchMap":{"0":{"loc":{"start":{"line":11,"column":2},"end":{"line":13,"column":3}},"type":"if","locations":[{"start":{"line":11,"column":2},"end":{"line":13,"column":3}},{"start":{},"end":{}}]},"1":{"loc":{"start":{"line":11,"column":6},"end":{"line":11,"column":30}},"type":"binary-expr","locations":[{"start":{"line":11,"column":6},"end":{"line":11,"column":12}},{"start":{"line":11,"column":16},"end":{"line":11,"column":30}}]},"2":{"loc":{"start":{"line":36,"column":2},"end":{"line":47,"column":3}},"type":"switch","locations":[{"start":{"line":37,"column":4},"end":{"line":38,"column":20}},{"start":{"line":39,"column":4},"end":{"line":40,"column":66}},{"start":{"line":41,"column":4},"end":{"line":42,"column":50}},{"start":{"line":43,"column":4},"end":{"line":44,"column":23}},{"start":{"line":45,"column":4},"end":{"line":46,"column":24}}]},"3":{"loc":{"start":{"line":40,"column":13},"end":{"line":40,"column":65}},"type":"cond-expr","locations":[{"start":{"line":40,"column":22},"end":{"line":40,"column":47}},{"start":{"line":40,"column":50},"end":{"line":40,"column":65}}]},"4":{"loc":{"start":{"line":42,"column":13},"end":{"line":42,"column":49}},"type":"cond-expr","locations":[{"start":{"line":42,"column":22},"end":{"line":42,"column":39}},{"start":{"line":42,"column":42},"end":{"line":42,"column":49}}]}},"s":{"0":1,"1":1,"2":1,"3":1,"4":6,"5":3,"6":3,"7":4,"8":11,"9":1,"10":4,"11":3,"12":1,"13":2},"f":{"0":6,"1":4,"2":11},"b":{"0":[3,3],"1":[6,4],"2":[1,4,3,1,2],"3":[3,1],"4":[2,1]}}
}
