TN:
SF:src/config/database.ts
FN:8,(anonymous_0)
FNF:1
FNH:0
FNDA:0,(anonymous_0)
DA:1,0
DA:3,0
DA:8,0
DA:9,0
DA:12,0
LF:5
LH:0
BRDA:4,0,0,0
BRDA:4,0,1,0
BRF:2
BRH:0
end_of_record
TN:
SF:src/config/env.ts
FN:24,(anonymous_1)
FN:43,(anonymous_2)
FN:88,(anonymous_3)
FN:103,(anonymous_4)
FNF:4
FNH:4
FNDA:19,(anonymous_1)
FNDA:19,(anonymous_2)
FNDA:36,(anonymous_3)
FNDA:72,(anonymous_4)
DA:1,19
DA:3,19
DA:24,19
DA:25,19
DA:26,19
DA:27,19
DA:30,0
DA:31,0
DA:37,0
DA:40,0
DA:43,19
DA:44,19
DA:45,19
DA:46,2
DA:49,17
DA:50,1
DA:55,16
DA:58,16
DA:61,19
DA:79,18
DA:81,18
DA:88,36
DA:90,18
DA:91,0
DA:96,18
DA:98,0
DA:103,72
DA:104,18
DA:105,0
DA:110,18
LF:30
LH:23
BRDA:26,0,0,19
BRDA:26,0,1,0
BRDA:30,1,0,0
BRDA:30,1,1,0
BRDA:45,2,0,2
BRDA:45,2,1,17
BRDA:49,3,0,1
BRDA:49,3,1,16
BRDA:62,4,0,19
BRDA:62,4,1,0
BRDA:63,5,0,19
BRDA:63,5,1,0
BRDA:64,6,0,19
BRDA:64,6,1,0
BRDA:65,7,0,19
BRDA:65,7,1,0
BRDA:65,7,2,0
BRDA:67,8,0,19
BRDA:67,8,1,0
BRDA:69,9,0,18
BRDA:69,9,1,18
BRDA:70,10,0,18
BRDA:70,10,1,0
BRDA:71,11,0,18
BRDA:71,11,1,0
BRDA:72,12,0,18
BRDA:72,12,1,0
BRDA:73,13,0,18
BRDA:73,13,1,0
BRDA:74,14,0,18
BRDA:74,14,1,0
BRDA:75,15,0,18
BRDA:75,15,1,0
BRDA:90,16,0,0
BRDA:90,16,1,18
BRDA:90,17,0,18
BRDA:90,17,1,0
BRDA:96,18,0,0
BRDA:96,18,1,18
BRDA:104,19,0,0
BRDA:104,19,1,18
BRF:41
BRH:22
end_of_record
TN:
SF:src/config/logger.ts
FN:7,(anonymous_1)
FN:59,(anonymous_2)
FNF:2
FNH:1
FNDA:0,(anonymous_1)
FNDA:1,(anonymous_2)
DA:1,9
DA:2,9
DA:4,9
DA:7,9
DA:8,0
DA:9,0
DA:10,0
DA:12,0
DA:13,0
DA:15,0
DA:19,9
DA:37,9
DA:38,2
DA:47,2
DA:58,9
DA:60,1
DA:64,9
LF:17
LH:11
BRDA:9,0,0,0
BRDA:9,0,1,0
BRDA:12,1,0,0
BRDA:12,1,1,0
BRDA:20,2,0,9
BRDA:20,2,1,8
BRDA:20,3,0,2
BRDA:20,3,1,6
BRDA:29,4,0,2
BRDA:29,4,1,7
BRDA:37,5,0,2
BRDA:37,5,1,7
BRF:12
BRH:8
end_of_record
TN:
SF:src/config/swagger.ts
FNF:0
FNH:0
DA:1,0
DA:2,0
DA:4,0
DA:109,0
LF:4
LH:0
BRDA:104,0,0,0
BRDA:104,0,1,0
BRF:2
BRH:0
end_of_record
TN:
SF:src/mappers/employeeMapper.ts
FN:18,toUserDTO
FN:35,toUserRef
FNF:2
FNH:1
FNDA:2,toUserDTO
FNDA:0,toUserRef
DA:18,1
DA:19,2
DA:35,1
DA:38,0
DA:39,0
LF:5
LH:3
BRDA:23,0,0,2
BRDA:23,0,1,2
BRDA:24,1,0,2
BRDA:24,1,1,0
BRDA:26,2,0,2
BRDA:26,2,1,2
BRDA:29,3,0,2
BRDA:29,3,1,2
BRDA:38,4,0,0
BRDA:38,4,1,0
BRF:10
BRH:7
end_of_record
TN:
SF:src/mappers/index.ts
FN:1,(anonymous_0)
FN:1,(anonymous_1)
FN:4,(anonymous_2)
FN:4,(anonymous_3)
FN:7,(anonymous_4)
FN:10,(anonymous_5)
FN:13,(anonymous_6)
FNF:7
FNH:1
FNDA:2,(anonymous_0)
FNDA:0,(anonymous_1)
FNDA:0,(anonymous_2)
FNDA:0,(anonymous_3)
FNDA:0,(anonymous_4)
FNDA:0,(anonymous_5)
FNDA:0,(anonymous_6)
DA:1,3
DA:4,1
DA:7,1
DA:10,1
DA:13,1
LF:5
LH:5
BRF:0
BRH:0
end_of_record
TN:
SF:src/mappers/milestoneMapper.ts
FN:19,toMilestoneDTO
FNF:1
FNH:0
FNDA:0,toMilestoneDTO
DA:19,1
DA:20,0
LF:2
LH:1
BRDA:24,0,0,0
BRDA:24,0,1,0
BRDA:26,1,0,0
BRDA:26,1,1,0
BRDA:27,2,0,0
BRDA:27,2,1,0
BRF:6
BRH:0
end_of_record
TN:
SF:src/mappers/progressLogMapper.ts
FN:21,toProgressLogDTO
FNF:1
FNH:0
FNDA:0,toProgressLogDTO
DA:2,1
DA:21,1
DA:24,0
LF:3
LH:2
BRDA:31,0,0,0
BRDA:31,0,1,0
BRDA:32,1,0,0
BRDA:32,1,1,0
BRDA:33,2,0,0
BRDA:33,2,1,0
BRF:6
BRH:0
end_of_record
TN:
SF:src/mappers/projectMapper.ts
FN:15,toProjectDTO
FN:29,toProjectRef
FNF:2
FNH:0
FNDA:0,toProjectDTO
FNDA:0,toProjectRef
DA:15,1
DA:16,0
DA:29,1
DA:32,0
DA:33,0
LF:5
LH:2
BRDA:19,0,0,0
BRDA:19,0,1,0
BRDA:23,1,0,0
BRDA:23,1,1,0
BRDA:32,2,0,0
BRDA:32,2,1,0
BRF:6
BRH:0
end_of_record
TN:
SF:src/mappers/taskMapper.ts
FN:42,toTaskDTO
FNF:1
FNH:0
FNDA:0,toTaskDTO
DA:2,1
DA:3,1
DA:42,1
DA:43,0
LF:4
LH:3
BRDA:46,0,0,0
BRDA:46,0,1,0
BRDA:48,1,0,0
BRDA:48,1,1,0
BRDA:52,2,0,0
BRDA:52,2,1,0
BRDA:54,3,0,0
BRDA:54,3,1,0
BRDA:63,4,0,0
BRDA:63,4,1,0
BRDA:64,5,0,0
BRDA:64,5,1,0
BRDA:65,6,0,0
BRDA:65,6,1,0
BRDA:68,7,0,0
BRDA:68,7,1,0
BRF:16
BRH:0
end_of_record
TN:
SF:src/middleware/auditLog.ts
FN:12,(anonymous_1)
FN:13,(anonymous_2)
FNF:2
FNH:0
FNDA:0,(anonymous_1)
FNDA:0,(anonymous_2)
DA:3,0
DA:12,0
DA:13,0
DA:14,0
DA:24,0
DA:26,0
LF:6
LH:0
BRDA:16,0,0,0
BRDA:16,0,1,0
BRDA:18,1,0,0
BRDA:18,1,1,0
BRF:4
BRH:0
end_of_record
TN:
SF:src/middleware/auth.ts
FN:23,(anonymous_1)
FN:75,(anonymous_2)
FN:76,(anonymous_3)
FN:96,(anonymous_4)
FN:146,(anonymous_5)
FNF:5
FNH:3
FNDA:4,(anonymous_1)
FNDA:3,(anonymous_2)
FNDA:3,(anonymous_3)
FNDA:0,(anonymous_4)
FNDA:0,(anonymous_5)
DA:2,1
DA:3,1
DA:4,1
DA:5,1
DA:6,1
DA:23,1
DA:28,4
DA:29,4
DA:31,4
DA:32,1
DA:33,1
DA:36,3
DA:38,3
DA:41,2
DA:45,2
DA:46,1
DA:47,1
DA:50,1
DA:57,1
DA:59,1
DA:60,1
DA:61,1
DA:63,0
DA:64,0
DA:65,0
DA:67,0
DA:75,1
DA:76,3
DA:77,3
DA:78,0
DA:79,0
DA:82,3
DA:83,1
DA:84,1
DA:87,2
DA:96,1
DA:101,0
DA:102,0
DA:103,0
DA:107,0
DA:108,0
DA:109,0
DA:112,0
DA:113,0
DA:114,0
DA:115,0
DA:118,0
DA:123,0
DA:124,0
DA:125,0
DA:128,0
DA:129,0
DA:130,0
DA:131,0
DA:132,0
DA:134,0
DA:135,0
DA:136,0
DA:139,0
DA:146,1
DA:151,0
DA:152,0
DA:153,0
DA:156,0
DA:157,0
DA:158,0
DA:161,0
DA:162,0
DA:163,0
DA:166,0
LF:70
LH:31
BRDA:31,0,0,1
BRDA:31,0,1,3
BRDA:31,1,0,4
BRDA:31,1,1,3
BRDA:45,2,0,1
BRDA:45,2,1,1
BRDA:45,3,0,2
BRDA:45,3,1,1
BRDA:59,4,0,1
BRDA:59,4,1,0
BRDA:63,5,0,0
BRDA:63,5,1,0
BRDA:77,6,0,0
BRDA:77,6,1,3
BRDA:82,7,0,1
BRDA:82,7,1,2
BRDA:101,8,0,0
BRDA:101,8,1,0
BRDA:107,9,0,0
BRDA:107,9,1,0
BRDA:113,10,0,0
BRDA:113,10,1,0
BRDA:123,11,0,0
BRDA:123,11,1,0
BRDA:134,12,0,0
BRDA:134,12,1,0
BRDA:134,13,0,0
BRDA:134,13,1,0
BRDA:134,13,2,0
BRDA:134,13,3,0
BRDA:151,14,0,0
BRDA:151,14,1,0
BRDA:156,15,0,0
BRDA:156,15,1,0
BRDA:161,16,0,0
BRDA:161,16,1,0
BRF:36
BRH:12
end_of_record
TN:
SF:src/middleware/errorHandler.ts
FN:7,(anonymous_1)
FN:21,(anonymous_2)
FN:32,(anonymous_3)
FN:111,(anonymous_4)
FNF:4
FNH:4
FNDA:22,(anonymous_1)
FNDA:2,(anonymous_2)
FNDA:9,(anonymous_3)
FNDA:1,(anonymous_4)
DA:2,2
DA:3,2
DA:4,2
DA:6,2
DA:8,22
DA:9,22
DA:10,22
DA:11,22
DA:13,22
DA:14,22
DA:21,2
DA:32,2
DA:39,9
DA:55,9
DA:56,2
DA:57,2
DA:61,7
DA:63,4
DA:64,1
DA:65,1
DA:69,3
DA:70,1
DA:71,1
DA:75,2
DA:76,1
DA:77,1
DA:81,1
DA:82,1
DA:86,3
DA:87,1
DA:88,1
DA:92,2
DA:96,0
DA:97,0
DA:101,2
DA:103,2
DA:111,2
DA:112,1
LF:38
LH:36
BRDA:10,0,0,2
BRDA:11,1,0,21
BRDA:43,2,0,9
BRDA:43,2,1,2
BRDA:48,3,0,9
BRDA:48,3,1,4
BRDA:55,4,0,2
BRDA:55,4,1,7
BRDA:61,5,0,4
BRDA:61,5,1,3
BRDA:63,6,0,1
BRDA:63,6,1,3
BRDA:69,7,0,1
BRDA:69,7,1,2
BRDA:75,8,0,1
BRDA:75,8,1,1
BRDA:86,9,0,1
BRDA:86,9,1,2
BRDA:92,10,0,0
BRDA:92,10,1,2
BRDA:93,11,0,2
BRDA:93,11,1,2
BRDA:101,12,0,1
BRDA:101,12,1,1
BRF:24
BRH:23
end_of_record
TN:
SF:src/middleware/sanitize.ts
FN:27,(anonymous_0)
FNF:1
FNH:0
FNDA:0,(anonymous_0)
DA:2,0
DA:8,0
DA:27,0
DA:32,0
DA:33,0
DA:34,0
DA:37,0
DA:39,0
DA:40,0
DA:41,0
DA:42,0
DA:46,0
DA:47,0
LF:13
LH:0
BRDA:32,0,0,0
BRDA:32,0,1,0
BRDA:32,1,0,0
BRDA:32,1,1,0
BRDA:41,2,0,0
BRDA:41,2,1,0
BRF:6
BRH:0
end_of_record
TN:
SF:src/routes/auth.ts
FN:15,(anonymous_0)
FN:52,(anonymous_1)
FN:101,(anonymous_2)
FN:138,(anonymous_3)
FN:171,(anonymous_4)
FN:197,(anonymous_5)
FN:213,(anonymous_6)
FNF:7
FNH:0
FNDA:0,(anonymous_0)
FNDA:0,(anonymous_1)
FNDA:0,(anonymous_2)
FNDA:0,(anonymous_3)
FNDA:0,(anonymous_4)
FNDA:0,(anonymous_5)
FNDA:0,(anonymous_6)
DA:1,0
DA:2,0
DA:3,0
DA:4,0
DA:5,0
DA:6,0
DA:7,0
DA:9,0
DA:15,0
DA:16,0
DA:17,0
DA:18,0
DA:20,0
DA:26,0
DA:29,0
DA:30,0
DA:38,0
DA:53,0
DA:54,0
DA:55,0
DA:56,0
DA:59,0
DA:60,0
DA:62,0
DA:63,0
DA:69,0
DA:72,0
DA:73,0
DA:75,0
DA:76,0
DA:85,0
DA:86,0
DA:102,0
DA:103,0
DA:104,0
DA:105,0
DA:108,0
DA:109,0
DA:110,0
DA:116,0
DA:119,0
DA:120,0
DA:123,0
DA:125,0
DA:135,0
DA:139,0
DA:140,0
DA:141,0
DA:142,0
DA:145,0
DA:146,0
DA:147,0
DA:148,0
DA:151,0
DA:153,0
DA:162,0
DA:172,0
DA:173,0
DA:174,0
DA:175,0
DA:178,0
DA:179,0
DA:180,0
DA:181,0
DA:184,0
DA:185,0
DA:194,0
DA:198,0
DA:199,0
DA:200,0
DA:202,0
DA:210,0
DA:214,0
DA:218,0
LF:74
LH:0
BRDA:29,0,0,0
BRDA:29,0,1,0
BRDA:54,1,0,0
BRDA:54,1,1,0
BRDA:62,2,0,0
BRDA:62,2,1,0
BRDA:75,3,0,0
BRDA:75,3,1,0
BRDA:85,4,0,0
BRDA:85,4,1,0
BRDA:85,5,0,0
BRDA:85,5,1,0
BRDA:103,6,0,0
BRDA:103,6,1,0
BRDA:109,7,0,0
BRDA:109,7,1,0
BRDA:109,8,0,0
BRDA:109,8,1,0
BRDA:120,9,0,0
BRDA:120,9,1,0
BRDA:140,10,0,0
BRDA:140,10,1,0
BRDA:146,11,0,0
BRDA:146,11,1,0
BRDA:173,12,0,0
BRDA:173,12,1,0
BRDA:184,13,0,0
BRDA:184,13,1,0
BRDA:199,14,0,0
BRDA:199,14,1,0
BRDA:199,15,0,0
BRDA:199,15,1,0
BRF:32
BRH:0
end_of_record
TN:
SF:src/routes/dashboard.ts
FN:17,(anonymous_1)
FN:39,(anonymous_2)
FNF:2
FNH:0
FNDA:0,(anonymous_1)
FNDA:0,(anonymous_2)
DA:1,0
DA:2,0
DA:3,0
DA:4,0
DA:5,0
DA:7,0
DA:9,0
DA:15,0
DA:18,0
DA:19,0
DA:20,0
DA:22,0
DA:23,0
DA:37,0
DA:40,0
DA:41,0
DA:42,0
DA:44,0
DA:45,0
DA:55,0
LF:20
LH:0
BRF:0
BRH:0
end_of_record
TN:
SF:src/routes/employees.ts
FN:41,(anonymous_0)
FN:78,(anonymous_1)
FN:121,(anonymous_2)
FN:177,(anonymous_3)
FN:225,(anonymous_4)
FNF:5
FNH:0
FNDA:0,(anonymous_0)
FNDA:0,(anonymous_1)
FNDA:0,(anonymous_2)
FNDA:0,(anonymous_3)
FNDA:0,(anonymous_4)
DA:1,0
DA:2,0
DA:3,0
DA:4,0
DA:10,0
DA:11,0
DA:12,0
DA:17,0
DA:18,0
DA:20,0
DA:23,0
DA:24,0
DA:30,0
DA:42,0
DA:43,0
DA:44,0
DA:45,0
DA:48,0
DA:49,0
DA:50,0
DA:52,0
DA:60,0
DA:66,0
DA:75,0
DA:79,0
DA:80,0
DA:81,0
DA:82,0
DA:85,0
DA:86,0
DA:87,0
DA:88,0
DA:89,0
DA:91,0
DA:93,0
DA:102,0
DA:122,0
DA:123,0
DA:124,0
DA:125,0
DA:128,0
DA:129,0
DA:132,0
DA:133,0
DA:134,0
DA:138,0
DA:142,0
DA:143,0
DA:146,0
DA:147,0
DA:149,0
DA:163,0
DA:178,0
DA:179,0
DA:180,0
DA:181,0
DA:184,0
DA:185,0
DA:188,0
DA:189,0
DA:190,0
DA:191,0
DA:195,0
DA:199,0
DA:200,0
DA:203,0
DA:204,0
DA:206,0
DA:220,0
DA:226,0
DA:227,0
DA:228,0
DA:229,0
DA:232,0
DA:233,0
DA:234,0
DA:235,0
DA:236,0
DA:239,0
DA:240,0
DA:242,0
DA:252,0
LF:82
LH:0
BRDA:43,0,0,0
BRDA:43,0,1,0
BRDA:49,1,0,0
BRDA:49,1,1,0
BRDA:50,2,0,0
BRDA:50,2,1,0
BRDA:80,3,0,0
BRDA:80,3,1,0
BRDA:87,4,0,0
BRDA:87,4,1,0
BRDA:123,5,0,0
BRDA:123,5,1,0
BRDA:132,6,0,0
BRDA:132,6,1,0
BRDA:138,7,0,0
BRDA:138,7,1,0
BRDA:139,8,0,0
BRDA:139,8,1,0
BRDA:179,9,0,0
BRDA:179,9,1,0
BRDA:189,10,0,0
BRDA:189,10,1,0
BRDA:195,11,0,0
BRDA:195,11,1,0
BRDA:196,12,0,0
BRDA:196,12,1,0
BRDA:227,13,0,0
BRDA:227,13,1,0
BRDA:234,14,0,0
BRDA:234,14,1,0
BRF:30
BRH:0
end_of_record
TN:
SF:src/routes/health.ts
FN:18,(anonymous_1)
FN:39,(anonymous_2)
FN:66,(anonymous_3)
FNF:3
FNH:3
FNDA:2,(anonymous_1)
FNDA:2,(anonymous_2)
FNDA:2,(anonymous_3)
DA:1,1
DA:2,1
DA:3,1
DA:5,1
DA:18,1
DA:19,2
DA:39,1
DA:40,2
DA:41,2
DA:42,1
DA:48,1
DA:66,1
DA:67,2
DA:74,1
LF:14
LH:14
BRF:0
BRH:0
end_of_record
TN:
SF:src/routes/index.ts
FN:35,(anonymous_10)
FN:35,(anonymous_11)
FN:41,(anonymous_12)
FNF:3
FNH:0
FNDA:0,(anonymous_10)
FNDA:0,(anonymous_11)
FNDA:0,(anonymous_12)
DA:1,0
DA:2,0
DA:3,0
DA:4,0
DA:5,0
DA:6,0
DA:7,0
DA:8,0
DA:9,0
DA:10,0
DA:11,0
DA:12,0
DA:13,0
DA:14,0
DA:15,0
DA:17,0
DA:20,0
DA:21,0
DA:22,0
DA:23,0
DA:24,0
DA:25,0
DA:26,0
DA:27,0
DA:28,0
DA:29,0
DA:30,0
DA:31,0
DA:34,0
DA:35,0
DA:36,0
DA:41,0
DA:42,0
DA:63,0
LF:34
LH:0
BRDA:34,0,0,0
BRDA:34,0,1,0
BRF:2
BRH:0
end_of_record
TN:
SF:src/routes/milestones.ts
FN:20,(anonymous_0)
FN:62,(anonymous_1)
FN:108,(anonymous_2)
FNF:3
FNH:0
FNDA:0,(anonymous_0)
FNDA:0,(anonymous_1)
FNDA:0,(anonymous_2)
DA:1,0
DA:2,0
DA:3,0
DA:4,0
DA:5,0
DA:6,0
DA:7,0
DA:9,0
DA:11,0
DA:17,0
DA:21,0
DA:22,0
DA:23,0
DA:24,0
DA:26,0
DA:40,0
DA:63,0
DA:64,0
DA:65,0
DA:66,0
DA:69,0
DA:70,0
DA:78,0
DA:80,0
DA:94,0
DA:109,0
DA:110,0
DA:111,0
DA:112,0
DA:115,0
DA:116,0
DA:117,0
DA:118,0
DA:119,0
DA:122,0
DA:123,0
DA:125,0
DA:135,0
LF:38
LH:0
BRDA:64,0,0,0
BRDA:64,0,1,0
BRDA:110,1,0,0
BRDA:110,1,1,0
BRDA:117,2,0,0
BRDA:117,2,1,0
BRF:6
BRH:0
end_of_record
TN:
SF:src/routes/progress.ts
FN:31,(anonymous_0)
FN:75,(anonymous_1)
FN:110,(anonymous_2)
FN:152,(anonymous_3)
FNF:4
FNH:0
FNDA:0,(anonymous_0)
FNDA:0,(anonymous_1)
FNDA:0,(anonymous_2)
FNDA:0,(anonymous_3)
DA:1,0
DA:2,0
DA:3,0
DA:4,0
DA:5,0
DA:6,0
DA:12,0
DA:15,0
DA:21,0
DA:32,0
DA:33,0
DA:34,0
DA:35,0
DA:38,0
DA:39,0
DA:40,0
DA:42,0
DA:55,0
DA:61,0
DA:75,0
DA:76,0
DA:77,0
DA:78,0
DA:79,0
DA:82,0
DA:85,0
DA:87,0
DA:100,0
DA:111,0
DA:112,0
DA:113,0
DA:114,0
DA:117,0
DA:118,0
DA:119,0
DA:123,0
DA:125,0
DA:139,0
DA:153,0
DA:154,0
DA:155,0
DA:156,0
DA:159,0
DA:160,0
DA:161,0
DA:162,0
DA:165,0
DA:168,0
DA:169,0
DA:170,0
DA:171,0
DA:175,0
DA:176,0
DA:178,0
DA:179,0
DA:180,0
DA:183,0
DA:190,0
DA:192,0
DA:202,0
LF:60
LH:0
BRDA:33,0,0,0
BRDA:33,0,1,0
BRDA:39,1,0,0
BRDA:39,1,1,0
BRDA:40,2,0,0
BRDA:40,2,1,0
BRDA:45,3,0,0
BRDA:45,3,1,0
BRDA:48,4,0,0
BRDA:48,4,1,0
BRDA:77,5,0,0
BRDA:77,5,1,0
BRDA:112,6,0,0
BRDA:112,6,1,0
BRDA:118,7,0,0
BRDA:118,7,1,0
BRDA:154,8,0,0
BRDA:154,8,1,0
BRDA:160,9,0,0
BRDA:160,9,1,0
BRDA:169,10,0,0
BRDA:169,10,1,0
BRDA:178,11,0,0
BRDA:178,11,1,0
BRDA:178,12,0,0
BRDA:178,12,1,0
BRF:26
BRH:0
end_of_record
TN:
SF:src/routes/projects.ts
FN:34,(anonymous_1)
FN:72,(anonymous_2)
FN:100,(anonymous_3)
FN:129,(anonymous_4)
FN:163,(anonymous_5)
FN:207,(anonymous_6)
FN:260,(anonymous_7)
FNF:7
FNH:0
FNDA:0,(anonymous_1)
FNDA:0,(anonymous_2)
FNDA:0,(anonymous_3)
FNDA:0,(anonymous_4)
FNDA:0,(anonymous_5)
FNDA:0,(anonymous_6)
FNDA:0,(anonymous_7)
DA:1,0
DA:2,0
DA:3,0
DA:4,0
DA:5,0
DA:6,0
DA:7,0
DA:8,0
DA:13,0
DA:14,0
DA:16,0
DA:19,0
DA:20,0
DA:26,0
DA:35,0
DA:36,0
DA:37,0
DA:38,0
DA:41,0
DA:42,0
DA:43,0
DA:45,0
DA:53,0
DA:59,0
DA:60,0
DA:69,0
DA:73,0
DA:74,0
DA:75,0
DA:76,0
DA:79,0
DA:80,0
DA:81,0
DA:82,0
DA:83,0
DA:85,0
DA:87,0
DA:88,0
DA:97,0
DA:101,0
DA:102,0
DA:103,0
DA:104,0
DA:107,0
DA:108,0
DA:109,0
DA:111,0
DA:112,0
DA:126,0
DA:130,0
DA:131,0
DA:132,0
DA:133,0
DA:136,0
DA:137,0
DA:138,0
DA:140,0
DA:141,0
DA:150,0
DA:164,0
DA:165,0
DA:166,0
DA:167,0
DA:170,0
DA:172,0
DA:173,0
DA:179,0
DA:182,0
DA:183,0
DA:185,0
DA:186,0
DA:195,0
DA:208,0
DA:209,0
DA:210,0
DA:211,0
DA:214,0
DA:215,0
DA:216,0
DA:217,0
DA:218,0
DA:222,0
DA:225,0
DA:229,0
DA:230,0
DA:236,0
DA:239,0
DA:243,0
DA:245,0
DA:246,0
DA:255,0
DA:261,0
DA:262,0
DA:263,0
DA:264,0
DA:267,0
DA:268,0
DA:269,0
DA:270,0
DA:271,0
DA:274,0
DA:275,0
DA:277,0
DA:278,0
DA:283,0
LF:105
LH:0
BRDA:36,0,0,0
BRDA:36,0,1,0
BRDA:42,1,0,0
BRDA:42,1,1,0
BRDA:43,2,0,0
BRDA:43,2,1,0
BRDA:74,3,0,0
BRDA:74,3,1,0
BRDA:81,4,0,0
BRDA:81,4,1,0
BRDA:102,5,0,0
BRDA:102,5,1,0
BRDA:131,6,0,0
BRDA:131,6,1,0
BRDA:165,7,0,0
BRDA:165,7,1,0
BRDA:172,8,0,0
BRDA:172,8,1,0
BRDA:209,9,0,0
BRDA:209,9,1,0
BRDA:216,10,0,0
BRDA:216,10,1,0
BRDA:222,11,0,0
BRDA:222,11,1,0
BRDA:225,12,0,0
BRDA:225,12,1,0
BRDA:229,13,0,0
BRDA:229,13,1,0
BRDA:262,14,0,0
BRDA:262,14,1,0
BRDA:269,15,0,0
BRDA:269,15,1,0
BRF:32
BRH:0
end_of_record
TN:
SF:src/routes/slack.ts
FN:16,verifySlackSignature
FN:51,getEmployeeBySlackId
FN:66,(anonymous_3)
FN:120,(anonymous_4)
FN:155,(anonymous_5)
FN:189,(anonymous_6)
FN:232,(anonymous_7)
FN:233,(anonymous_8)
FN:260,(anonymous_9)
FNF:9
FNH:0
FNDA:0,verifySlackSignature
FNDA:0,getEmployeeBySlackId
FNDA:0,(anonymous_3)
FNDA:0,(anonymous_4)
FNDA:0,(anonymous_5)
FNDA:0,(anonymous_6)
FNDA:0,(anonymous_7)
FNDA:0,(anonymous_8)
FNDA:0,(anonymous_9)
DA:1,0
DA:2,0
DA:3,0
DA:4,0
DA:5,0
DA:6,0
DA:7,0
DA:8,0
DA:9,0
DA:11,0
DA:17,0
DA:18,0
DA:19,0
DA:20,0
DA:23,0
DA:24,0
DA:26,0
DA:29,0
DA:30,0
DA:31,0
DA:34,0
DA:36,0
DA:42,0
DA:52,0
DA:64,0
DA:67,0
DA:69,0
DA:70,0
DA:71,0
DA:74,0
DA:77,0
DA:78,0
DA:79,0
DA:83,0
DA:87,0
DA:89,0
DA:91,0
DA:115,0
DA:117,0
DA:118,0
DA:121,0
DA:125,0
DA:140,0
DA:142,0
DA:143,0
DA:144,0
DA:145,0
DA:146,0
DA:148,0
DA:153,0
DA:156,0
DA:160,0
DA:176,0
DA:178,0
DA:179,0
DA:180,0
DA:182,0
DA:187,0
DA:189,0
DA:192,0
DA:208,0
DA:211,0
DA:217,0
DA:219,0
DA:232,0
DA:233,0
DA:239,0
DA:245,0
DA:246,0
DA:258,0
DA:261,0
DA:262,0
DA:263,0
DA:264,0
DA:269,0
DA:270,0
DA:272,0
DA:273,0
DA:275,0
DA:276,0
DA:278,0
DA:280,0
DA:281,0
DA:282,0
DA:286,0
DA:289,0
DA:290,0
DA:291,0
DA:293,0
DA:296,0
DA:297,0
DA:302,0
LF:92
LH:0
BRDA:18,0,0,0
BRDA:18,0,1,0
BRDA:26,1,0,0
BRDA:26,1,1,0
BRDA:26,2,0,0
BRDA:26,2,1,0
BRDA:30,3,0,0
BRDA:30,3,1,0
BRDA:69,4,0,0
BRDA:69,4,1,0
BRDA:69,5,0,0
BRDA:69,5,1,0
BRDA:78,6,0,0
BRDA:78,6,1,0
BRDA:87,7,0,0
BRDA:87,7,1,0
BRDA:89,8,0,0
BRDA:89,8,1,0
BRDA:89,9,0,0
BRDA:89,9,1,0
BRDA:115,10,0,0
BRDA:115,10,1,0
BRDA:121,11,0,0
BRDA:121,11,1,0
BRDA:135,12,0,0
BRDA:135,12,1,0
BRDA:140,13,0,0
BRDA:140,13,1,0
BRDA:144,14,0,0
BRDA:144,14,1,0
BRDA:156,15,0,0
BRDA:156,15,1,0
BRDA:171,16,0,0
BRDA:171,16,1,0
BRDA:176,17,0,0
BRDA:176,17,1,0
BRDA:203,18,0,0
BRDA:203,18,1,0
BRDA:208,19,0,0
BRDA:208,19,1,0
BRDA:262,20,0,0
BRDA:262,20,1,0
BRDA:262,21,0,0
BRDA:262,21,1,0
BRDA:270,22,0,0
BRDA:270,22,1,0
BRDA:278,23,0,0
BRDA:278,23,1,0
BRDA:280,24,0,0
BRDA:280,24,1,0
BRDA:281,25,0,0
BRDA:281,25,1,0
BRDA:290,26,0,0
BRDA:290,26,1,0
BRF:54
BRH:0
end_of_record
TN:
SF:src/routes/taskActionRoutes.ts
FN:37,(anonymous_1)
FN:84,(anonymous_2)
FN:127,(anonymous_3)
FN:160,(anonymous_4)
FNF:4
FNH:0
FNDA:0,(anonymous_1)
FNDA:0,(anonymous_2)
FNDA:0,(anonymous_3)
FNDA:0,(anonymous_4)
DA:1,0
DA:2,0
DA:3,0
DA:5,0
DA:7,0
DA:8,0
DA:9,0
DA:10,0
DA:12,0
DA:18,0
DA:38,0
DA:39,0
DA:40,0
DA:41,0
DA:44,0
DA:45,0
DA:54,0
DA:56,0
DA:57,0
DA:58,0
DA:60,0
DA:61,0
DA:75,0
DA:85,0
DA:86,0
DA:87,0
DA:88,0
DA:91,0
DA:92,0
DA:93,0
DA:94,0
DA:97,0
DA:103,0
DA:105,0
DA:106,0
DA:107,0
DA:109,0
DA:110,0
DA:124,0
DA:128,0
DA:129,0
DA:130,0
DA:131,0
DA:134,0
DA:135,0
DA:136,0
DA:137,0
DA:140,0
DA:141,0
DA:143,0
DA:144,0
DA:145,0
DA:147,0
DA:148,0
DA:157,0
DA:161,0
DA:162,0
DA:163,0
DA:164,0
DA:167,0
DA:168,0
DA:169,0
DA:170,0
DA:173,0
DA:177,0
DA:179,0
DA:180,0
DA:181,0
DA:183,0
DA:184,0
DA:189,0
LF:71
LH:0
BRDA:39,0,0,0
BRDA:39,0,1,0
BRDA:56,1,0,0
BRDA:56,1,1,0
BRDA:86,2,0,0
BRDA:86,2,1,0
BRDA:92,3,0,0
BRDA:92,3,1,0
BRDA:105,4,0,0
BRDA:105,4,1,0
BRDA:129,5,0,0
BRDA:129,5,1,0
BRDA:135,6,0,0
BRDA:135,6,1,0
BRDA:143,7,0,0
BRDA:143,7,1,0
BRDA:162,8,0,0
BRDA:162,8,1,0
BRDA:168,9,0,0
BRDA:168,9,1,0
BRDA:179,10,0,0
BRDA:179,10,1,0
BRF:22
BRH:0
end_of_record
TN:
SF:src/routes/taskCrudRoutes.ts
FN:27,(anonymous_1)
FN:32,(anonymous_2)
FN:47,(anonymous_3)
FN:72,(anonymous_4)
FN:86,(anonymous_5)
FN:116,(anonymous_6)
FN:141,(anonymous_7)
FN:158,(anonymous_8)
FN:206,(anonymous_9)
FN:279,(anonymous_10)
FN:315,(anonymous_11)
FNF:11
FNH:0
FNDA:0,(anonymous_1)
FNDA:0,(anonymous_2)
FNDA:0,(anonymous_3)
FNDA:0,(anonymous_4)
FNDA:0,(anonymous_5)
FNDA:0,(anonymous_6)
FNDA:0,(anonymous_7)
FNDA:0,(anonymous_8)
FNDA:0,(anonymous_9)
FNDA:0,(anonymous_10)
FNDA:0,(anonymous_11)
DA:1,0
DA:2,0
DA:3,0
DA:4,0
DA:9,0
DA:10,0
DA:11,0
DA:12,0
DA:17,0
DA:18,0
DA:20,0
DA:27,0
DA:28,0
DA:29,0
DA:30,0
DA:32,0
DA:35,0
DA:36,0
DA:44,0
DA:48,0
DA:49,0
DA:50,0
DA:51,0
DA:54,0
DA:55,0
DA:56,0
DA:57,0
DA:58,0
DA:60,0
DA:62,0
DA:63,0
DA:72,0
DA:73,0
DA:74,0
DA:75,0
DA:76,0
DA:79,0
DA:80,0
DA:84,0
DA:86,0
DA:89,0
DA:90,0
DA:98,0
DA:117,0
DA:118,0
DA:119,0
DA:120,0
DA:123,0
DA:124,0
DA:136,0
DA:137,0
DA:139,0
DA:141,0
DA:145,0
DA:146,0
DA:155,0
DA:159,0
DA:160,0
DA:161,0
DA:162,0
DA:165,0
DA:166,0
DA:167,0
DA:168,0
DA:169,0
DA:171,0
DA:173,0
DA:174,0
DA:183,0
DA:207,0
DA:208,0
DA:209,0
DA:210,0
DA:213,0
DA:215,0
DA:232,0
DA:234,0
DA:235,0
DA:236,0
DA:238,0
DA:239,0
DA:248,0
DA:280,0
DA:281,0
DA:282,0
DA:283,0
DA:286,0
DA:287,0
DA:288,0
DA:289,0
DA:290,0
DA:293,0
DA:294,0
DA:296,0
DA:297,0
DA:298,0
DA:300,0
DA:301,0
DA:310,0
DA:316,0
DA:317,0
DA:318,0
DA:319,0
DA:322,0
DA:323,0
DA:324,0
DA:326,0
DA:327,0
DA:332,0
LF:109
LH:0
BRDA:49,0,0,0
BRDA:49,0,1,0
BRDA:56,1,0,0
BRDA:56,1,1,0
BRDA:74,2,0,0
BRDA:74,2,1,0
BRDA:118,3,0,0
BRDA:118,3,1,0
BRDA:130,4,0,0
BRDA:130,4,1,0
BRDA:131,5,0,0
BRDA:131,5,1,0
BRDA:136,6,0,0
BRDA:136,6,1,0
BRDA:137,7,0,0
BRDA:137,7,1,0
BRDA:160,8,0,0
BRDA:160,8,1,0
BRDA:167,9,0,0
BRDA:167,9,1,0
BRDA:208,10,0,0
BRDA:208,10,1,0
BRDA:222,11,0,0
BRDA:222,11,1,0
BRDA:225,12,0,0
BRDA:225,12,1,0
BRDA:234,13,0,0
BRDA:234,13,1,0
BRDA:281,14,0,0
BRDA:281,14,1,0
BRDA:288,15,0,0
BRDA:288,15,1,0
BRDA:296,16,0,0
BRDA:296,16,1,0
BRDA:317,17,0,0
BRDA:317,17,1,0
BRF:36
BRH:0
end_of_record
TN:
SF:src/routes/taskNoteRoutes.ts
FN:21,(anonymous_1)
FN:57,(anonymous_2)
FN:101,(anonymous_3)
FN:136,(anonymous_4)
FNF:4
FNH:0
FNDA:0,(anonymous_1)
FNDA:0,(anonymous_2)
FNDA:0,(anonymous_3)
FNDA:0,(anonymous_4)
DA:1,0
DA:2,0
DA:3,0
DA:4,0
DA:6,0
DA:7,0
DA:8,0
DA:9,0
DA:10,0
DA:12,0
DA:18,0
DA:22,0
DA:23,0
DA:24,0
DA:25,0
DA:28,0
DA:29,0
DA:30,0
DA:32,0
DA:33,0
DA:47,0
DA:58,0
DA:59,0
DA:60,0
DA:61,0
DA:64,0
DA:65,0
DA:66,0
DA:67,0
DA:70,0
DA:77,0
DA:79,0
DA:80,0
DA:81,0
DA:83,0
DA:84,0
DA:98,0
DA:102,0
DA:103,0
DA:104,0
DA:105,0
DA:108,0
DA:109,0
DA:110,0
DA:112,0
DA:113,0
DA:127,0
DA:137,0
DA:138,0
DA:139,0
DA:140,0
DA:143,0
DA:144,0
DA:145,0
DA:146,0
DA:149,0
DA:155,0
DA:157,0
DA:158,0
DA:159,0
DA:161,0
DA:162,0
DA:172,0
LF:63
LH:0
BRDA:23,0,0,0
BRDA:23,0,1,0
BRDA:59,1,0,0
BRDA:59,1,1,0
BRDA:65,2,0,0
BRDA:65,2,1,0
BRDA:74,3,0,0
BRDA:74,3,1,0
BRDA:79,4,0,0
BRDA:79,4,1,0
BRDA:103,5,0,0
BRDA:103,5,1,0
BRDA:138,6,0,0
BRDA:138,6,1,0
BRDA:144,7,0,0
BRDA:144,7,1,0
BRDA:157,8,0,0
BRDA:157,8,1,0
BRF:18
BRH:0
end_of_record
TN:
SF:src/routes/tasks.ts
FNF:0
FNH:0
DA:1,0
DA:2,0
DA:3,0
DA:4,0
DA:5,0
DA:6,0
DA:8,0
DA:11,0
DA:12,0
DA:15,0
DA:16,0
DA:17,0
DA:19,0
LF:13
LH:0
BRF:0
BRH:0
end_of_record
TN:
SF:src/routes/timeCategories.ts
FN:19,(anonymous_0)
FN:48,(anonymous_1)
FN:84,(anonymous_2)
FN:122,(anonymous_3)
FN:154,(anonymous_4)
FN:185,(anonymous_5)
FN:216,(anonymous_6)
FN:244,(anonymous_7)
FNF:8
FNH:0
FNDA:0,(anonymous_0)
FNDA:0,(anonymous_1)
FNDA:0,(anonymous_2)
FNDA:0,(anonymous_3)
FNDA:0,(anonymous_4)
FNDA:0,(anonymous_5)
FNDA:0,(anonymous_6)
FNDA:0,(anonymous_7)
DA:1,0
DA:2,0
DA:3,0
DA:4,0
DA:5,0
DA:6,0
DA:8,0
DA:10,0
DA:16,0
DA:20,0
DA:22,0
DA:23,0
DA:24,0
DA:28,0
DA:29,0
DA:31,0
DA:45,0
DA:49,0
DA:50,0
DA:51,0
DA:52,0
DA:55,0
DA:56,0
DA:57,0
DA:58,0
DA:59,0
DA:61,0
DA:63,0
DA:72,0
DA:85,0
DA:86,0
DA:87,0
DA:88,0
DA:91,0
DA:92,0
DA:93,0
DA:95,0
DA:109,0
DA:123,0
DA:124,0
DA:125,0
DA:126,0
DA:129,0
DA:130,0
DA:134,0
DA:136,0
DA:150,0
DA:155,0
DA:156,0
DA:157,0
DA:158,0
DA:161,0
DA:162,0
DA:165,0
DA:167,0
DA:181,0
DA:186,0
DA:187,0
DA:188,0
DA:189,0
DA:192,0
DA:193,0
DA:196,0
DA:198,0
DA:212,0
DA:217,0
DA:218,0
DA:219,0
DA:220,0
DA:223,0
DA:224,0
DA:225,0
DA:227,0
DA:241,0
DA:245,0
DA:247,0
DA:248,0
DA:253,0
DA:263,0
LF:79
LH:0
BRDA:23,0,0,0
BRDA:23,0,1,0
BRDA:50,1,0,0
BRDA:50,1,1,0
BRDA:57,2,0,0
BRDA:57,2,1,0
BRDA:86,3,0,0
BRDA:86,3,1,0
BRDA:124,4,0,0
BRDA:124,4,1,0
BRDA:156,5,0,0
BRDA:156,5,1,0
BRDA:187,6,0,0
BRDA:187,6,1,0
BRDA:218,7,0,0
BRDA:218,7,1,0
BRF:16
BRH:0
end_of_record
TN:
SF:src/routes/timeEntries.ts
FN:34,(anonymous_0)
FN:89,(anonymous_1)
FN:116,(anonymous_2)
FN:158,(anonymous_3)
FN:217,(anonymous_4)
FN:259,(anonymous_5)
FN:272,(anonymous_6)
FN:305,(anonymous_7)
FN:348,(anonymous_8)
FN:388,(anonymous_9)
FN:427,(anonymous_10)
FN:460,(anonymous_11)
FNF:12
FNH:0
FNDA:0,(anonymous_0)
FNDA:0,(anonymous_1)
FNDA:0,(anonymous_2)
FNDA:0,(anonymous_3)
FNDA:0,(anonymous_4)
FNDA:0,(anonymous_5)
FNDA:0,(anonymous_6)
FNDA:0,(anonymous_7)
FNDA:0,(anonymous_8)
FNDA:0,(anonymous_9)
FNDA:0,(anonymous_10)
FNDA:0,(anonymous_11)
DA:1,0
DA:2,0
DA:3,0
DA:4,0
DA:5,0
DA:6,0
DA:13,0
DA:15,0
DA:21,0
DA:35,0
DA:36,0
DA:37,0
DA:38,0
DA:41,0
DA:43,0
DA:44,0
DA:45,0
DA:48,0
DA:49,0
DA:51,0
DA:67,0
DA:73,0
DA:87,0
DA:90,0
DA:91,0
DA:92,0
DA:93,0
DA:96,0
DA:97,0
DA:99,0
DA:113,0
DA:117,0
DA:118,0
DA:119,0
DA:120,0
DA:125,0
DA:126,0
DA:128,0
DA:129,0
DA:130,0
DA:131,0
DA:133,0
DA:135,0
DA:139,0
DA:141,0
DA:155,0
DA:159,0
DA:160,0
DA:161,0
DA:162,0
DA:165,0
DA:166,0
DA:167,0
DA:168,0
DA:169,0
DA:173,0
DA:177,0
DA:178,0
DA:181,0
DA:183,0
DA:197,0
DA:218,0
DA:219,0
DA:220,0
DA:221,0
DA:224,0
DA:225,0
DA:226,0
DA:227,0
DA:230,0
DA:234,0
DA:236,0
DA:250,0
DA:260,0
DA:261,0
DA:262,0
DA:263,0
DA:266,0
DA:267,0
DA:268,0
DA:269,0
DA:272,0
DA:277,0
DA:278,0
DA:280,0
DA:294,0
DA:306,0
DA:307,0
DA:308,0
DA:309,0
DA:312,0
DA:313,0
DA:314,0
DA:315,0
DA:316,0
DA:320,0
DA:321,0
DA:322,0
DA:325,0
DA:329,0
DA:331,0
DA:345,0
DA:349,0
DA:350,0
DA:351,0
DA:352,0
DA:355,0
DA:356,0
DA:357,0
DA:358,0
DA:359,0
DA:362,0
DA:363,0
DA:364,0
DA:367,0
DA:368,0
DA:370,0
DA:384,0
DA:389,0
DA:390,0
DA:391,0
DA:392,0
DA:395,0
DA:396,0
DA:400,0
DA:402,0
DA:416,0
DA:428,0
DA:429,0
DA:430,0
DA:431,0
DA:434,0
DA:435,0
DA:440,0
DA:442,0
DA:456,0
DA:461,0
DA:462,0
DA:463,0
DA:464,0
DA:467,0
DA:468,0
DA:472,0
DA:474,0
DA:484,0
LF:145
LH:0
BRDA:36,0,0,0
BRDA:36,0,1,0
BRDA:44,1,0,0
BRDA:44,1,1,0
BRDA:48,2,0,0
BRDA:48,2,1,0
BRDA:49,3,0,0
BRDA:49,3,1,0
BRDA:57,4,0,0
BRDA:57,4,1,0
BRDA:60,5,0,0
BRDA:60,5,1,0
BRDA:91,6,0,0
BRDA:91,6,1,0
BRDA:118,7,0,0
BRDA:118,7,1,0
BRDA:125,8,0,0
BRDA:125,8,1,0
BRDA:130,9,0,0
BRDA:130,9,1,0
BRDA:160,10,0,0
BRDA:160,10,1,0
BRDA:167,11,0,0
BRDA:167,11,1,0
BRDA:173,12,0,0
BRDA:173,12,1,0
BRDA:174,13,0,0
BRDA:174,13,1,0
BRDA:219,14,0,0
BRDA:219,14,1,0
BRDA:225,15,0,0
BRDA:225,15,1,0
BRDA:261,16,0,0
BRDA:261,16,1,0
BRDA:267,17,0,0
BRDA:267,17,1,0
BRDA:307,18,0,0
BRDA:307,18,1,0
BRDA:314,19,0,0
BRDA:314,19,1,0
BRDA:320,20,0,0
BRDA:320,20,1,0
BRDA:350,21,0,0
BRDA:350,21,1,0
BRDA:357,22,0,0
BRDA:357,22,1,0
BRDA:362,23,0,0
BRDA:362,23,1,0
BRDA:390,24,0,0
BRDA:390,24,1,0
BRDA:429,25,0,0
BRDA:429,25,1,0
BRDA:462,26,0,0
BRDA:462,26,1,0
BRF:54
BRH:0
end_of_record
TN:
SF:src/routes/timeStats.ts
FN:24,(anonymous_0)
FN:67,(anonymous_1)
FN:118,(anonymous_2)
FN:159,(anonymous_3)
FN:197,(anonymous_4)
FN:228,(anonymous_5)
FNF:6
FNH:0
FNDA:0,(anonymous_0)
FNDA:0,(anonymous_1)
FNDA:0,(anonymous_2)
FNDA:0,(anonymous_3)
FNDA:0,(anonymous_4)
FNDA:0,(anonymous_5)
DA:1,0
DA:2,0
DA:3,0
DA:4,0
DA:5,0
DA:6,0
DA:8,0
DA:10,0
DA:16,0
DA:25,0
DA:26,0
DA:27,0
DA:28,0
DA:31,0
DA:33,0
DA:40,0
DA:44,0
DA:46,0
DA:60,0
DA:68,0
DA:69,0
DA:70,0
DA:71,0
DA:74,0
DA:76,0
DA:80,0
DA:81,0
DA:85,0
DA:92,0
DA:96,0
DA:98,0
DA:112,0
DA:119,0
DA:120,0
DA:121,0
DA:122,0
DA:126,0
DA:133,0
DA:137,0
DA:139,0
DA:153,0
DA:160,0
DA:161,0
DA:162,0
DA:163,0
DA:166,0
DA:167,0
DA:168,0
DA:169,0
DA:172,0
DA:177,0
DA:179,0
DA:193,0
DA:198,0
DA:199,0
DA:200,0
DA:201,0
DA:204,0
DA:205,0
DA:209,0
DA:211,0
DA:225,0
DA:229,0
DA:230,0
DA:231,0
DA:232,0
DA:235,0
DA:238,0
DA:240,0
DA:250,0
LF:70
LH:0
BRDA:26,0,0,0
BRDA:26,0,1,0
BRDA:33,1,0,0
BRDA:33,1,1,0
BRDA:33,2,0,0
BRDA:33,2,1,0
BRDA:69,3,0,0
BRDA:69,3,1,0
BRDA:76,4,0,0
BRDA:76,4,1,0
BRDA:77,5,0,0
BRDA:77,5,1,0
BRDA:85,6,0,0
BRDA:85,6,1,0
BRDA:85,7,0,0
BRDA:85,7,1,0
BRDA:120,8,0,0
BRDA:120,8,1,0
BRDA:126,9,0,0
BRDA:126,9,1,0
BRDA:126,10,0,0
BRDA:126,10,1,0
BRDA:161,11,0,0
BRDA:161,11,1,0
BRDA:167,12,0,0
BRDA:167,12,1,0
BRDA:199,13,0,0
BRDA:199,13,1,0
BRDA:230,14,0,0
BRDA:230,14,1,0
BRF:30
BRH:0
end_of_record
TN:
SF:src/routes/userSettings.ts
FN:19,(anonymous_1)
FN:56,(anonymous_2)
FN:106,(anonymous_3)
FN:142,(anonymous_4)
FN:171,(anonymous_5)
FN:207,(anonymous_6)
FNF:6
FNH:0
FNDA:0,(anonymous_1)
FNDA:0,(anonymous_2)
FNDA:0,(anonymous_3)
FNDA:0,(anonymous_4)
FNDA:0,(anonymous_5)
FNDA:0,(anonymous_6)
DA:1,0
DA:2,0
DA:3,0
DA:4,0
DA:5,0
DA:6,0
DA:7,0
DA:9,0
DA:11,0
DA:17,0
DA:20,0
DA:21,0
DA:22,0
DA:23,0
DA:26,0
DA:27,0
DA:28,0
DA:29,0
DA:32,0
DA:34,0
DA:35,0
DA:49,0
DA:57,0
DA:58,0
DA:59,0
DA:60,0
DA:63,0
DA:64,0
DA:65,0
DA:66,0
DA:69,0
DA:73,0
DA:75,0
DA:76,0
DA:80,0
DA:82,0
DA:97,0
DA:107,0
DA:108,0
DA:109,0
DA:110,0
DA:113,0
DA:114,0
DA:115,0
DA:116,0
DA:119,0
DA:123,0
DA:125,0
DA:126,0
DA:140,0
DA:143,0
DA:144,0
DA:145,0
DA:146,0
DA:149,0
DA:150,0
DA:152,0
DA:153,0
DA:162,0
DA:172,0
DA:173,0
DA:174,0
DA:175,0
DA:178,0
DA:179,0
DA:180,0
DA:181,0
DA:184,0
DA:188,0
DA:190,0
DA:191,0
DA:205,0
DA:208,0
DA:209,0
DA:210,0
DA:211,0
DA:214,0
DA:215,0
DA:217,0
DA:218,0
DA:223,0
LF:81
LH:0
BRDA:21,0,0,0
BRDA:21,0,1,0
BRDA:27,1,0,0
BRDA:27,1,1,0
BRDA:58,2,0,0
BRDA:58,2,1,0
BRDA:64,3,0,0
BRDA:64,3,1,0
BRDA:76,4,0,0
BRDA:76,4,1,0
BRDA:77,5,0,0
BRDA:77,5,1,0
BRDA:108,6,0,0
BRDA:108,6,1,0
BRDA:114,7,0,0
BRDA:114,7,1,0
BRDA:144,8,0,0
BRDA:144,8,1,0
BRDA:173,9,0,0
BRDA:173,9,1,0
BRDA:179,10,0,0
BRDA:179,10,1,0
BRDA:209,11,0,0
BRDA:209,11,1,0
BRF:24
BRH:0
end_of_record
TN:
SF:src/routes/gitlab/activities.ts
FN:32,(anonymous_1)
FN:90,(anonymous_2)
FN:123,(anonymous_3)
FN:197,(anonymous_4)
FN:248,(anonymous_5)
FN:292,(anonymous_6)
FNF:6
FNH:0
FNDA:0,(anonymous_1)
FNDA:0,(anonymous_2)
FNDA:0,(anonymous_3)
FNDA:0,(anonymous_4)
FNDA:0,(anonymous_5)
FNDA:0,(anonymous_6)
DA:1,0
DA:2,0
DA:3,0
DA:4,0
DA:5,0
DA:6,0
DA:7,0
DA:13,0
DA:15,0
DA:21,0
DA:33,0
DA:34,0
DA:35,0
DA:36,0
DA:39,0
DA:40,0
DA:41,0
DA:42,0
DA:45,0
DA:64,0
DA:68,0
DA:70,0
DA:84,0
DA:91,0
DA:92,0
DA:93,0
DA:94,0
DA:97,0
DA:98,0
DA:99,0
DA:100,0
DA:103,0
DA:109,0
DA:111,0
DA:120,0
DA:124,0
DA:125,0
DA:126,0
DA:127,0
DA:130,0
DA:131,0
DA:132,0
DA:133,0
DA:136,0
DA:157,0
DA:158,0
DA:159,0
DA:162,0
DA:164,0
DA:178,0
DA:198,0
DA:199,0
DA:200,0
DA:201,0
DA:204,0
DA:205,0
DA:206,0
DA:207,0
DA:210,0
DA:216,0
DA:218,0
DA:232,0
DA:249,0
DA:250,0
DA:251,0
DA:252,0
DA:255,0
DA:256,0
DA:257,0
DA:258,0
DA:261,0
DA:266,0
DA:268,0
DA:282,0
DA:293,0
DA:294,0
DA:295,0
DA:296,0
DA:299,0
DA:300,0
DA:301,0
DA:302,0
DA:305,0
DA:311,0
DA:313,0
DA:323,0
LF:86
LH:0
BRDA:34,0,0,0
BRDA:34,0,1,0
BRDA:40,1,0,0
BRDA:40,1,1,0
BRDA:46,2,0,0
BRDA:46,2,1,0
BRDA:49,3,0,0
BRDA:49,3,1,0
BRDA:55,4,0,0
BRDA:55,4,1,0
BRDA:57,5,0,0
BRDA:57,5,1,0
BRDA:60,6,0,0
BRDA:60,6,1,0
BRDA:61,7,0,0
BRDA:61,7,1,0
BRDA:92,8,0,0
BRDA:92,8,1,0
BRDA:98,9,0,0
BRDA:98,9,1,0
BRDA:125,10,0,0
BRDA:125,10,1,0
BRDA:131,11,0,0
BRDA:131,11,1,0
BRDA:157,12,0,0
BRDA:157,12,1,0
BRDA:157,13,0,0
BRDA:157,13,1,0
BRDA:199,14,0,0
BRDA:199,14,1,0
BRDA:205,15,0,0
BRDA:205,15,1,0
BRDA:250,16,0,0
BRDA:250,16,1,0
BRDA:256,17,0,0
BRDA:256,17,1,0
BRDA:294,18,0,0
BRDA:294,18,1,0
BRDA:300,19,0,0
BRDA:300,19,1,0
BRF:40
BRH:0
end_of_record
TN:
SF:src/routes/gitlab/connections.ts
FN:25,(anonymous_1)
FN:47,(anonymous_2)
FN:80,(anonymous_3)
FN:95,(anonymous_4)
FN:99,(anonymous_5)
FN:122,(anonymous_6)
FN:158,(anonymous_7)
FN:221,(anonymous_8)
FN:286,(anonymous_9)
FN:347,(anonymous_10)
FNF:10
FNH:0
FNDA:0,(anonymous_1)
FNDA:0,(anonymous_2)
FNDA:0,(anonymous_3)
FNDA:0,(anonymous_4)
FNDA:0,(anonymous_5)
FNDA:0,(anonymous_6)
FNDA:0,(anonymous_7)
FNDA:0,(anonymous_8)
FNDA:0,(anonymous_9)
FNDA:0,(anonymous_10)
DA:1,0
DA:2,0
DA:3,0
DA:4,0
DA:9,0
DA:10,0
DA:16,0
DA:22,0
DA:26,0
DA:27,0
DA:28,0
DA:29,0
DA:32,0
DA:45,0
DA:47,0
DA:63,0
DA:77,0
DA:81,0
DA:82,0
DA:83,0
DA:84,0
DA:88,0
DA:91,0
DA:95,0
DA:98,0
DA:99,0
DA:102,0
DA:104,0
DA:118,0
DA:123,0
DA:124,0
DA:125,0
DA:126,0
DA:129,0
DA:130,0
DA:131,0
DA:132,0
DA:135,0
DA:140,0
DA:142,0
DA:156,0
DA:159,0
DA:160,0
DA:162,0
DA:163,0
DA:166,0
DA:169,0
DA:170,0
DA:173,0
DA:177,0
DA:178,0
DA:179,0
DA:180,0
DA:184,0
DA:190,0
DA:197,0
DA:199,0
DA:200,0
DA:211,0
DA:222,0
DA:223,0
DA:224,0
DA:225,0
DA:228,0
DA:229,0
DA:230,0
DA:231,0
DA:235,0
DA:239,0
DA:240,0
DA:246,0
DA:249,0
DA:251,0
DA:261,0
DA:268,0
DA:282,0
DA:287,0
DA:288,0
DA:289,0
DA:290,0
DA:293,0
DA:294,0
DA:295,0
DA:296,0
DA:300,0
DA:304,0
DA:305,0
DA:311,0
DA:315,0
DA:316,0
DA:322,0
DA:327,0
DA:329,0
DA:343,0
DA:348,0
DA:349,0
DA:350,0
DA:351,0
DA:354,0
DA:355,0
DA:356,0
DA:357,0
DA:361,0
DA:365,0
DA:366,0
DA:372,0
DA:375,0
DA:376,0
DA:382,0
DA:386,0
DA:387,0
DA:392,0
DA:394,0
DA:404,0
LF:114
LH:0
BRDA:27,0,0,0
BRDA:27,0,1,0
BRDA:82,1,0,0
BRDA:82,1,1,0
BRDA:124,2,0,0
BRDA:124,2,1,0
BRDA:130,3,0,0
BRDA:130,3,1,0
BRDA:162,4,0,0
BRDA:162,4,1,0
BRDA:164,5,0,0
BRDA:164,5,1,0
BRDA:169,6,0,0
BRDA:169,6,1,0
BRDA:169,7,0,0
BRDA:169,7,1,0
BRDA:178,8,0,0
BRDA:178,8,1,0
BRDA:223,9,0,0
BRDA:223,9,1,0
BRDA:229,10,0,0
BRDA:229,10,1,0
BRDA:239,11,0,0
BRDA:239,11,1,0
BRDA:239,12,0,0
BRDA:239,12,1,0
BRDA:254,13,0,0
BRDA:254,13,1,0
BRDA:255,14,0,0
BRDA:255,14,1,0
BRDA:256,15,0,0
BRDA:256,15,1,0
BRDA:257,16,0,0
BRDA:257,16,1,0
BRDA:288,17,0,0
BRDA:288,17,1,0
BRDA:294,18,0,0
BRDA:294,18,1,0
BRDA:304,19,0,0
BRDA:304,19,1,0
BRDA:304,20,0,0
BRDA:304,20,1,0
BRDA:349,21,0,0
BRDA:349,21,1,0
BRDA:355,22,0,0
BRDA:355,22,1,0
BRDA:365,23,0,0
BRDA:365,23,1,0
BRDA:365,24,0,0
BRDA:365,24,1,0
BRDA:375,25,0,0
BRDA:375,25,1,0
BRF:52
BRH:0
end_of_record
TN:
SF:src/routes/gitlab/index.ts
FNF:0
FNH:0
DA:1,0
DA:2,0
DA:3,0
DA:4,0
DA:5,0
DA:6,0
DA:8,0
DA:10,0
DA:11,0
DA:12,0
DA:13,0
DA:14,0
DA:16,0
LF:13
LH:0
BRF:0
BRH:0
end_of_record
TN:
SF:src/routes/gitlab/instances.ts
FN:22,(anonymous_0)
FN:45,(anonymous_1)
FN:93,(anonymous_2)
FN:128,(anonymous_3)
FN:159,(anonymous_4)
FN:187,(anonymous_5)
FN:210,(anonymous_6)
FNF:7
FNH:0
FNDA:0,(anonymous_0)
FNDA:0,(anonymous_1)
FNDA:0,(anonymous_2)
FNDA:0,(anonymous_3)
FNDA:0,(anonymous_4)
FNDA:0,(anonymous_5)
FNDA:0,(anonymous_6)
DA:1,0
DA:2,0
DA:3,0
DA:4,0
DA:5,0
DA:6,0
DA:12,0
DA:15,0
DA:16,0
DA:22,0
DA:23,0
DA:24,0
DA:26,0
DA:27,0
DA:29,0
DA:42,0
DA:46,0
DA:47,0
DA:48,0
DA:49,0
DA:52,0
DA:53,0
DA:56,0
DA:57,0
DA:58,0
DA:60,0
DA:62,0
DA:76,0
DA:94,0
DA:95,0
DA:96,0
DA:97,0
DA:100,0
DA:101,0
DA:102,0
DA:104,0
DA:118,0
DA:129,0
DA:130,0
DA:131,0
DA:132,0
DA:135,0
DA:136,0
DA:140,0
DA:142,0
DA:156,0
DA:160,0
DA:161,0
DA:162,0
DA:163,0
DA:166,0
DA:167,0
DA:168,0
DA:170,0
DA:184,0
DA:188,0
DA:189,0
DA:190,0
DA:191,0
DA:194,0
DA:195,0
DA:196,0
DA:198,0
DA:207,0
DA:211,0
DA:212,0
DA:213,0
DA:214,0
DA:217,0
DA:218,0
DA:221,0
DA:223,0
DA:233,0
LF:73
LH:0
BRDA:47,0,0,0
BRDA:47,0,1,0
BRDA:56,1,0,0
BRDA:56,1,1,0
BRDA:95,2,0,0
BRDA:95,2,1,0
BRDA:130,3,0,0
BRDA:130,3,1,0
BRDA:161,4,0,0
BRDA:161,4,1,0
BRDA:189,5,0,0
BRDA:189,5,1,0
BRDA:212,6,0,0
BRDA:212,6,1,0
BRF:14
BRH:0
end_of_record
TN:
SF:src/routes/gitlab/issues.ts
FN:21,(anonymous_0)
FN:70,(anonymous_1)
FN:107,(anonymous_2)
FN:143,(anonymous_3)
FN:179,(anonymous_4)
FN:226,(anonymous_5)
FN:280,(anonymous_6)
FNF:7
FNH:0
FNDA:0,(anonymous_0)
FNDA:0,(anonymous_1)
FNDA:0,(anonymous_2)
FNDA:0,(anonymous_3)
FNDA:0,(anonymous_4)
FNDA:0,(anonymous_5)
FNDA:0,(anonymous_6)
DA:1,0
DA:2,0
DA:3,0
DA:4,0
DA:5,0
DA:11,0
DA:13,0
DA:19,0
DA:22,0
DA:23,0
DA:24,0
DA:25,0
DA:28,0
DA:31,0
DA:33,0
DA:47,0
DA:71,0
DA:72,0
DA:73,0
DA:74,0
DA:77,0
DA:78,0
DA:79,0
DA:80,0
DA:83,0
DA:88,0
DA:90,0
DA:104,0
DA:108,0
DA:109,0
DA:110,0
DA:111,0
DA:114,0
DA:115,0
DA:116,0
DA:117,0
DA:120,0
DA:124,0
DA:126,0
DA:140,0
DA:144,0
DA:145,0
DA:146,0
DA:147,0
DA:150,0
DA:151,0
DA:152,0
DA:153,0
DA:156,0
DA:160,0
DA:162,0
DA:176,0
DA:180,0
DA:181,0
DA:182,0
DA:183,0
DA:186,0
DA:187,0
DA:188,0
DA:189,0
DA:192,0
DA:196,0
DA:198,0
DA:212,0
DA:227,0
DA:228,0
DA:229,0
DA:230,0
DA:233,0
DA:234,0
DA:235,0
DA:236,0
DA:239,0
DA:246,0
DA:248,0
DA:262,0
DA:281,0
DA:282,0
DA:283,0
DA:284,0
DA:287,0
DA:288,0
DA:289,0
DA:290,0
DA:293,0
DA:300,0
DA:302,0
DA:312,0
LF:88
LH:0
BRDA:23,0,0,0
BRDA:23,0,1,0
BRDA:72,1,0,0
BRDA:72,1,1,0
BRDA:78,2,0,0
BRDA:78,2,1,0
BRDA:109,3,0,0
BRDA:109,3,1,0
BRDA:115,4,0,0
BRDA:115,4,1,0
BRDA:145,5,0,0
BRDA:145,5,1,0
BRDA:151,6,0,0
BRDA:151,6,1,0
BRDA:181,7,0,0
BRDA:181,7,1,0
BRDA:187,8,0,0
BRDA:187,8,1,0
BRDA:228,9,0,0
BRDA:228,9,1,0
BRDA:234,10,0,0
BRDA:234,10,1,0
BRDA:282,11,0,0
BRDA:282,11,1,0
BRDA:288,12,0,0
BRDA:288,12,1,0
BRF:26
BRH:0
end_of_record
TN:
SF:src/routes/gitlab/webhook.ts
FN:21,(anonymous_1)
FN:31,(anonymous_2)
FN:41,processWebhookEvent
FN:124,handlePushEvent
FN:181,handleMergeRequestEvent
FN:251,handleIssueEvent
FNF:6
FNH:0
FNDA:0,(anonymous_1)
FNDA:0,(anonymous_2)
FNDA:0,processWebhookEvent
FNDA:0,handlePushEvent
FNDA:0,handleMergeRequestEvent
FNDA:0,handleIssueEvent
DA:1,0
DA:2,0
DA:3,0
DA:4,0
DA:11,0
DA:13,0
DA:19,0
DA:22,0
DA:23,0
DA:24,0
DA:27,0
DA:30,0
DA:32,0
DA:49,0
DA:50,0
DA:51,0
DA:52,0
DA:55,0
DA:56,0
DA:57,0
DA:58,0
DA:62,0
DA:63,0
DA:64,0
DA:65,0
DA:67,0
DA:68,0
DA:69,0
DA:73,0
DA:81,0
DA:82,0
DA:85,0
DA:88,0
DA:90,0
DA:91,0
DA:93,0
DA:98,0
DA:100,0
DA:105,0
DA:107,0
DA:112,0
DA:114,0
DA:117,0
DA:129,0
DA:133,0
DA:134,0
DA:137,0
DA:138,0
DA:141,0
DA:145,0
DA:147,0
DA:148,0
DA:149,0
DA:154,0
DA:172,0
DA:186,0
DA:190,0
DA:191,0
DA:194,0
DA:198,0
DA:200,0
DA:201,0
DA:202,0
DA:204,0
DA:205,0
DA:206,0
DA:208,0
DA:209,0
DA:210,0
DA:212,0
DA:213,0
DA:214,0
DA:217,0
DA:220,0
DA:222,0
DA:226,0
DA:227,0
DA:242,0
DA:256,0
DA:260,0
DA:261,0
DA:264,0
DA:268,0
DA:270,0
DA:271,0
DA:273,0
DA:274,0
DA:277,0
DA:278,0
DA:280,0
DA:283,0
DA:285,0
DA:299,0
DA:307,0
DA:308,0
DA:309,0
DA:314,0
DA:320,0
DA:326,0
LF:99
LH:0
BRDA:50,0,0,0
BRDA:50,0,1,0
BRDA:55,1,0,0
BRDA:55,1,1,0
BRDA:56,2,0,0
BRDA:56,2,1,0
BRDA:67,3,0,0
BRDA:67,3,1,0
BRDA:67,4,0,0
BRDA:67,4,1,0
BRDA:81,5,0,0
BRDA:81,5,1,0
BRDA:91,6,0,0
BRDA:91,6,1,0
BRDA:91,6,2,0
BRDA:91,6,3,0
BRDA:133,7,0,0
BRDA:133,7,1,0
BRDA:145,8,0,0
BRDA:145,8,1,0
BRDA:190,9,0,0
BRDA:190,9,1,0
BRDA:198,10,0,0
BRDA:198,10,1,0
BRDA:198,10,2,0
BRDA:198,10,3,0
BRDA:198,10,4,0
BRDA:226,11,0,0
BRDA:226,11,1,0
BRDA:260,12,0,0
BRDA:260,12,1,0
BRDA:268,13,0,0
BRDA:268,13,1,0
BRDA:268,13,2,0
BRDA:268,13,3,0
BRDA:268,13,4,0
BRDA:307,14,0,0
BRDA:307,14,1,0
BRDA:307,15,0,0
BRDA:307,15,1,0
BRDA:308,16,0,0
BRDA:308,16,1,0
BRF:42
BRH:0
end_of_record
TN:
SF:src/scheduler/reminder.ts
FN:9,getSlackClient
FN:23,checkUnreportedEmployees
FN:74,sendReminder
FN:122,timeToCron
FN:130,startScheduler
FN:140,(anonymous_6)
FNF:6
FNH:0
FNDA:0,getSlackClient
FNDA:0,checkUnreportedEmployees
FNDA:0,sendReminder
FNDA:0,timeToCron
FNDA:0,startScheduler
FNDA:0,(anonymous_6)
DA:1,0
DA:2,0
DA:3,0
DA:4,0
DA:5,0
DA:7,0
DA:10,0
DA:11,0
DA:12,0
DA:14,0
DA:17,0
DA:18,0
DA:24,0
DA:25,0
DA:29,0
DA:30,0
DA:33,0
DA:46,0
DA:48,0
DA:56,0
DA:57,0
DA:58,0
DA:63,0
DA:67,0
DA:78,0
DA:79,0
DA:80,0
DA:81,0
DA:84,0
DA:87,0
DA:108,0
DA:112,0
DA:123,0
DA:124,0
DA:130,0
DA:131,0
DA:133,0
DA:136,0
DA:138,0
DA:141,0
DA:144,0
DA:151,0
DA:154,0
DA:155,0
DA:156,0
LF:45
LH:0
BRDA:10,0,0,0
BRDA:10,0,1,0
BRDA:11,1,0,0
BRDA:11,1,1,0
BRDA:17,2,0,0
BRDA:17,2,1,0
BRDA:18,3,0,0
BRDA:18,3,1,0
BRDA:56,4,0,0
BRDA:56,4,1,0
BRDA:57,5,0,0
BRDA:57,5,1,0
BRDA:80,6,0,0
BRDA:80,6,1,0
BRDA:154,7,0,0
BRDA:154,7,1,0
BRF:16
BRH:0
end_of_record
TN:
SF:src/services/authService.ts
FN:33,(anonymous_1)
FN:55,(anonymous_2)
FN:67,(anonymous_3)
FN:148,(anonymous_4)
FN:163,(anonymous_5)
FN:175,(anonymous_6)
FN:193,(anonymous_7)
FN:208,(anonymous_8)
FN:224,(anonymous_9)
FN:236,(anonymous_10)
FN:265,(anonymous_11)
FN:292,(anonymous_12)
FN:299,(anonymous_13)
FN:311,(anonymous_14)
FN:337,(anonymous_15)
FN:364,(anonymous_16)
FNF:16
FNH:6
FNDA:0,(anonymous_1)
FNDA:0,(anonymous_2)
FNDA:3,(anonymous_3)
FNDA:0,(anonymous_4)
FNDA:0,(anonymous_5)
FNDA:0,(anonymous_6)
FNDA:5,(anonymous_7)
FNDA:2,(anonymous_8)
FNDA:2,(anonymous_9)
FNDA:0,(anonymous_10)
FNDA:0,(anonymous_11)
FNDA:0,(anonymous_12)
FNDA:0,(anonymous_13)
FNDA:0,(anonymous_14)
FNDA:2,(anonymous_15)
FNDA:2,(anonymous_16)
DA:1,1
DA:2,1
DA:3,1
DA:4,1
DA:5,1
DA:6,1
DA:7,1
DA:10,1
DA:11,1
DA:12,1
DA:16,1
DA:17,1
DA:28,1
DA:35,0
DA:36,0
DA:37,0
DA:38,0
DA:42,0
DA:43,0
DA:46,0
DA:47,0
DA:48,0
DA:56,0
DA:57,0
DA:59,0
DA:60,0
DA:68,3
DA:80,3
DA:81,1
DA:86,2
DA:87,2
DA:88,0
DA:92,2
DA:99,2
DA:100,2
DA:101,2
DA:104,2
DA:108,2
DA:110,1
DA:114,1
DA:116,0
DA:122,1
DA:135,2
DA:140,2
DA:141,2
DA:142,2
DA:149,0
DA:153,0
DA:154,0
DA:157,0
DA:164,0
DA:168,0
DA:169,0
DA:172,0
DA:176,0
DA:177,0
DA:180,0
DA:185,0
DA:186,0
DA:187,0
DA:194,5
DA:213,2
DA:226,2
DA:227,2
DA:228,1
DA:229,0
DA:233,2
DA:235,0
DA:236,0
DA:237,0
DA:238,0
DA:239,0
DA:243,2
DA:253,2
DA:254,2
DA:259,2
DA:266,0
DA:271,0
DA:272,0
DA:276,0
DA:277,0
DA:278,0
DA:281,0
DA:282,0
DA:283,0
DA:286,0
DA:293,0
DA:300,0
DA:301,0
DA:302,0
DA:314,0
DA:316,0
DA:320,0
DA:321,0
DA:322,0
DA:326,0
DA:328,0
DA:329,0
DA:331,0
DA:338,2
DA:339,2
DA:341,0
DA:344,2
DA:345,2
DA:347,2
DA:349,0
DA:351,0
DA:353,0
DA:355,2
DA:357,0
DA:365,2
DA:371,1
LF:112
LH:49
BRDA:37,0,0,0
BRDA:37,0,1,0
BRDA:42,1,0,0
BRDA:42,1,1,0
BRDA:57,2,0,0
BRDA:57,2,1,0
BRDA:80,3,0,1
BRDA:80,3,1,2
BRDA:82,4,0,1
BRDA:82,4,1,0
BRDA:87,5,0,0
BRDA:87,5,1,2
BRDA:95,6,0,2
BRDA:95,6,1,0
BRDA:100,7,0,2
BRDA:100,7,1,0
BRDA:101,8,0,2
BRDA:101,8,1,0
BRDA:101,8,2,0
BRDA:108,9,0,1
BRDA:108,9,1,1
BRDA:114,10,0,0
BRDA:114,10,1,1
BRDA:153,11,0,0
BRDA:153,11,1,0
BRDA:168,12,0,0
BRDA:168,12,1,0
BRDA:176,13,0,0
BRDA:176,13,1,0
BRDA:228,14,0,0
BRDA:228,14,1,1
BRDA:233,15,0,0
BRDA:233,15,1,2
BRDA:271,16,0,0
BRDA:271,16,1,0
BRDA:277,17,0,0
BRDA:277,17,1,0
BRDA:281,18,0,0
BRDA:281,18,1,0
BRDA:301,19,0,0
BRDA:301,19,1,0
BRDA:320,20,0,0
BRDA:320,20,1,0
BRDA:320,21,0,0
BRDA:320,21,1,0
BRDA:339,22,0,0
BRDA:339,22,1,2
BRDA:347,23,0,0
BRDA:347,23,1,0
BRDA:347,23,2,0
BRDA:347,23,3,2
BRDA:347,23,4,0
BRF:52
BRH:14
end_of_record
TN:
SF:src/services/dashboardService.ts
FN:27,(anonymous_1)
FN:66,(anonymous_2)
FN:81,(anonymous_3)
FNF:3
FNH:3
FNDA:3,(anonymous_1)
FNDA:3,(anonymous_2)
FNDA:14,(anonymous_3)
DA:1,1
DA:2,1
DA:5,1
DA:23,1
DA:28,3
DA:29,3
DA:37,2
DA:52,2
DA:59,2
DA:60,2
DA:67,3
DA:68,3
DA:70,2
DA:80,2
DA:83,14
DA:104,14
DA:114,2
DA:115,2
DA:119,1
LF:19
LH:19
BRDA:29,0,0,1
BRDA:29,0,1,2
BRDA:68,1,0,1
BRDA:68,1,1,2
BRF:4
BRH:4
end_of_record
TN:
SF:src/services/employeeService.ts
FN:33,(anonymous_1)
FN:76,(anonymous_2)
FN:90,(anonymous_3)
FN:105,(anonymous_4)
FN:115,(anonymous_5)
FN:125,(anonymous_6)
FN:135,(anonymous_7)
FNF:7
FNH:7
FNDA:4,(anonymous_1)
FNDA:2,(anonymous_2)
FNDA:2,(anonymous_3)
FNDA:1,(anonymous_4)
FNDA:1,(anonymous_5)
FNDA:4,(anonymous_6)
FNDA:3,(anonymous_7)
DA:1,1
DA:2,1
DA:29,1
DA:42,4
DA:43,4
DA:45,4
DA:47,4
DA:48,1
DA:50,4
DA:51,1
DA:53,4
DA:54,1
DA:60,4
DA:70,4
DA:77,2
DA:91,2
DA:106,1
DA:116,1
DA:126,4
DA:129,4
DA:139,3
DA:142,3
DA:146,1
LF:23
LH:23
BRDA:37,0,0,3
BRDA:38,1,0,3
BRDA:47,2,0,1
BRDA:47,2,1,3
BRDA:50,3,0,1
BRDA:50,3,1,3
BRDA:53,4,0,1
BRDA:53,4,1,3
BRDA:97,5,0,2
BRDA:97,5,1,1
BRDA:129,6,0,4
BRDA:129,6,1,3
BRDA:142,7,0,3
BRDA:142,7,1,2
BRF:14
BRH:14
end_of_record
TN:
SF:src/services/milestoneService.ts
FN:9,(anonymous_1)
FN:24,(anonymous_2)
FN:33,(anonymous_3)
FN:56,(anonymous_4)
FNF:4
FNH:4
FNDA:2,(anonymous_1)
FNDA:2,(anonymous_2)
FNDA:1,(anonymous_3)
FNDA:1,(anonymous_4)
DA:1,1
DA:8,1
DA:10,2
DA:11,2
DA:12,1
DA:15,2
DA:25,2
DA:41,1
DA:57,1
DA:61,1
LF:10
LH:10
BRDA:11,0,0,1
BRDA:11,0,1,1
BRF:2
BRH:2
end_of_record
TN:
SF:src/services/progressService.ts
FN:31,(anonymous_1)
FN:82,(anonymous_2)
FN:83,(anonymous_3)
FN:132,(anonymous_4)
FN:166,(anonymous_5)
FN:179,(anonymous_6)
FN:210,(anonymous_7)
FN:223,(anonymous_8)
FNF:8
FNH:8
FNDA:3,(anonymous_1)
FNDA:3,(anonymous_2)
FNDA:3,(anonymous_3)
FNDA:2,(anonymous_4)
FNDA:3,(anonymous_5)
FNDA:2,(anonymous_6)
FNDA:3,(anonymous_7)
FNDA:2,(anonymous_8)
DA:1,1
DA:27,1
DA:41,3
DA:42,3
DA:44,3
DA:46,3
DA:47,1
DA:49,3
DA:50,0
DA:52,3
DA:53,1
DA:54,1
DA:55,1
DA:57,1
DA:58,1
DA:62,3
DA:76,3
DA:83,3
DA:85,3
DA:100,3
DA:106,3
DA:110,3
DA:125,3
DA:137,2
DA:138,2
DA:140,2
DA:141,2
DA:144,2
DA:156,2
DA:166,3
DA:169,2
DA:189,2
DA:190,2
DA:191,2
DA:193,2
DA:209,2
DA:211,3
DA:212,3
DA:213,2
DA:215,3
DA:216,3
DA:217,3
DA:223,2
DA:231,1
LF:44
LH:43
BRDA:39,0,0,2
BRDA:40,1,0,2
BRDA:46,2,0,1
BRDA:46,2,1,2
BRDA:49,3,0,0
BRDA:49,3,1,3
BRDA:52,4,0,1
BRDA:52,4,1,2
BRDA:52,5,0,3
BRDA:52,5,1,2
BRDA:54,6,0,1
BRDA:54,6,1,0
BRDA:57,7,0,1
BRDA:57,7,1,0
BRDA:100,8,0,1
BRDA:100,8,1,2
BRDA:102,9,0,1
BRDA:102,9,1,1
BRDA:117,10,0,1
BRDA:117,10,1,2
BRDA:117,11,0,3
BRDA:117,11,1,1
BRDA:121,12,0,1
BRDA:121,12,1,2
BRDA:181,13,0,1
BRDA:212,14,0,2
BRDA:212,14,1,1
BRF:27
BRH:24
end_of_record
TN:
SF:src/services/projectService.ts
FN:30,(anonymous_1)
FN:69,(anonymous_2)
FN:91,(anonymous_3)
FN:105,(anonymous_4)
FN:125,(anonymous_5)
FN:147,(anonymous_6)
FN:159,(anonymous_7)
FN:161,(anonymous_8)
FN:166,(anonymous_9)
FN:182,(anonymous_10)
FN:212,(anonymous_11)
FNF:11
FNH:11
FNDA:3,(anonymous_1)
FNDA:2,(anonymous_2)
FNDA:1,(anonymous_3)
FNDA:1,(anonymous_4)
FNDA:3,(anonymous_5)
FNDA:2,(anonymous_6)
FNDA:3,(anonymous_7)
FNDA:3,(anonymous_8)
FNDA:3,(anonymous_9)
FNDA:3,(anonymous_10)
FNDA:2,(anonymous_11)
DA:1,1
DA:26,1
DA:33,3
DA:34,3
DA:36,3
DA:38,3
DA:39,1
DA:41,3
DA:42,1
DA:48,3
DA:63,3
DA:70,2
DA:92,1
DA:106,1
DA:108,1
DA:109,1
DA:110,0
DA:111,1
DA:112,0
DA:113,1
DA:114,1
DA:116,1
DA:126,3
DA:133,3
DA:134,1
DA:139,2
DA:153,2
DA:158,2
DA:159,3
DA:160,2
DA:161,3
DA:164,2
DA:166,3
DA:171,2
DA:194,3
DA:208,3
DA:209,1
DA:212,2
DA:222,2
DA:226,1
LF:40
LH:38
BRDA:33,0,0,2
BRDA:33,1,0,2
BRDA:38,2,0,1
BRDA:38,2,1,2
BRDA:41,3,0,1
BRDA:41,3,1,2
BRDA:108,4,0,1
BRDA:108,4,1,0
BRDA:109,5,0,0
BRDA:109,5,1,1
BRDA:111,6,0,0
BRDA:111,6,1,1
BRDA:113,7,0,0
BRDA:113,7,1,1
BRDA:114,8,0,0
BRDA:114,8,1,1
BRDA:133,9,0,1
BRDA:133,9,1,2
BRDA:164,10,0,1
BRDA:164,10,1,1
BRDA:208,11,0,1
BRDA:208,11,1,2
BRDA:215,12,0,2
BRDA:215,12,1,1
BRDA:215,12,2,0
BRDA:216,13,0,2
BRDA:216,13,1,1
BRDA:216,13,2,0
BRDA:219,14,0,2
BRDA:219,14,1,1
BRF:30
BRH:23
end_of_record
TN:
SF:src/services/taskNoteService.ts
FN:15,(anonymous_1)
FN:25,(anonymous_2)
FNF:2
FNH:2
FNDA:2,(anonymous_1)
FNDA:1,(anonymous_2)
DA:1,1
DA:11,1
DA:16,2
DA:26,1
DA:38,1
LF:5
LH:5
BRF:0
BRH:0
end_of_record
TN:
SF:src/services/taskService.ts
FN:16,validateFunctionTags
FN:18,(anonymous_2)
FN:100,(anonymous_3)
FN:135,(anonymous_4)
FN:149,(anonymous_5)
FN:168,(anonymous_6)
FN:193,(anonymous_7)
FN:239,(anonymous_8)
FN:308,(anonymous_9)
FN:317,(anonymous_10)
FN:318,(anonymous_11)
FN:347,(anonymous_12)
FN:348,(anonymous_13)
FN:382,(anonymous_14)
FN:461,(anonymous_15)
FN:467,(anonymous_16)
FN:515,(anonymous_17)
FNF:17
FNH:17
FNDA:3,validateFunctionTags
FNDA:4,(anonymous_2)
FNDA:5,(anonymous_3)
FNDA:1,(anonymous_4)
FNDA:2,(anonymous_5)
FNDA:2,(anonymous_6)
FNDA:6,(anonymous_7)
FNDA:4,(anonymous_8)
FNDA:1,(anonymous_9)
FNDA:2,(anonymous_10)
FNDA:2,(anonymous_11)
FNDA:2,(anonymous_12)
FNDA:2,(anonymous_13)
FNDA:23,(anonymous_14)
FNDA:4,(anonymous_15)
FNDA:4,(anonymous_16)
FNDA:1,(anonymous_17)
DA:1,1
DA:3,1
DA:6,1
DA:17,3
DA:19,4
DA:21,3
DA:22,2
DA:31,1
DA:41,1
DA:96,1
DA:103,5
DA:104,5
DA:106,5
DA:108,5
DA:109,1
DA:111,5
DA:112,1
DA:114,5
DA:115,1
DA:118,5
DA:129,5
DA:136,1
DA:150,2
DA:172,2
DA:179,2
DA:180,1
DA:183,2
DA:194,6
DA:195,2
DA:198,5
DA:199,2
DA:202,2
DA:203,1
DA:211,4
DA:240,4
DA:241,1
DA:244,3
DA:245,1
DA:248,1
DA:249,1
DA:257,2
DA:259,2
DA:260,2
DA:261,0
DA:262,2
DA:263,2
DA:264,0
DA:268,2
DA:269,0
DA:270,2
DA:271,0
DA:272,2
DA:273,0
DA:275,2
DA:276,0
DA:278,2
DA:279,0
DA:281,2
DA:282,0
DA:284,2
DA:285,0
DA:287,2
DA:288,2
DA:289,0
DA:290,2
DA:291,0
DA:292,2
DA:293,0
DA:298,2
DA:309,1
DA:318,2
DA:320,2
DA:329,2
DA:330,1
DA:337,1
DA:348,2
DA:350,2
DA:364,2
DA:365,1
DA:372,1
DA:391,23
DA:392,23
DA:393,1
DA:396,22
DA:397,22
DA:398,7
DA:405,15
DA:410,15
DA:411,3
DA:412,1
DA:418,2
DA:419,2
DA:420,2
DA:424,14
DA:425,2
DA:429,14
DA:430,3
DA:434,14
DA:438,3
DA:439,3
DA:440,3
DA:441,3
DA:445,14
DA:446,2
DA:447,2
DA:448,2
DA:451,14
DA:467,4
DA:468,4
DA:469,4
DA:470,1
DA:473,3
DA:476,3
DA:489,3
DA:495,3
DA:516,1
DA:526,1
LF:117
LH:105
BRDA:21,0,0,2
BRDA:21,0,1,1
BRDA:103,1,0,3
BRDA:103,2,0,3
BRDA:108,3,0,1
BRDA:108,3,1,4
BRDA:111,4,0,1
BRDA:111,4,1,4
BRDA:114,5,0,1
BRDA:114,5,1,4
BRDA:179,6,0,1
BRDA:179,6,1,1
BRDA:194,7,0,2
BRDA:194,7,1,4
BRDA:194,8,0,6
BRDA:194,8,1,2
BRDA:198,9,0,2
BRDA:198,9,1,3
BRDA:198,10,0,5
BRDA:198,10,1,2
BRDA:202,11,0,1
BRDA:202,11,1,1
BRDA:216,12,0,4
BRDA:216,12,1,4
BRDA:218,13,0,4
BRDA:218,13,1,4
BRDA:219,14,0,4
BRDA:219,14,1,3
BRDA:220,15,0,0
BRDA:220,15,1,4
BRDA:223,16,0,0
BRDA:223,16,1,4
BRDA:226,17,0,4
BRDA:226,17,1,3
BRDA:230,18,0,1
BRDA:230,18,1,3
BRDA:240,19,0,1
BRDA:240,19,1,3
BRDA:240,20,0,4
BRDA:240,20,1,1
BRDA:244,21,0,1
BRDA:244,21,1,2
BRDA:244,22,0,3
BRDA:244,22,1,1
BRDA:248,23,0,1
BRDA:248,23,1,0
BRDA:259,24,0,1
BRDA:259,24,1,1
BRDA:260,25,0,0
BRDA:260,25,1,2
BRDA:262,26,0,0
BRDA:262,26,1,2
BRDA:263,27,0,0
BRDA:263,27,1,2
BRDA:264,28,0,0
BRDA:264,28,1,0
BRDA:268,29,0,0
BRDA:268,29,1,2
BRDA:270,30,0,0
BRDA:270,30,1,2
BRDA:272,31,0,0
BRDA:272,31,1,2
BRDA:275,32,0,0
BRDA:275,32,1,2
BRDA:278,33,0,0
BRDA:278,33,1,2
BRDA:281,34,0,0
BRDA:281,34,1,2
BRDA:284,35,0,0
BRDA:284,35,1,2
BRDA:287,36,0,0
BRDA:287,36,1,2
BRDA:288,37,0,0
BRDA:288,37,1,2
BRDA:290,38,0,0
BRDA:290,38,1,2
BRDA:292,39,0,0
BRDA:292,39,1,2
BRDA:293,40,0,0
BRDA:293,40,1,0
BRDA:329,41,0,1
BRDA:329,41,1,1
BRDA:364,42,0,1
BRDA:364,42,1,1
BRDA:392,43,0,1
BRDA:392,43,1,22
BRDA:397,44,0,7
BRDA:397,44,1,15
BRDA:410,45,0,3
BRDA:410,45,1,12
BRDA:411,46,0,1
BRDA:411,46,1,2
BRDA:424,47,0,2
BRDA:424,47,1,12
BRDA:429,48,0,3
BRDA:429,48,1,11
BRDA:429,49,0,14
BRDA:429,49,1,6
BRDA:434,50,0,3
BRDA:434,50,1,11
BRDA:435,51,0,14
BRDA:435,51,1,6
BRDA:435,51,2,4
BRDA:445,52,0,2
BRDA:445,52,1,12
BRDA:469,53,0,1
BRDA:469,53,1,3
BRDA:483,54,0,1
BRDA:483,54,1,2
BRDA:489,55,0,1
BRDA:489,55,1,2
BRDA:491,56,0,1
BRDA:491,56,1,1
BRDA:491,57,0,2
BRDA:491,57,1,2
BRDA:501,58,0,2
BRDA:501,58,1,1
BRDA:501,59,0,3
BRDA:501,59,1,2
BRDA:504,60,0,1
BRDA:504,60,1,2
BRDA:505,61,0,1
BRDA:505,61,1,2
BRF:123
BRH:102
end_of_record
TN:
SF:src/services/timeCategoryService.ts
FN:22,(anonymous_1)
FN:33,(anonymous_2)
FN:42,(anonymous_3)
FN:64,(anonymous_4)
FN:89,(anonymous_5)
FN:104,(anonymous_6)
FN:119,(anonymous_7)
FN:139,(anonymous_8)
FNF:8
FNH:8
FNDA:4,(anonymous_1)
FNDA:1,(anonymous_2)
FNDA:3,(anonymous_3)
FNDA:4,(anonymous_4)
FNDA:2,(anonymous_5)
FNDA:2,(anonymous_6)
FNDA:3,(anonymous_7)
FNDA:2,(anonymous_8)
DA:1,1
DA:18,1
DA:23,4
DA:24,4
DA:34,1
DA:44,3
DA:47,3
DA:48,1
DA:51,2
DA:65,4
DA:66,4
DA:67,1
DA:71,3
DA:72,1
DA:75,1
DA:76,1
DA:80,2
DA:90,2
DA:91,2
DA:92,1
DA:95,1
DA:105,2
DA:106,2
DA:107,1
DA:110,1
DA:120,3
DA:125,3
DA:126,1
DA:129,2
DA:130,1
DA:133,1
DA:140,2
DA:149,2
DA:150,12
DA:157,2
DA:161,1
LF:36
LH:36
BRDA:22,0,0,3
BRDA:23,1,0,1
BRDA:23,1,1,3
BRDA:47,2,0,1
BRDA:47,2,1,2
BRDA:54,3,0,2
BRDA:54,3,1,1
BRDA:55,4,0,2
BRDA:55,4,1,1
BRDA:56,5,0,2
BRDA:56,5,1,1
BRDA:66,6,0,1
BRDA:66,6,1,3
BRDA:71,7,0,1
BRDA:71,7,1,2
BRDA:71,8,0,3
BRDA:71,8,1,2
BRDA:75,9,0,1
BRDA:75,9,1,0
BRDA:91,10,0,1
BRDA:91,10,1,1
BRDA:106,11,0,1
BRDA:106,11,1,1
BRDA:125,12,0,1
BRDA:125,12,1,2
BRDA:129,13,0,1
BRDA:129,13,1,1
BRF:27
BRH:26
end_of_record
TN:
SF:src/services/timeEntryService.ts
FN:54,(anonymous_1)
FN:103,(anonymous_2)
FN:119,(anonymous_3)
FN:144,(anonymous_4)
FN:167,(anonymous_5)
FN:192,(anonymous_6)
FN:205,(anonymous_7)
FN:219,(anonymous_8)
FN:234,(anonymous_9)
FN:248,(anonymous_10)
FN:315,(anonymous_11)
FN:330,(anonymous_12)
FN:342,(anonymous_13)
FNF:13
FNH:13
FNDA:3,(anonymous_1)
FNDA:1,(anonymous_2)
FNDA:10,(anonymous_3)
FNDA:1,(anonymous_4)
FNDA:3,(anonymous_5)
FNDA:3,(anonymous_6)
FNDA:1,(anonymous_7)
FNDA:1,(anonymous_8)
FNDA:1,(anonymous_9)
FNDA:2,(anonymous_10)
FNDA:2,(anonymous_11)
FNDA:2,(anonymous_12)
FNDA:12,(anonymous_13)
DA:1,1
DA:50,1
DA:65,3
DA:66,3
DA:68,3
DA:70,3
DA:71,3
DA:72,3
DA:73,3
DA:74,3
DA:75,3
DA:76,1
DA:77,1
DA:78,1
DA:81,3
DA:97,3
DA:104,1
DA:121,10
DA:123,6
DA:145,1
DA:146,1
DA:147,2
DA:148,2
DA:159,2
DA:161,1
DA:168,3
DA:169,3
DA:170,2
DA:171,1
DA:174,1
DA:193,3
DA:194,3
DA:195,2
DA:196,1
DA:199,1
DA:206,1
DA:220,1
DA:235,1
DA:249,2
DA:250,2
DA:252,2
DA:265,2
DA:274,2
DA:275,2
DA:277,2
DA:278,4
DA:281,4
DA:282,4
DA:284,4
DA:285,3
DA:295,4
DA:296,4
DA:297,4
DA:299,4
DA:300,4
DA:303,2
DA:316,2
DA:317,2
DA:319,2
DA:330,2
DA:332,2
DA:344,12
DA:345,1
DA:349,11
DA:350,1
DA:354,10
DA:362,10
DA:363,10
DA:364,1
DA:368,9
DA:369,9
DA:370,9
DA:371,9
DA:373,9
DA:374,1
DA:379,1
LF:76
LH:76
BRDA:63,0,0,2
BRDA:64,1,0,2
BRDA:70,2,0,1
BRDA:70,2,1,2
BRDA:71,3,0,0
BRDA:71,3,1,3
BRDA:72,4,0,0
BRDA:72,4,1,3
BRDA:73,5,0,0
BRDA:73,5,1,3
BRDA:74,6,0,0
BRDA:74,6,1,3
BRDA:75,7,0,1
BRDA:75,7,1,2
BRDA:75,8,0,3
BRDA:75,8,1,2
BRDA:77,9,0,1
BRDA:77,9,1,0
BRDA:78,10,0,1
BRDA:78,10,1,0
BRDA:169,11,0,1
BRDA:169,11,1,2
BRDA:170,12,0,1
BRDA:170,12,1,1
BRDA:178,13,0,0
BRDA:178,13,1,1
BRDA:194,14,0,1
BRDA:194,14,1,2
BRDA:195,15,0,1
BRDA:195,15,1,1
BRDA:278,16,0,2
BRDA:278,16,1,2
BRDA:284,17,0,3
BRDA:284,17,1,1
BRDA:288,18,0,3
BRDA:288,18,1,2
BRDA:289,19,0,3
BRDA:289,19,1,2
BRDA:296,20,0,4
BRDA:296,20,1,4
BRDA:299,21,0,4
BRDA:299,21,1,3
BRDA:344,22,0,1
BRDA:344,22,1,11
BRDA:349,23,0,1
BRDA:349,23,1,10
BRDA:362,24,0,10
BRDA:362,24,1,8
BRDA:363,25,0,1
BRDA:363,25,1,9
BRDA:373,26,0,1
BRDA:373,26,1,8
BRF:52
BRH:45
end_of_record
TN:
SF:src/services/timeStatsService.ts
FN:72,(anonymous_1)
FN:125,(anonymous_2)
FN:139,(anonymous_3)
FN:146,(anonymous_4)
FN:204,(anonymous_5)
FN:211,(anonymous_6)
FN:224,(anonymous_7)
FN:225,(anonymous_8)
FN:232,(anonymous_9)
FN:288,(anonymous_10)
FN:289,(anonymous_11)
FN:294,(anonymous_12)
FN:295,(anonymous_13)
FN:300,(anonymous_14)
FN:301,(anonymous_15)
FN:320,(anonymous_16)
FN:377,(anonymous_17)
FN:379,(anonymous_18)
FN:380,(anonymous_19)
FN:388,(anonymous_20)
FN:395,(anonymous_21)
FN:454,(anonymous_22)
FN:455,(anonymous_23)
FN:461,(anonymous_24)
FNF:24
FNH:22
FNDA:5,(anonymous_1)
FNDA:4,(anonymous_2)
FNDA:2,(anonymous_3)
FNDA:2,(anonymous_4)
FNDA:2,(anonymous_5)
FNDA:1,(anonymous_6)
FNDA:1,(anonymous_7)
FNDA:0,(anonymous_8)
FNDA:2,(anonymous_9)
FNDA:1,(anonymous_10)
FNDA:0,(anonymous_11)
FNDA:2,(anonymous_12)
FNDA:1,(anonymous_13)
FNDA:2,(anonymous_14)
FNDA:1,(anonymous_15)
FNDA:1,(anonymous_16)
FNDA:2,(anonymous_17)
FNDA:2,(anonymous_18)
FNDA:1,(anonymous_19)
FNDA:2,(anonymous_20)
FNDA:4,(anonymous_21)
FNDA:1,(anonymous_22)
FNDA:1,(anonymous_23)
FNDA:1,(anonymous_24)
DA:1,1
DA:68,1
DA:73,5
DA:78,5
DA:79,1
DA:82,4
DA:83,4
DA:84,1
DA:88,4
DA:96,4
DA:97,4
DA:98,4
DA:99,4
DA:100,4
DA:102,4
DA:103,4
DA:104,4
DA:106,4
DA:107,2
DA:110,4
DA:111,3
DA:112,1
DA:113,1
DA:116,4
DA:117,4
DA:118,4
DA:119,0
DA:121,4
DA:125,4
DA:132,4
DA:139,2
DA:147,2
DA:152,2
DA:153,1
DA:156,1
DA:157,1
DA:158,0
DA:161,1
DA:169,1
DA:170,1
DA:171,1
DA:172,1
DA:173,1
DA:175,1
DA:176,2
DA:177,2
DA:179,2
DA:180,1
DA:181,1
DA:182,1
DA:186,2
DA:187,2
DA:188,2
DA:189,0
DA:191,2
DA:195,2
DA:196,2
DA:197,2
DA:198,1
DA:200,1
DA:204,2
DA:211,1
DA:218,1
DA:224,1
DA:225,0
DA:233,2
DA:244,2
DA:245,2
DA:246,2
DA:247,2
DA:248,2
DA:249,2
DA:250,2
DA:251,2
DA:252,2
DA:254,2
DA:255,2
DA:256,2
DA:258,2
DA:259,2
DA:260,2
DA:262,2
DA:263,2
DA:266,2
DA:267,2
DA:268,1
DA:270,1
DA:274,2
DA:275,2
DA:276,0
DA:278,2
DA:282,2
DA:283,2
DA:287,2
DA:288,1
DA:289,0
DA:293,2
DA:294,2
DA:295,1
DA:299,2
DA:300,2
DA:301,1
DA:303,2
DA:321,1
DA:322,1
DA:324,1
DA:343,1
DA:345,1
DA:346,1
DA:348,1
DA:349,2
DA:350,2
DA:351,2
DA:352,2
DA:353,2
DA:355,2
DA:356,1
DA:357,1
DA:358,1
DA:359,1
DA:368,2
DA:369,2
DA:370,2
DA:371,1
DA:375,1
DA:377,2
DA:378,1
DA:379,2
DA:380,1
DA:382,1
DA:388,2
DA:397,4
DA:402,4
DA:403,1
DA:407,3
DA:409,1
DA:410,2
DA:411,1
DA:413,1
DA:416,2
DA:427,2
DA:428,2
DA:430,2
DA:431,1
DA:434,1
DA:435,1
DA:436,0
DA:437,0
DA:439,1
DA:443,1
DA:444,1
DA:445,0
DA:446,0
DA:448,1
DA:452,2
DA:454,1
DA:455,1
DA:461,1
DA:471,1
LF:159
LH:149
BRDA:78,0,0,1
BRDA:78,0,1,4
BRDA:83,1,0,1
BRDA:83,1,1,3
BRDA:106,2,0,2
BRDA:106,2,1,2
BRDA:110,3,0,3
BRDA:110,3,1,1
BRDA:112,4,0,1
BRDA:112,4,1,0
BRDA:118,5,0,0
BRDA:118,5,1,4
BRDA:129,6,0,4
BRDA:129,6,1,0
BRDA:152,7,0,1
BRDA:152,7,1,1
BRDA:157,8,0,0
BRDA:157,8,1,1
BRDA:179,9,0,1
BRDA:179,9,1,1
BRDA:181,10,0,1
BRDA:181,10,1,0
BRDA:188,11,0,0
BRDA:188,11,1,2
BRDA:197,12,0,1
BRDA:197,12,1,1
BRDA:208,13,0,2
BRDA:208,13,1,0
BRDA:215,14,0,1
BRDA:215,14,1,0
BRDA:258,15,0,1
BRDA:258,15,1,1
BRDA:259,16,0,1
BRDA:259,16,1,1
BRDA:260,17,0,1
BRDA:260,17,1,1
BRDA:267,18,0,1
BRDA:267,18,1,1
BRDA:275,19,0,0
BRDA:275,19,1,2
BRDA:283,20,0,2
BRDA:283,20,1,2
BRDA:352,21,0,0
BRDA:352,21,1,2
BRDA:355,22,0,1
BRDA:355,22,1,1
BRDA:355,23,0,2
BRDA:355,23,1,1
BRDA:356,24,0,0
BRDA:356,24,1,1
BRDA:370,25,0,1
BRDA:370,25,1,1
BRDA:375,26,0,1
BRDA:375,26,1,0
BRDA:402,27,0,1
BRDA:402,27,1,3
BRDA:407,28,0,1
BRDA:407,28,1,2
BRDA:410,29,0,1
BRDA:410,29,1,1
BRDA:419,30,0,2
BRDA:419,30,1,1
BRDA:435,31,0,0
BRDA:435,31,1,1
BRDA:444,32,0,0
BRDA:444,32,1,1
BRF:66
BRH:52
end_of_record
TN:
SF:src/services/userSettingsService.ts
FN:22,toUserSettingsDTO
FN:51,(anonymous_2)
FN:69,(anonymous_3)
FN:94,(anonymous_4)
FN:140,(anonymous_5)
FN:152,(anonymous_6)
FN:169,(anonymous_7)
FNF:7
FNH:7
FNDA:11,toUserSettingsDTO
FNDA:10,(anonymous_2)
FNDA:2,(anonymous_3)
FNDA:3,(anonymous_4)
FNDA:1,(anonymous_5)
FNDA:1,(anonymous_6)
FNDA:1,(anonymous_7)
DA:1,1
DA:26,11
DA:47,1
DA:52,10
DA:56,10
DA:58,9
DA:63,9
DA:73,2
DA:74,2
DA:75,2
DA:76,2
DA:78,2
DA:83,2
DA:88,2
DA:99,3
DA:103,3
DA:105,1
DA:111,2
DA:112,2
DA:113,1
DA:123,2
DA:134,3
DA:141,1
DA:146,1
DA:156,1
DA:158,1
DA:163,1
DA:170,1
DA:175,1
DA:179,1
LF:30
LH:30
BRDA:30,0,0,11
BRDA:30,0,1,11
BRDA:32,1,0,11
BRDA:32,1,1,0
BRDA:35,2,0,11
BRDA:35,2,1,0
BRDA:36,3,0,11
BRDA:36,3,1,1
BRDA:37,4,0,10
BRDA:37,4,1,1
BRDA:40,5,0,3
BRDA:40,5,1,8
BRDA:56,6,0,1
BRDA:56,6,1,9
BRDA:74,7,0,1
BRDA:74,7,1,1
BRDA:75,8,0,0
BRDA:75,8,1,2
BRDA:76,9,0,1
BRDA:76,9,1,1
BRDA:103,10,0,1
BRDA:103,10,1,2
BRDA:112,11,0,1
BRDA:112,11,1,1
BRF:24
BRH:21
end_of_record
TN:
SF:src/services/gitlab/activityService.ts
FN:16,(anonymous_1)
FN:171,(anonymous_2)
FN:202,(anonymous_3)
FN:268,(anonymous_4)
FN:329,(anonymous_5)
FN:393,(anonymous_6)
FN:432,(anonymous_7)
FN:464,(anonymous_8)
FNF:8
FNH:0
FNDA:0,(anonymous_1)
FNDA:0,(anonymous_2)
FNDA:0,(anonymous_3)
FNDA:0,(anonymous_4)
FNDA:0,(anonymous_5)
FNDA:0,(anonymous_6)
FNDA:0,(anonymous_7)
FNDA:0,(anonymous_8)
DA:1,0
DA:3,0
DA:4,0
DA:10,0
DA:12,0
DA:17,0
DA:22,0
DA:23,0
DA:27,0
DA:28,0
DA:31,0
DA:34,0
DA:37,0
DA:39,0
DA:40,0
DA:44,0
DA:45,0
DA:46,0
DA:47,0
DA:49,0
DA:53,0
DA:56,0
DA:57,0
DA:61,0
DA:63,0
DA:64,0
DA:65,0
DA:66,0
DA:70,0
DA:76,0
DA:94,0
DA:98,0
DA:103,0
DA:104,0
DA:105,0
DA:110,0
DA:112,0
DA:113,0
DA:116,0
DA:117,0
DA:121,0
DA:123,0
DA:125,0
DA:126,0
DA:128,0
DA:129,0
DA:131,0
DA:132,0
DA:134,0
DA:137,0
DA:150,0
DA:154,0
DA:160,0
DA:165,0
DA:176,0
DA:178,0
DA:179,0
DA:182,0
DA:186,0
DA:188,0
DA:190,0
DA:193,0
DA:195,0
DA:222,0
DA:224,0
DA:228,0
DA:229,0
DA:230,0
DA:231,0
DA:234,0
DA:235,0
DA:236,0
DA:237,0
DA:240,0
DA:254,0
DA:273,0
DA:283,0
DA:284,0
DA:285,0
DA:286,0
DA:287,0
DA:289,0
DA:290,0
DA:292,0
DA:293,0
DA:296,0
DA:298,0
DA:299,0
DA:305,0
DA:306,0
DA:310,0
DA:311,0
DA:315,0
DA:334,0
DA:339,0
DA:340,0
DA:343,0
DA:344,0
DA:347,0
DA:348,0
DA:354,0
DA:355,0
DA:356,0
DA:357,0
DA:359,0
DA:361,0
DA:365,0
DA:379,0
DA:387,0
DA:397,0
DA:398,0
DA:400,0
DA:401,0
DA:402,0
DA:406,0
DA:407,0
DA:408,0
DA:411,0
DA:415,0
DA:420,0
DA:422,0
DA:426,0
DA:437,0
DA:442,0
DA:443,0
DA:446,0
DA:447,0
DA:450,0
DA:451,0
DA:452,0
DA:455,0
DA:471,0
DA:473,0
DA:475,0
DA:477,0
DA:479,0
DA:481,0
DA:483,0
DA:485,0
DA:487,0
DA:489,0
DA:491,0
DA:496,0
LF:143
LH:0
BRDA:22,0,0,0
BRDA:22,0,1,0
BRDA:31,1,0,0
BRDA:31,1,1,0
BRDA:31,1,2,0
BRDA:44,2,0,0
BRDA:44,2,1,0
BRDA:49,3,0,0
BRDA:49,3,1,0
BRDA:50,4,0,0
BRDA:50,4,1,0
BRDA:61,5,0,0
BRDA:61,5,1,0
BRDA:64,6,0,0
BRDA:64,6,1,0
BRDA:84,7,0,0
BRDA:84,7,1,0
BRDA:85,8,0,0
BRDA:85,8,1,0
BRDA:103,9,0,0
BRDA:103,9,1,0
BRDA:112,10,0,0
BRDA:112,10,1,0
BRDA:121,11,0,0
BRDA:121,11,1,0
BRDA:123,12,0,0
BRDA:123,12,1,0
BRDA:123,12,2,0
BRDA:123,12,3,0
BRDA:176,13,0,0
BRDA:176,13,1,0
BRDA:176,13,2,0
BRDA:176,13,3,0
BRDA:176,13,4,0
BRDA:176,13,5,0
BRDA:176,13,6,0
BRDA:176,13,7,0
BRDA:176,13,8,0
BRDA:176,13,9,0
BRDA:178,14,0,0
BRDA:178,14,1,0
BRDA:178,15,0,0
BRDA:178,15,1,0
BRDA:204,16,0,0
BRDA:220,17,0,0
BRDA:221,18,0,0
BRDA:228,19,0,0
BRDA:228,19,1,0
BRDA:228,20,0,0
BRDA:228,20,1,0
BRDA:230,21,0,0
BRDA:230,21,1,0
BRDA:231,22,0,0
BRDA:231,22,1,0
BRDA:234,23,0,0
BRDA:234,23,1,0
BRDA:235,24,0,0
BRDA:235,24,1,0
BRDA:236,25,0,0
BRDA:236,25,1,0
BRDA:237,26,0,0
BRDA:237,26,1,0
BRDA:290,27,0,0
BRDA:290,27,1,0
BRDA:292,28,0,0
BRDA:292,28,1,0
BRDA:296,29,0,0
BRDA:296,29,1,0
BRDA:296,29,2,0
BRDA:296,29,3,0
BRDA:296,29,4,0
BRDA:296,29,5,0
BRDA:296,29,6,0
BRDA:296,29,7,0
BRDA:296,29,8,0
BRDA:339,30,0,0
BRDA:339,30,1,0
BRDA:343,31,0,0
BRDA:343,31,1,0
BRDA:347,32,0,0
BRDA:347,32,1,0
BRDA:354,33,0,0
BRDA:354,33,1,0
BRDA:356,34,0,0
BRDA:356,34,1,0
BRDA:373,35,0,0
BRDA:373,35,1,0
BRDA:406,36,0,0
BRDA:406,36,1,0
BRDA:406,37,0,0
BRDA:406,37,1,0
BRDA:411,38,0,0
BRDA:411,38,1,0
BRDA:412,39,0,0
BRDA:412,39,1,0
BRDA:418,40,0,0
BRDA:418,40,1,0
BRDA:442,41,0,0
BRDA:442,41,1,0
BRDA:446,42,0,0
BRDA:446,42,1,0
BRDA:451,43,0,0
BRDA:451,43,1,0
BRDA:471,44,0,0
BRDA:471,44,1,0
BRDA:471,44,2,0
BRDA:471,44,3,0
BRDA:471,44,4,0
BRDA:471,44,5,0
BRDA:471,44,6,0
BRDA:471,44,7,0
BRDA:471,44,8,0
BRDA:471,44,9,0
BRDA:473,45,0,0
BRDA:473,45,1,0
BRF:115
BRH:0
end_of_record
TN:
SF:src/services/gitlab/index.ts
FN:1,(anonymous_0)
FN:1,(anonymous_1)
FN:2,(anonymous_2)
FN:2,(anonymous_3)
FN:3,(anonymous_4)
FN:3,(anonymous_5)
FN:4,(anonymous_6)
FN:4,(anonymous_7)
FNF:8
FNH:0
FNDA:0,(anonymous_0)
FNDA:0,(anonymous_1)
FNDA:0,(anonymous_2)
FNDA:0,(anonymous_3)
FNDA:0,(anonymous_4)
FNDA:0,(anonymous_5)
FNDA:0,(anonymous_6)
FNDA:0,(anonymous_7)
DA:1,0
DA:2,0
DA:3,0
DA:4,0
LF:4
LH:0
BRF:0
BRH:0
end_of_record
TN:
SF:src/services/gitlab/instanceService.ts
FN:10,(anonymous_1)
FN:37,(anonymous_2)
FN:58,(anonymous_3)
FN:75,(anonymous_4)
FN:110,(anonymous_5)
FN:150,(anonymous_6)
FN:173,(anonymous_7)
FN:188,(anonymous_8)
FNF:8
FNH:0
FNDA:0,(anonymous_1)
FNDA:0,(anonymous_2)
FNDA:0,(anonymous_3)
FNDA:0,(anonymous_4)
FNDA:0,(anonymous_5)
FNDA:0,(anonymous_6)
FNDA:0,(anonymous_7)
FNDA:0,(anonymous_8)
DA:1,0
DA:2,0
DA:3,0
DA:6,0
DA:11,0
DA:12,0
DA:31,0
DA:38,0
DA:59,0
DA:63,0
DA:65,0
DA:77,0
DA:81,0
DA:82,0
DA:86,0
DA:87,0
DA:88,0
DA:90,0
DA:100,0
DA:111,0
DA:112,0
DA:113,0
DA:116,0
DA:118,0
DA:119,0
DA:120,0
DA:123,0
DA:124,0
DA:126,0
DA:127,0
DA:130,0
DA:144,0
DA:151,0
DA:156,0
DA:157,0
DA:160,0
DA:161,0
DA:167,0
DA:174,0
DA:175,0
DA:177,0
DA:182,0
DA:189,0
DA:190,0
DA:191,0
DA:194,0
DA:196,0
DA:197,0
DA:198,0
DA:199,0
DA:204,0
DA:206,0
DA:214,0
LF:53
LH:0
BRDA:10,0,0,0
BRDA:11,1,0,0
BRDA:11,1,1,0
BRDA:63,2,0,0
BRDA:63,2,1,0
BRDA:68,3,0,0
BRDA:68,3,1,0
BRDA:81,4,0,0
BRDA:81,4,1,0
BRDA:87,5,0,0
BRDA:87,5,1,0
BRDA:112,6,0,0
BRDA:112,6,1,0
BRDA:118,7,0,0
BRDA:118,7,1,0
BRDA:119,8,0,0
BRDA:119,8,1,0
BRDA:120,9,0,0
BRDA:120,9,1,0
BRDA:123,10,0,0
BRDA:123,10,1,0
BRDA:126,11,0,0
BRDA:126,11,1,0
BRDA:156,12,0,0
BRDA:156,12,1,0
BRDA:160,13,0,0
BRDA:160,13,1,0
BRDA:190,14,0,0
BRDA:190,14,1,0
BRDA:197,15,0,0
BRDA:197,15,1,0
BRDA:208,16,0,0
BRDA:208,16,1,0
BRF:33
BRH:0
end_of_record
TN:
SF:src/services/gitlab/issueService.ts
FN:11,(anonymous_1)
FN:40,(anonymous_2)
FN:108,(anonymous_3)
FN:127,(anonymous_4)
FN:177,(anonymous_5)
FN:220,(anonymous_6)
FN:280,(anonymous_7)
FN:305,(anonymous_8)
FN:319,(anonymous_9)
FNF:9
FNH:0
FNDA:0,(anonymous_1)
FNDA:0,(anonymous_2)
FNDA:0,(anonymous_3)
FNDA:0,(anonymous_4)
FNDA:0,(anonymous_5)
FNDA:0,(anonymous_6)
FNDA:0,(anonymous_7)
FNDA:0,(anonymous_8)
FNDA:0,(anonymous_9)
DA:1,0
DA:3,0
DA:4,0
DA:7,0
DA:12,0
DA:45,0
DA:50,0
DA:51,0
DA:55,0
DA:56,0
DA:57,0
DA:61,0
DA:70,0
DA:71,0
DA:74,0
DA:78,0
DA:79,0
DA:83,0
DA:86,0
DA:87,0
DA:90,0
DA:102,0
DA:112,0
DA:117,0
DA:118,0
DA:121,0
DA:128,0
DA:136,0
DA:137,0
DA:140,0
DA:141,0
DA:144,0
DA:147,0
DA:151,0
DA:157,0
DA:159,0
DA:168,0
DA:178,0
DA:186,0
DA:187,0
DA:190,0
DA:191,0
DA:194,0
DA:197,0
DA:203,0
DA:205,0
DA:211,0
DA:226,0
DA:231,0
DA:232,0
DA:235,0
DA:240,0
DA:241,0
DA:245,0
DA:249,0
DA:250,0
DA:254,0
DA:255,0
DA:258,0
DA:259,0
DA:262,0
DA:274,0
DA:286,0
DA:291,0
DA:292,0
DA:296,0
DA:297,0
DA:299,0
DA:306,0
DA:308,0
DA:310,0
DA:312,0
DA:320,0
DA:322,0
DA:324,0
DA:329,0
LF:76
LH:0
BRDA:50,0,0,0
BRDA:50,0,1,0
BRDA:50,1,0,0
BRDA:50,1,1,0
BRDA:56,2,0,0
BRDA:56,2,1,0
BRDA:70,3,0,0
BRDA:70,3,1,0
BRDA:78,4,0,0
BRDA:78,4,1,0
BRDA:98,5,0,0
BRDA:98,5,1,0
BRDA:117,6,0,0
BRDA:117,6,1,0
BRDA:117,7,0,0
BRDA:117,7,1,0
BRDA:136,8,0,0
BRDA:136,8,1,0
BRDA:136,9,0,0
BRDA:136,9,1,0
BRDA:140,10,0,0
BRDA:140,10,1,0
BRDA:186,11,0,0
BRDA:186,11,1,0
BRDA:186,12,0,0
BRDA:186,12,1,0
BRDA:190,13,0,0
BRDA:190,13,1,0
BRDA:231,14,0,0
BRDA:231,14,1,0
BRDA:231,15,0,0
BRDA:231,15,1,0
BRDA:240,16,0,0
BRDA:240,16,1,0
BRDA:249,17,0,0
BRDA:249,17,1,0
BRDA:291,18,0,0
BRDA:291,18,1,0
BRDA:291,19,0,0
BRDA:291,19,1,0
BRDA:306,20,0,0
BRDA:306,20,1,0
BRDA:306,20,2,0
BRDA:320,21,0,0
BRDA:320,21,1,0
BRF:45
BRH:0
end_of_record
TN:
SF:src/services/gitlab/oauthService.ts
FN:31,(anonymous_1)
FN:79,(anonymous_2)
FN:99,(anonymous_3)
FN:140,(anonymous_4)
FN:196,(anonymous_5)
FN:230,(anonymous_6)
FN:294,(anonymous_7)
FN:317,(anonymous_8)
FN:329,(anonymous_9)
FNF:9
FNH:0
FNDA:0,(anonymous_1)
FNDA:0,(anonymous_2)
FNDA:0,(anonymous_3)
FNDA:0,(anonymous_4)
FNDA:0,(anonymous_5)
FNDA:0,(anonymous_6)
FNDA:0,(anonymous_7)
FNDA:0,(anonymous_8)
FNDA:0,(anonymous_9)
DA:1,0
DA:2,0
DA:3,0
DA:5,0
DA:6,0
DA:7,0
DA:8,0
DA:9,0
DA:13,0
DA:14,0
DA:15,0
DA:21,0
DA:27,0
DA:36,0
DA:37,0
DA:38,0
DA:41,0
DA:42,0
DA:46,0
DA:47,0
DA:50,0
DA:53,0
DA:54,0
DA:58,0
DA:60,0
DA:62,0
DA:70,0
DA:82,0
DA:83,0
DA:84,0
DA:87,0
DA:88,0
DA:89,0
DA:92,0
DA:93,0
DA:104,0
DA:105,0
DA:106,0
DA:109,0
DA:111,0
DA:112,0
DA:120,0
DA:128,0
DA:129,0
DA:133,0
DA:141,0
DA:146,0
DA:147,0
DA:150,0
DA:151,0
DA:154,0
DA:157,0
DA:158,0
DA:161,0
DA:163,0
DA:164,0
DA:171,0
DA:180,0
DA:182,0
DA:184,0
DA:185,0
DA:189,0
DA:197,0
DA:202,0
DA:203,0
DA:206,0
DA:209,0
DA:210,0
DA:213,0
DA:215,0
DA:216,0
DA:223,0
DA:236,0
DA:237,0
DA:238,0
DA:242,0
DA:243,0
DA:246,0
DA:252,0
DA:254,0
DA:270,0
DA:274,0
DA:288,0
DA:298,0
DA:318,0
DA:319,0
DA:320,0
DA:321,0
DA:330,0
DA:334,0
DA:335,0
DA:340,0
DA:343,0
DA:344,0
DA:345,0
DA:348,0
DA:352,0
LF:97
LH:0
BRDA:37,0,0,0
BRDA:37,0,1,0
BRDA:41,1,0,0
BRDA:41,1,1,0
BRDA:53,2,0,0
BRDA:53,2,1,0
BRDA:60,3,0,0
BRDA:60,3,1,0
BRDA:83,4,0,0
BRDA:83,4,1,0
BRDA:87,5,0,0
BRDA:87,5,1,0
BRDA:105,6,0,0
BRDA:105,6,1,0
BRDA:109,7,0,0
BRDA:109,7,1,0
BRDA:128,8,0,0
BRDA:128,8,1,0
BRDA:130,9,0,0
BRDA:130,9,1,0
BRDA:146,10,0,0
BRDA:146,10,1,0
BRDA:150,11,0,0
BRDA:150,11,1,0
BRDA:157,12,0,0
BRDA:157,12,1,0
BRDA:184,13,0,0
BRDA:184,13,1,0
BRDA:186,14,0,0
BRDA:186,14,1,0
BRDA:202,15,0,0
BRDA:202,15,1,0
BRDA:209,16,0,0
BRDA:209,16,1,0
BRDA:237,17,0,0
BRDA:237,17,1,0
BRDA:252,18,0,0
BRDA:252,18,1,0
BRDA:260,19,0,0
BRDA:260,19,1,0
BRDA:263,20,0,0
BRDA:263,20,1,0
BRDA:281,21,0,0
BRDA:281,21,1,0
BRDA:282,22,0,0
BRDA:282,22,1,0
BRDA:302,23,0,0
BRDA:302,23,1,0
BRDA:305,24,0,0
BRDA:305,24,1,0
BRDA:320,25,0,0
BRDA:320,25,1,0
BRDA:334,26,0,0
BRDA:334,26,1,0
BRDA:340,27,0,0
BRDA:340,27,1,0
BRDA:343,28,0,0
BRDA:343,28,1,0
BRDA:343,29,0,0
BRDA:343,29,1,0
BRF:60
BRH:0
end_of_record
TN:
SF:src/utils/response.ts
FN:28,(anonymous_0)
FN:39,(anonymous_1)
FN:54,(anonymous_2)
FN:74,(anonymous_3)
FNF:4
FNH:3
FNDA:9,(anonymous_0)
FNDA:2,(anonymous_1)
FNDA:19,(anonymous_2)
FNDA:0,(anonymous_3)
DA:2,5
DA:28,5
DA:33,9
DA:39,5
DA:46,2
DA:47,2
DA:54,5
DA:61,19
DA:74,5
DA:78,0
DA:79,0
DA:81,0
LF:12
LH:9
BRDA:31,0,0,8
BRDA:43,1,0,1
BRDA:58,2,0,1
BRDA:63,3,0,19
BRDA:63,3,1,2
BRDA:78,4,0,0
BRDA:78,4,1,0
BRDA:78,5,0,0
BRDA:78,5,1,0
BRF:9
BRH:5
end_of_record
TN:
SF:src/utils/sanitize.ts
FN:24,sanitizeHtml
FN:31,(anonymous_1)
FNF:2
FNH:0
FNDA:0,sanitizeHtml
FNDA:0,(anonymous_1)
DA:8,0
DA:16,0
DA:24,0
DA:26,0
DA:29,0
DA:31,0
DA:34,0
LF:7
LH:0
BRDA:31,0,0,0
BRDA:31,0,1,0
BRF:2
BRH:0
end_of_record
TN:
SF:src/utils/gitlab/apiClient.ts
FN:13,(anonymous_1)
FN:26,(anonymous_2)
FN:27,(anonymous_3)
FN:43,(anonymous_4)
FN:49,(anonymous_5)
FN:60,(anonymous_6)
FN:64,(anonymous_7)
FN:73,(anonymous_8)
FN:79,(anonymous_9)
FN:83,(anonymous_10)
FN:100,(anonymous_11)
FN:104,(anonymous_12)
FN:108,(anonymous_13)
FN:112,(anonymous_14)
FN:129,(anonymous_15)
FN:133,(anonymous_16)
FN:142,(anonymous_17)
FN:150,(anonymous_18)
FN:155,(anonymous_19)
FN:159,(anonymous_20)
FN:175,(anonymous_21)
FN:198,(anonymous_22)
FN:209,(anonymous_23)
FN:233,(anonymous_24)
FN:259,(anonymous_25)
FN:271,(anonymous_26)
FN:288,createGitLabClient
FNF:27
FNH:0
FNDA:0,(anonymous_1)
FNDA:0,(anonymous_2)
FNDA:0,(anonymous_3)
FNDA:0,(anonymous_4)
FNDA:0,(anonymous_5)
FNDA:0,(anonymous_6)
FNDA:0,(anonymous_7)
FNDA:0,(anonymous_8)
FNDA:0,(anonymous_9)
FNDA:0,(anonymous_10)
FNDA:0,(anonymous_11)
FNDA:0,(anonymous_12)
FNDA:0,(anonymous_13)
FNDA:0,(anonymous_14)
FNDA:0,(anonymous_15)
FNDA:0,(anonymous_16)
FNDA:0,(anonymous_17)
FNDA:0,(anonymous_18)
FNDA:0,(anonymous_19)
FNDA:0,(anonymous_20)
FNDA:0,(anonymous_21)
FNDA:0,(anonymous_22)
FNDA:0,(anonymous_23)
FNDA:0,(anonymous_24)
FNDA:0,(anonymous_25)
FNDA:0,(anonymous_26)
FNDA:0,createGitLabClient
DA:1,0
DA:9,0
DA:14,0
DA:15,0
DA:25,0
DA:26,0
DA:28,0
DA:29,0
DA:31,0
DA:32,0
DA:34,0
DA:35,0
DA:37,0
DA:44,0
DA:45,0
DA:50,0
DA:51,0
DA:52,0
DA:55,0
DA:56,0
DA:60,0
DA:65,0
DA:66,0
DA:69,0
DA:76,0
DA:79,0
DA:88,0
DA:89,0
DA:93,0
DA:94,0
DA:97,0
DA:100,0
DA:105,0
DA:108,0
DA:117,0
DA:118,0
DA:122,0
DA:123,0
DA:126,0
DA:129,0
DA:134,0
DA:135,0
DA:138,0
DA:143,0
DA:146,0
DA:151,0
DA:152,0
DA:155,0
DA:165,0
DA:166,0
DA:171,0
DA:185,0
DA:186,0
DA:187,0
DA:188,0
DA:190,0
DA:194,0
DA:199,0
DA:210,0
DA:211,0
DA:234,0
DA:235,0
DA:260,0
DA:261,0
DA:262,0
DA:264,0
DA:271,0
DA:288,0
DA:289,0
LF:69
LH:0
BRDA:28,0,0,0
BRDA:28,0,1,0
BRDA:31,1,0,0
BRDA:31,1,1,0
BRDA:34,2,0,0
BRDA:34,2,1,0
BRDA:51,3,0,0
BRDA:51,3,1,0
BRDA:77,4,0,0
BRDA:77,4,1,0
BRDA:90,5,0,0
BRDA:90,5,1,0
BRDA:93,6,0,0
BRDA:93,6,1,0
BRDA:106,7,0,0
BRDA:106,7,1,0
BRDA:119,8,0,0
BRDA:119,8,1,0
BRDA:122,9,0,0
BRDA:122,9,1,0
BRDA:142,10,0,0
BRDA:187,11,0,0
BRDA:187,11,1,0
BRDA:203,12,0,0
BRDA:203,12,1,0
BRDA:223,13,0,0
BRDA:223,13,1,0
BRDA:239,14,0,0
BRDA:239,14,1,0
BRDA:247,15,0,0
BRDA:247,15,1,0
BRDA:261,16,0,0
BRDA:261,16,1,0
BRDA:268,17,0,0
BRDA:268,17,1,0
BRDA:270,18,0,0
BRDA:270,18,1,0
BRDA:277,19,0,0
BRDA:277,19,1,0
BRF:39
BRH:0
end_of_record
TN:
SF:src/utils/gitlab/encryption.ts
FN:9,getEncryptionKey
FN:21,encrypt
FN:38,decrypt
FN:62,secureCompare
FNF:4
FNH:4
FNDA:13,getEncryptionKey
FNDA:8,encrypt
FNDA:5,decrypt
FNDA:4,secureCompare
DA:1,13
DA:3,13
DA:4,13
DA:10,13
DA:11,13
DA:12,1
DA:15,12
DA:21,13
DA:22,8
DA:23,7
DA:24,7
DA:26,7
DA:27,7
DA:29,7
DA:32,7
DA:38,13
DA:39,5
DA:40,5
DA:42,5
DA:43,2
DA:46,3
DA:47,3
DA:48,3
DA:50,3
DA:51,3
DA:53,3
DA:54,3
DA:56,3
DA:62,13
DA:63,4
DA:64,1
DA:66,3
LF:32
LH:32
BRDA:11,0,0,1
BRDA:11,0,1,12
BRDA:42,1,0,2
BRDA:42,1,1,3
BRDA:63,2,0,1
BRDA:63,2,1,3
BRF:6
BRH:6
end_of_record
TN:
SF:src/utils/gitlab/webhookVerifier.ts
FN:7,verifyWebhookSignature
FN:25,generateWebhookSecret
FN:32,parseEventType
FNF:3
FNH:3
FNDA:6,verifyWebhookSignature
FNDA:4,generateWebhookSecret
FNDA:11,parseEventType
DA:1,1
DA:7,1
DA:11,6
DA:12,3
DA:16,3
DA:25,1
DA:26,4
DA:32,1
DA:36,11
DA:38,1
DA:40,4
DA:42,3
DA:44,1
DA:46,2
LF:14
LH:14
BRDA:11,0,0,3
BRDA:11,0,1,3
BRDA:11,1,0,6
BRDA:11,1,1,4
BRDA:36,2,0,1
BRDA:36,2,1,4
BRDA:36,2,2,3
BRDA:36,2,3,1
BRDA:36,2,4,2
BRDA:40,3,0,3
BRDA:40,3,1,1
BRDA:42,4,0,2
BRDA:42,4,1,1
BRF:13
BRH:13
end_of_record
